[PREINITIALIZATION][CLIENT][INFO] Thank you to the Patreon supporters below and others who make CraftTweaker possible!
Genryu
Hooley
Belathus
NickT
Jordan Pineo
Zuniroa
Lucas
Pongo Sapiens
Spencer Gilbert
Peregrinus11
Jessie Sims
Jonathan McManus
Quaternary
Ncc1702
DreamThorn
embeddedt
Jellycraft
Ivy_
Phillip Swearingain
NerdyWhiteGuy
If you want to support the mod, checkout https://patreon.com/jaredlll08?s=crtmod

[PREINITIALIZATION][CLIENT][TRACE] Current loaders after merging: [[preinit]]
[PREINITIALIZATION][CLIENT][INFO] Loading scripts for loader with names [preinit]
[PREINITIALIZATION][CLIENT][TRACE] [preinit | SIDE_CLIENT]: Skipping file {[5000:crafttweaker]: content_machines.zs} as we are currently loading with a different loader
[PREINITIALIZATION][CLIENT][TRACE] [preinit | SIDE_CLIENT]: Skipping file {[1001:crafttweaker]: modular_machines.zs} as we are currently loading with a different loader
[PREINITIALIZATION][CLIENT][TRACE] [preinit | SIDE_CLIENT]: Skipping file {[1000:crafttweaker]: helper.zs} as we are currently loading with a different loader
[PREINITIALIZATION][CLIENT][TRACE] [preinit | SIDE_CLIENT]: Skipping file {[500:crafttweaker]: jei.zs} as we are currently loading with a different loader
[PREINITIALIZATION][CLIENT][TRACE] [preinit | SIDE_CLIENT]: Skipping file {[200:crafttweaker]: metalworks.zs} as we are currently loading with a different loader
[PREINITIALIZATION][CLIENT][TRACE] [preinit | SIDE_CLIENT]: Skipping file {[100:crafttweaker]: ore_processing.zs} as we are currently loading with a different loader
[PREINITIALIZATION][CLIENT][TRACE] [preinit | SIDE_CLIENT]: Skipping file {[99:crafttweaker]: ore_excavator.zs} as we are currently loading with a different loader
[PREINITIALIZATION][CLIENT][TRACE] [preinit | SIDE_CLIENT]: Skipping file {[10:contenttweaker]: content_items.zs} as we are currently loading with a different loader
[PREINITIALIZATION][CLIENT][TRACE] [preinit | SIDE_CLIENT]: Skipping file {[10:crafttweaker]: mystical_agriculture_fix.zs} as we are currently loading with a different loader
[PREINITIALIZATION][CLIENT][TRACE] [preinit | SIDE_CLIENT]: Skipping file {[10:crafttweaker]: prodigy_tech.zs} as we are currently loading with a different loader
[PREINITIALIZATION][CLIENT][TRACE] [preinit | SIDE_CLIENT]: Skipping file {[5:crafttweaker]: mob.zs} as we are currently loading with a different loader
[PREINITIALIZATION][CLIENT][TRACE] [preinit | SIDE_CLIENT]: Skipping file {[1:crafttweaker]: plant_growing.zs} as we are currently loading with a different loader
[PREINITIALIZATION][CLIENT][TRACE] [preinit | SIDE_CLIENT]: Skipping file {[0:crafttweaker]: actually_additions.zs} as we are currently loading with a different loader
[PREINITIALIZATION][CLIENT][TRACE] [preinit | SIDE_CLIENT]: Skipping file {[0:crafttweaker]: ae2.zs} as we are currently loading with a different loader
[PREINITIALIZATION][CLIENT][TRACE] [preinit | SIDE_CLIENT]: Skipping file {[0:crafttweaker]: aether.zs} as we are currently loading with a different loader
[PREINITIALIZATION][CLIENT][TRACE] [preinit | SIDE_CLIENT]: Skipping file {[0:crafttweaker]: agricraft.zs} as we are currently loading with a different loader
[PREINITIALIZATION][CLIENT][TRACE] [preinit | SIDE_CLIENT]: Skipping file {[0:crafttweaker]: alchemistry.zs} as we are currently loading with a different loader
[PREINITIALIZATION][CLIENT][TRACE] [preinit | SIDE_CLIENT]: Skipping file {[0:crafttweaker]: altar.zs} as we are currently loading with a different loader
[PREINITIALIZATION][CLIENT][TRACE] [preinit | SIDE_CLIENT]: Skipping file {[0:crafttweaker]: astral_sorcery.zs} as we are currently loading with a different loader
[PREINITIALIZATION][CLIENT][TRACE] [preinit | SIDE_CLIENT]: Skipping file {[0:crafttweaker]: atum.zs} as we are currently loading with a different loader
[PREINITIALIZATION][CLIENT][TRACE] [preinit | SIDE_CLIENT]: Skipping file {[0:crafttweaker]: avaritia.zs} as we are currently loading with a different loader
[PREINITIALIZATION][CLIENT][TRACE] [preinit | SIDE_CLIENT]: Skipping file {[0:crafttweaker]: beast_keeper.zs} as we are currently loading with a different loader
[PREINITIALIZATION][CLIENT][TRACE] [preinit | SIDE_CLIENT]: Skipping file {[0:crafttweaker]: bhc.zs} as we are currently loading with a different loader
[PREINITIALIZATION][CLIENT][TRACE] [preinit | SIDE_CLIENT]: Skipping file {[0:crafttweaker]: biolab.zs} as we are currently loading with a different loader
[PREINITIALIZATION][CLIENT][TRACE] [preinit | SIDE_CLIENT]: Skipping file {[0:crafttweaker]: blood_magic.zs} as we are currently loading with a different loader
[PREINITIALIZATION][CLIENT][TRACE] [preinit | SIDE_CLIENT]: Skipping file {[0:crafttweaker]: bonsai.zs} as we are currently loading with a different loader
[PREINITIALIZATION][CLIENT][TRACE] [preinit | SIDE_CLIENT]: Skipping file {[0:crafttweaker]: bop.zs} as we are currently loading with a different loader
[PREINITIALIZATION][CLIENT][TRACE] [preinit | SIDE_CLIENT]: Skipping file {[0:crafttweaker]: botania.zs} as we are currently loading with a different loader
[PREINITIALIZATION][CLIENT][TRACE] [preinit | SIDE_CLIENT]: Skipping file {[0:crafttweaker]: botania_tooltips.zs} as we are currently loading with a different loader
[PREINITIALIZATION][CLIENT][TRACE] [preinit | SIDE_CLIENT]: Skipping file {[0:crafttweaker]: bug_hill.zs} as we are currently loading with a different loader
[PREINITIALIZATION][CLIENT][TRACE] [preinit | SIDE_CLIENT]: Skipping file {[0:crafttweaker]: building.zs} as we are currently loading with a different loader
[PREINITIALIZATION][CLIENT][TRACE] [preinit | SIDE_CLIENT]: Skipping file {[0:crafttweaker]: carmine_reactor.zs} as we are currently loading with a different loader
[PREINITIALIZATION][CLIENT][TRACE] [preinit | SIDE_CLIENT]: Skipping file {[0:crafttweaker]: chem_lines.zs} as we are currently loading with a different loader
[PREINITIALIZATION][CLIENT][TRACE] [preinit | SIDE_CLIENT]: Skipping file {[0:crafttweaker]: chem_mana.zs} as we are currently loading with a different loader
[PREINITIALIZATION][CLIENT][TRACE] [preinit | SIDE_CLIENT]: Skipping file {[0:crafttweaker]: chest_loot.zs} as we are currently loading with a different loader
[PREINITIALIZATION][CLIENT][TRACE] [preinit | SIDE_CLIENT]: Skipping file {[0:crafttweaker]: component_conduit.zs} as we are currently loading with a different loader
[PREINITIALIZATION][CLIENT][TRACE] [preinit | SIDE_CLIENT]: Skipping file {[0:crafttweaker]: components.zs} as we are currently loading with a different loader
[PREINITIALIZATION][CLIENT][TRACE] [preinit | SIDE_CLIENT]: Skipping file {[0:alchemistry]: content_alchemistry.zs} as we are currently loading with a different loader
[PREINITIALIZATION][CLIENT][TRACE] [preinit | SIDE_CLIENT]: Skipping file {[0:avaritiaitem|reloadable]: content_avaritia.zs} as we are currently loading with a different loader
[PREINITIALIZATION][CLIENT][TRACE] [preinit | SIDE_CLIENT]: Skipping file {[0:mekatweaker]: content_mekanism.zs} as we are currently loading with a different loader
[PREINITIALIZATION][CLIENT][TRACE] [preinit | SIDE_CLIENT]: Skipping file {[0:contenttweaker]: content_premekanism.zs} as we are currently loading with a different loader
[PREINITIALIZATION][CLIENT][TRACE] [preinit | SIDE_CLIENT]: Skipping file {[0:crafttweaker]: content_recipes.zs} as we are currently loading with a different loader
[PREINITIALIZATION][CLIENT][TRACE] [preinit | SIDE_CLIENT]: Skipping file {[0:contenttweaker]: content_roots.zs} as we are currently loading with a different loader
[PREINITIALIZATION][CLIENT][TRACE] [preinit | SIDE_CLIENT]: Skipping file {[0:crafttweaker]: dank_null.zs} as we are currently loading with a different loader
[PREINITIALIZATION][CLIENT][TRACE] [preinit | SIDE_CLIENT]: Skipping file {[0:crafttweaker]: dark_utilities.zs} as we are currently loading with a different loader
[PREINITIALIZATION][CLIENT][TRACE] [preinit | SIDE_CLIENT]: Skipping file {[0:crafttweaker]: deepmob.zs} as we are currently loading with a different loader
[PREINITIALIZATION][CLIENT][TRACE] [preinit | SIDE_CLIENT]: Skipping file {[0:crafttweaker]: donut.zs} as we are currently loading with a different loader
[PREINITIALIZATION][CLIENT][TRACE] [preinit | SIDE_CLIENT]: Skipping file {[0:crafttweaker]: draconic_evolution.zs} as we are currently loading with a different loader
[PREINITIALIZATION][CLIENT][TRACE] [preinit | SIDE_CLIENT]: Skipping file {[0:crafttweaker]: drawers.zs} as we are currently loading with a different loader
[PREINITIALIZATION][CLIENT][TRACE] [preinit | SIDE_CLIENT]: Skipping file {[0:crafttweaker]: early_game_alchemy.zs} as we are currently loading with a different loader
[PREINITIALIZATION][CLIENT][TRACE] [preinit | SIDE_CLIENT]: Skipping file {[0:crafttweaker]: early_game_fixes.zs} as we are currently loading with a different loader
[PREINITIALIZATION][CLIENT][TRACE] [preinit | SIDE_CLIENT]: Skipping file {[0:crafttweaker]: elemental_essence.zs} as we are currently loading with a different loader
[PREINITIALIZATION][CLIENT][TRACE] [preinit | SIDE_CLIENT]: Skipping file {[0:crafttweaker]: enchantments.zs} as we are currently loading with a different loader
[PREINITIALIZATION][CLIENT][TRACE] [preinit | SIDE_CLIENT]: Skipping file {[0:crafttweaker]: enderchest.zs} as we are currently loading with a different loader
[PREINITIALIZATION][CLIENT][TRACE] [preinit | SIDE_CLIENT]: Skipping file {[0:crafttweaker]: enderio.zs} as we are currently loading with a different loader
[PREINITIALIZATION][CLIENT][TRACE] [preinit | SIDE_CLIENT]: Skipping file {[0:crafttweaker]: endgame.zs} as we are currently loading with a different loader
[PREINITIALIZATION][CLIENT][TRACE] [preinit | SIDE_CLIENT]: Skipping file {[0:crafttweaker]: endgame_creatives.zs} as we are currently loading with a different loader
[PREINITIALIZATION][CLIENT][TRACE] [preinit | SIDE_CLIENT]: Skipping file {[0:crafttweaker]: endgame_lines.zs} as we are currently loading with a different loader
[PREINITIALIZATION][CLIENT][TRACE] [preinit | SIDE_CLIENT]: Skipping file {[0:crafttweaker]: erebus.zs} as we are currently loading with a different loader
[PREINITIALIZATION][CLIENT][TRACE] [preinit | SIDE_CLIENT]: Skipping file {[0:crafttweaker]: ex_nihilo.zs} as we are currently loading with a different loader
[PREINITIALIZATION][CLIENT][TRACE] [preinit | SIDE_CLIENT]: Skipping file {[0:crafttweaker]: extended_crafting.zs} as we are currently loading with a different loader
[PREINITIALIZATION][CLIENT][TRACE] [preinit | SIDE_CLIENT]: Skipping file {[0:crafttweaker]: extra utilities.zs} as we are currently loading with a different loader
[PREINITIALIZATION][CLIENT][TRACE] [preinit | SIDE_CLIENT]: Skipping file {[0:crafttweaker]: extreme_reactors.zs} as we are currently loading with a different loader
[PREINITIALIZATION][CLIENT][TRACE] [preinit | SIDE_CLIENT]: Skipping file {[0:crafttweaker]: fishing.zs} as we are currently loading with a different loader
[PREINITIALIZATION][CLIENT][TRACE] [preinit | SIDE_CLIENT]: Skipping file {[0:crafttweaker]: fluid_lines.zs} as we are currently loading with a different loader
[PREINITIALIZATION][CLIENT][TRACE] [preinit | SIDE_CLIENT]: Skipping file {[0:crafttweaker|reloadable]: fluid_mixing.zs} as we are currently loading with a different loader
[PREINITIALIZATION][CLIENT][TRACE] [preinit | SIDE_CLIENT]: Skipping file {[0:crafttweaker]: gas_column.zs} as we are currently loading with a different loader
[PREINITIALIZATION][CLIENT][TRACE] [preinit | SIDE_CLIENT]: Skipping file {[0:crafttweaker]: gemworks.zs} as we are currently loading with a different loader
[PREINITIALIZATION][CLIENT][TRACE] [preinit | SIDE_CLIENT]: Skipping file {[0:crafttweaker]: hydroponic.zs} as we are currently loading with a different loader
[PREINITIALIZATION][CLIENT][TRACE] [preinit | SIDE_CLIENT]: Skipping file {[0:crafttweaker]: immersive engineering.zs} as we are currently loading with a different loader
[PREINITIALIZATION][CLIENT][TRACE] [preinit | SIDE_CLIENT]: Skipping file {[0:crafttweaker]: industrial_foregoing.zs} as we are currently loading with a different loader
[PREINITIALIZATION][CLIENT][TRACE] [preinit | SIDE_CLIENT]: Skipping file {[0:crafttweaker]: integrated_dynamics.zs} as we are currently loading with a different loader
[PREINITIALIZATION][CLIENT][TRACE] [preinit | SIDE_CLIENT]: Skipping file {[0:crafttweaker]: jetpack.zs} as we are currently loading with a different loader
[PREINITIALIZATION][CLIENT][TRACE] [preinit | SIDE_CLIENT]: Skipping file {[0:crafttweaker]: living2.zs} as we are currently loading with a different loader
[PREINITIALIZATION][CLIENT][TRACE] [preinit | SIDE_CLIENT]: Skipping file {[0:crafttweaker]: living_sorter.zs} as we are currently loading with a different loader
[PREINITIALIZATION][CLIENT][TRACE] [preinit | SIDE_CLIENT]: Skipping file {[0:crafttweaker]: machine_frames.zs} as we are currently loading with a different loader
[PREINITIALIZATION][CLIENT][TRACE] [preinit | SIDE_CLIENT]: Skipping file {[0:crafttweaker]: mana_bifuser.zs} as we are currently loading with a different loader
[PREINITIALIZATION][CLIENT][TRACE] [preinit | SIDE_CLIENT]: Skipping file {[0:crafttweaker]: mb_tooltips.zs} as we are currently loading with a different loader
[PREINITIALIZATION][CLIENT][TRACE] [preinit | SIDE_CLIENT]: Skipping file {[0:crafttweaker]: mech_recipes.zs} as we are currently loading with a different loader
[PREINITIALIZATION][CLIENT][TRACE] [preinit | SIDE_CLIENT]: Skipping file {[0:crafttweaker]: mekanism.zs} as we are currently loading with a different loader
[PREINITIALIZATION][CLIENT][TRACE] [preinit | SIDE_CLIENT]: Skipping file {[0:crafttweaker]: minecraft.zs} as we are currently loading with a different loader
[PREINITIALIZATION][CLIENT][TRACE] [preinit | SIDE_CLIENT]: Skipping file {[0:crafttweaker]: mob_grinding_utils.zs} as we are currently loading with a different loader
[PREINITIALIZATION][CLIENT][TRACE] [preinit | SIDE_CLIENT]: Skipping file {[0:crafttweaker]: mob_vials.zs} as we are currently loading with a different loader
[PREINITIALIZATION][CLIENT][TRACE] [preinit | SIDE_CLIENT]: Skipping file {[0:crafttweaker]: modular_controller.zs} as we are currently loading with a different loader
[PREINITIALIZATION][CLIENT][TRACE] [preinit | SIDE_CLIENT]: Skipping file {[0:crafttweaker]: mystical_agriculture_essences.zs} as we are currently loading with a different loader
[PREINITIALIZATION][CLIENT][TRACE] [preinit | SIDE_CLIENT]: Skipping file {[0:crafttweaker]: mystical_agriculture_multi.zs} as we are currently loading with a different loader
[PREINITIALIZATION][CLIENT][TRACE] [preinit | SIDE_CLIENT]: Skipping file {[0:crafttweaker]: mystical_agriculture_seed_growing.zs} as we are currently loading with a different loader
[PREINITIALIZATION][CLIENT][TRACE] [preinit | SIDE_CLIENT]: Skipping file {[0:crafttweaker]: mystical_agriculture_seeds.zs} as we are currently loading with a different loader
[PREINITIALIZATION][CLIENT][TRACE] [preinit | SIDE_CLIENT]: Skipping file {[0:crafttweaker]: natura.zs} as we are currently loading with a different loader
[PREINITIALIZATION][CLIENT][TRACE] [preinit | SIDE_CLIENT]: Skipping file {[0:crafttweaker]: openblocks.zs} as we are currently loading with a different loader
[PREINITIALIZATION][CLIENT][TRACE] [preinit | SIDE_CLIENT]: Skipping file {[0:crafttweaker]: ore_dicts.zs} as we are currently loading with a different loader
[PREINITIALIZATION][CLIENT][TRACE] [preinit | SIDE_CLIENT]: Skipping file {[0:crafttweaker]: ore_gen_botania.zs} as we are currently loading with a different loader
[PREINITIALIZATION][CLIENT][TRACE] [preinit | SIDE_CLIENT]: Skipping file {[0:crafttweaker]: ore_gen_prodigy.zs} as we are currently loading with a different loader
[PREINITIALIZATION][CLIENT][TRACE] [preinit | SIDE_CLIENT]: Skipping file {[0:crafttweaker]: ore_processing_dust.zs} as we are currently loading with a different loader
[PREINITIALIZATION][CLIENT][TRACE] [preinit | SIDE_CLIENT]: Skipping file {[0:crafttweaker]: ore_processing_gems.zs} as we are currently loading with a different loader
[PREINITIALIZATION][CLIENT][TRACE] [preinit | SIDE_CLIENT]: Skipping file {[0:crafttweaker]: ore_processing_mekfix.zs} as we are currently loading with a different loader
[PREINITIALIZATION][CLIENT][TRACE] [preinit | SIDE_CLIENT]: Skipping file {[0:crafttweaker]: ore_processing_metals.zs} as we are currently loading with a different loader
[PREINITIALIZATION][CLIENT][TRACE] [preinit | SIDE_CLIENT]: Skipping file {[0:crafttweaker]: ore_processing_ore_meat.zs} as we are currently loading with a different loader
[PREINITIALIZATION][CLIENT][TRACE] [preinit | SIDE_CLIENT]: Skipping file {[0:crafttweaker]: pams harvest craft.zs} as we are currently loading with a different loader
[PREINITIALIZATION][CLIENT][TRACE] [preinit | SIDE_CLIENT]: Skipping file {[0:crafttweaker]: parallel_world_exploration.zs} as we are currently loading with a different loader
[PREINITIALIZATION][CLIENT][TRACE] [preinit | SIDE_CLIENT]: Skipping file {[0:crafttweaker]: plant_growing_mushroom.zs} as we are currently loading with a different loader
[PREINITIALIZATION][CLIENT][TRACE] [preinit | SIDE_CLIENT]: Skipping file {[0:crafttweaker]: plant_growing_trees.zs} as we are currently loading with a different loader
[PREINITIALIZATION][CLIENT][TRACE] [preinit | SIDE_CLIENT]: Skipping file {[0:crafttweaker]: potions.zs} as we are currently loading with a different loader
[PREINITIALIZATION][CLIENT][TRACE] [preinit | SIDE_CLIENT]: Skipping file {[0:crafttweaker]: projectE.zs} as we are currently loading with a different loader
[PREINITIALIZATION][CLIENT][TRACE] [preinit | SIDE_CLIENT]: Skipping file {[0:crafttweaker]: projectRed.zs} as we are currently loading with a different loader
[PREINITIALIZATION][CLIENT][TRACE] [preinit | SIDE_CLIENT]: Skipping file {[0:crafttweaker]: quark.zs} as we are currently loading with a different loader
[PREINITIALIZATION][CLIENT][TRACE] [preinit | SIDE_CLIENT]: Skipping file {[0:crafttweaker]: renaming.zs} as we are currently loading with a different loader
[PREINITIALIZATION][CLIENT][TRACE] [preinit | SIDE_CLIENT]: Skipping file {[0:crafttweaker]: research.zs} as we are currently loading with a different loader
[PREINITIALIZATION][CLIENT][TRACE] [preinit | SIDE_CLIENT]: Skipping file {[0:crafttweaker]: roots.zs} as we are currently loading with a different loader
[PREINITIALIZATION][CLIENT][TRACE] [preinit | SIDE_CLIENT]: Skipping file {[0:crafttweaker]: satellite.zs} as we are currently loading with a different loader
[PREINITIALIZATION][CLIENT][TRACE] [preinit | SIDE_CLIENT]: Skipping file {[0:crafttweaker]: singularity.zs} as we are currently loading with a different loader
[PREINITIALIZATION][CLIENT][TRACE] [preinit | SIDE_CLIENT]: Skipping file {[0:crafttweaker]: snad.zs} as we are currently loading with a different loader
[PREINITIALIZATION][CLIENT][TRACE] [preinit | SIDE_CLIENT]: Skipping file {[0:crafttweaker]: solar.zs} as we are currently loading with a different loader
[PREINITIALIZATION][CLIENT][TRACE] [preinit | SIDE_CLIENT]: Skipping file {[0:crafttweaker]: space_assembler.zs} as we are currently loading with a different loader
[PREINITIALIZATION][CLIENT][TRACE] [preinit | SIDE_CLIENT]: Skipping file {[0:crafttweaker]: stoneworks.zs} as we are currently loading with a different loader
[PREINITIALIZATION][CLIENT][TRACE] [preinit | SIDE_CLIENT]: Skipping file {[0:crafttweaker]: super_mixer.zs} as we are currently loading with a different loader
[PREINITIALIZATION][CLIENT][TRACE] [preinit | SIDE_CLIENT]: Skipping file {[0:crafttweaker]: t1_alchemy.zs} as we are currently loading with a different loader
[PREINITIALIZATION][CLIENT][TRACE] [preinit | SIDE_CLIENT]: Skipping file {[0:crafttweaker]: t2_alchemy.zs} as we are currently loading with a different loader
[PREINITIALIZATION][CLIENT][TRACE] [preinit | SIDE_CLIENT]: Skipping file {[0:crafttweaker]: taiga.zs} as we are currently loading with a different loader
[PREINITIALIZATION][CLIENT][TRACE] [preinit | SIDE_CLIENT]: Skipping file {[0:crafttweaker]: thermal.zs} as we are currently loading with a different loader
[PREINITIALIZATION][CLIENT][TRACE] [preinit | SIDE_CLIENT]: Skipping file {[0:crafttweaker]: thermal_fuels.zs} as we are currently loading with a different loader
[PREINITIALIZATION][CLIENT][TRACE] [preinit | SIDE_CLIENT]: Skipping file {[0:crafttweaker]: tinker construct.zs} as we are currently loading with a different loader
[PREINITIALIZATION][CLIENT][TRACE] [preinit | SIDE_CLIENT]: Skipping file {[0:crafttweaker]: tinker_fuel.zs} as we are currently loading with a different loader
[PREINITIALIZATION][CLIENT][TRACE] [preinit | SIDE_CLIENT]: Skipping file {[0:contenttweaker]: tinker_materials.zs} as we are currently loading with a different loader
[PREINITIALIZATION][CLIENT][TRACE] [preinit | SIDE_CLIENT]: Skipping file {[0:crafttweaker]: tools.zs} as we are currently loading with a different loader
[PREINITIALIZATION][CLIENT][TRACE] [preinit | SIDE_CLIENT]: Skipping file {[0:crafttweaker]: torcherino.zs} as we are currently loading with a different loader
[PREINITIALIZATION][CLIENT][TRACE] [preinit | SIDE_CLIENT]: Skipping file {[0:crafttweaker]: twilight.zs} as we are currently loading with a different loader
[PREINITIALIZATION][CLIENT][TRACE] [preinit | SIDE_CLIENT]: Skipping file {[0:crafttweaker]: wood_infuser.zs} as we are currently loading with a different loader
[PREINITIALIZATION][CLIENT][TRACE] [preinit | SIDE_CLIENT]: Skipping file {[0:crafttweaker]: worm_pit.zs} as we are currently loading with a different loader
[PREINITIALIZATION][CLIENT][TRACE] [preinit | SIDE_CLIENT]: Skipping file {[0:crafttweaker]: xnet.zs} as we are currently loading with a different loader
[PREINITIALIZATION][CLIENT][TRACE] Completed script loading in: 20ms
[PREINITIALIZATION][CLIENT][TRACE] Current loaders after merging: [[preinit], [alchemistry]]
[PREINITIALIZATION][CLIENT][INFO] Loading scripts for loader with names [alchemistry]
[PREINITIALIZATION][CLIENT][TRACE] [alchemistry | SIDE_CLIENT]: Skipping file {[5000:crafttweaker]: content_machines.zs} as we are currently loading with a different loader
[PREINITIALIZATION][CLIENT][TRACE] [alchemistry | SIDE_CLIENT]: Skipping file {[1001:crafttweaker]: modular_machines.zs} as we are currently loading with a different loader
[PREINITIALIZATION][CLIENT][TRACE] [alchemistry | SIDE_CLIENT]: Skipping file {[1000:crafttweaker]: helper.zs} as we are currently loading with a different loader
[PREINITIALIZATION][CLIENT][TRACE] [alchemistry | SIDE_CLIENT]: Skipping file {[500:crafttweaker]: jei.zs} as we are currently loading with a different loader
[PREINITIALIZATION][CLIENT][TRACE] [alchemistry | SIDE_CLIENT]: Skipping file {[200:crafttweaker]: metalworks.zs} as we are currently loading with a different loader
[PREINITIALIZATION][CLIENT][TRACE] [alchemistry | SIDE_CLIENT]: Skipping file {[100:crafttweaker]: ore_processing.zs} as we are currently loading with a different loader
[PREINITIALIZATION][CLIENT][TRACE] [alchemistry | SIDE_CLIENT]: Skipping file {[99:crafttweaker]: ore_excavator.zs} as we are currently loading with a different loader
[PREINITIALIZATION][CLIENT][TRACE] [alchemistry | SIDE_CLIENT]: Skipping file {[10:contenttweaker]: content_items.zs} as we are currently loading with a different loader
[PREINITIALIZATION][CLIENT][TRACE] [alchemistry | SIDE_CLIENT]: Skipping file {[10:crafttweaker]: mystical_agriculture_fix.zs} as we are currently loading with a different loader
[PREINITIALIZATION][CLIENT][TRACE] [alchemistry | SIDE_CLIENT]: Skipping file {[10:crafttweaker]: prodigy_tech.zs} as we are currently loading with a different loader
[PREINITIALIZATION][CLIENT][TRACE] [alchemistry | SIDE_CLIENT]: Skipping file {[5:crafttweaker]: mob.zs} as we are currently loading with a different loader
[PREINITIALIZATION][CLIENT][TRACE] [alchemistry | SIDE_CLIENT]: Skipping file {[1:crafttweaker]: plant_growing.zs} as we are currently loading with a different loader
[PREINITIALIZATION][CLIENT][TRACE] [alchemistry | SIDE_CLIENT]: Skipping file {[0:crafttweaker]: actually_additions.zs} as we are currently loading with a different loader
[PREINITIALIZATION][CLIENT][TRACE] [alchemistry | SIDE_CLIENT]: Skipping file {[0:crafttweaker]: ae2.zs} as we are currently loading with a different loader
[PREINITIALIZATION][CLIENT][TRACE] [alchemistry | SIDE_CLIENT]: Skipping file {[0:crafttweaker]: aether.zs} as we are currently loading with a different loader
[PREINITIALIZATION][CLIENT][TRACE] [alchemistry | SIDE_CLIENT]: Skipping file {[0:crafttweaker]: agricraft.zs} as we are currently loading with a different loader
[PREINITIALIZATION][CLIENT][TRACE] [alchemistry | SIDE_CLIENT]: Skipping file {[0:crafttweaker]: alchemistry.zs} as we are currently loading with a different loader
[PREINITIALIZATION][CLIENT][TRACE] [alchemistry | SIDE_CLIENT]: Skipping file {[0:crafttweaker]: altar.zs} as we are currently loading with a different loader
[PREINITIALIZATION][CLIENT][TRACE] [alchemistry | SIDE_CLIENT]: Skipping file {[0:crafttweaker]: astral_sorcery.zs} as we are currently loading with a different loader
[PREINITIALIZATION][CLIENT][TRACE] [alchemistry | SIDE_CLIENT]: Skipping file {[0:crafttweaker]: atum.zs} as we are currently loading with a different loader
[PREINITIALIZATION][CLIENT][TRACE] [alchemistry | SIDE_CLIENT]: Skipping file {[0:crafttweaker]: avaritia.zs} as we are currently loading with a different loader
[PREINITIALIZATION][CLIENT][TRACE] [alchemistry | SIDE_CLIENT]: Skipping file {[0:crafttweaker]: beast_keeper.zs} as we are currently loading with a different loader
[PREINITIALIZATION][CLIENT][TRACE] [alchemistry | SIDE_CLIENT]: Skipping file {[0:crafttweaker]: bhc.zs} as we are currently loading with a different loader
[PREINITIALIZATION][CLIENT][TRACE] [alchemistry | SIDE_CLIENT]: Skipping file {[0:crafttweaker]: biolab.zs} as we are currently loading with a different loader
[PREINITIALIZATION][CLIENT][TRACE] [alchemistry | SIDE_CLIENT]: Skipping file {[0:crafttweaker]: blood_magic.zs} as we are currently loading with a different loader
[PREINITIALIZATION][CLIENT][TRACE] [alchemistry | SIDE_CLIENT]: Skipping file {[0:crafttweaker]: bonsai.zs} as we are currently loading with a different loader
[PREINITIALIZATION][CLIENT][TRACE] [alchemistry | SIDE_CLIENT]: Skipping file {[0:crafttweaker]: bop.zs} as we are currently loading with a different loader
[PREINITIALIZATION][CLIENT][TRACE] [alchemistry | SIDE_CLIENT]: Skipping file {[0:crafttweaker]: botania.zs} as we are currently loading with a different loader
[PREINITIALIZATION][CLIENT][TRACE] [alchemistry | SIDE_CLIENT]: Skipping file {[0:crafttweaker]: botania_tooltips.zs} as we are currently loading with a different loader
[PREINITIALIZATION][CLIENT][TRACE] [alchemistry | SIDE_CLIENT]: Skipping file {[0:crafttweaker]: bug_hill.zs} as we are currently loading with a different loader
[PREINITIALIZATION][CLIENT][TRACE] [alchemistry | SIDE_CLIENT]: Skipping file {[0:crafttweaker]: building.zs} as we are currently loading with a different loader
[PREINITIALIZATION][CLIENT][TRACE] [alchemistry | SIDE_CLIENT]: Skipping file {[0:crafttweaker]: carmine_reactor.zs} as we are currently loading with a different loader
[PREINITIALIZATION][CLIENT][TRACE] [alchemistry | SIDE_CLIENT]: Skipping file {[0:crafttweaker]: chem_lines.zs} as we are currently loading with a different loader
[PREINITIALIZATION][CLIENT][TRACE] [alchemistry | SIDE_CLIENT]: Skipping file {[0:crafttweaker]: chem_mana.zs} as we are currently loading with a different loader
[PREINITIALIZATION][CLIENT][TRACE] [alchemistry | SIDE_CLIENT]: Skipping file {[0:crafttweaker]: chest_loot.zs} as we are currently loading with a different loader
[PREINITIALIZATION][CLIENT][TRACE] [alchemistry | SIDE_CLIENT]: Skipping file {[0:crafttweaker]: component_conduit.zs} as we are currently loading with a different loader
[PREINITIALIZATION][CLIENT][TRACE] [alchemistry | SIDE_CLIENT]: Skipping file {[0:crafttweaker]: components.zs} as we are currently loading with a different loader
[PREINITIALIZATION][CLIENT][TRACE] [alchemistry | SIDE_CLIENT]: Loading Script: {[0:alchemistry]: content_alchemistry.zs}
[PREINITIALIZATION][CLIENT][INFO] Added new chemical element [250,bouncium,Bn]
[PREINITIALIZATION][CLIENT][INFO] Added new chemical element [500,transendium,Trs]
[PREINITIALIZATION][CLIENT][INFO] Added new chemical element [1500,galaxium,Glx]
[PREINITIALIZATION][CLIENT][INFO] Added new chemical compound [fluorite]
[PREINITIALIZATION][CLIENT][INFO] Added new chemical compound [sodium_hydroxide]
[PREINITIALIZATION][CLIENT][INFO] Added new chemical compound [oganesson_tetratennessine]
[PREINITIALIZATION][CLIENT][TRACE] [alchemistry | SIDE_CLIENT]: Skipping file {[0:avaritiaitem|reloadable]: content_avaritia.zs} as we are currently loading with a different loader
[PREINITIALIZATION][CLIENT][TRACE] [alchemistry | SIDE_CLIENT]: Skipping file {[0:mekatweaker]: content_mekanism.zs} as we are currently loading with a different loader
[PREINITIALIZATION][CLIENT][TRACE] [alchemistry | SIDE_CLIENT]: Skipping file {[0:contenttweaker]: content_premekanism.zs} as we are currently loading with a different loader
[PREINITIALIZATION][CLIENT][TRACE] [alchemistry | SIDE_CLIENT]: Skipping file {[0:crafttweaker]: content_recipes.zs} as we are currently loading with a different loader
[PREINITIALIZATION][CLIENT][TRACE] [alchemistry | SIDE_CLIENT]: Skipping file {[0:contenttweaker]: content_roots.zs} as we are currently loading with a different loader
[PREINITIALIZATION][CLIENT][TRACE] [alchemistry | SIDE_CLIENT]: Skipping file {[0:crafttweaker]: dank_null.zs} as we are currently loading with a different loader
[PREINITIALIZATION][CLIENT][TRACE] [alchemistry | SIDE_CLIENT]: Skipping file {[0:crafttweaker]: dark_utilities.zs} as we are currently loading with a different loader
[PREINITIALIZATION][CLIENT][TRACE] [alchemistry | SIDE_CLIENT]: Skipping file {[0:crafttweaker]: deepmob.zs} as we are currently loading with a different loader
[PREINITIALIZATION][CLIENT][TRACE] [alchemistry | SIDE_CLIENT]: Skipping file {[0:crafttweaker]: donut.zs} as we are currently loading with a different loader
[PREINITIALIZATION][CLIENT][TRACE] [alchemistry | SIDE_CLIENT]: Skipping file {[0:crafttweaker]: draconic_evolution.zs} as we are currently loading with a different loader
[PREINITIALIZATION][CLIENT][TRACE] [alchemistry | SIDE_CLIENT]: Skipping file {[0:crafttweaker]: drawers.zs} as we are currently loading with a different loader
[PREINITIALIZATION][CLIENT][TRACE] [alchemistry | SIDE_CLIENT]: Skipping file {[0:crafttweaker]: early_game_alchemy.zs} as we are currently loading with a different loader
[PREINITIALIZATION][CLIENT][TRACE] [alchemistry | SIDE_CLIENT]: Skipping file {[0:crafttweaker]: early_game_fixes.zs} as we are currently loading with a different loader
[PREINITIALIZATION][CLIENT][TRACE] [alchemistry | SIDE_CLIENT]: Skipping file {[0:crafttweaker]: elemental_essence.zs} as we are currently loading with a different loader
[PREINITIALIZATION][CLIENT][TRACE] [alchemistry | SIDE_CLIENT]: Skipping file {[0:crafttweaker]: enchantments.zs} as we are currently loading with a different loader
[PREINITIALIZATION][CLIENT][TRACE] [alchemistry | SIDE_CLIENT]: Skipping file {[0:crafttweaker]: enderchest.zs} as we are currently loading with a different loader
[PREINITIALIZATION][CLIENT][TRACE] [alchemistry | SIDE_CLIENT]: Skipping file {[0:crafttweaker]: enderio.zs} as we are currently loading with a different loader
[PREINITIALIZATION][CLIENT][TRACE] [alchemistry | SIDE_CLIENT]: Skipping file {[0:crafttweaker]: endgame.zs} as we are currently loading with a different loader
[PREINITIALIZATION][CLIENT][TRACE] [alchemistry | SIDE_CLIENT]: Skipping file {[0:crafttweaker]: endgame_creatives.zs} as we are currently loading with a different loader
[PREINITIALIZATION][CLIENT][TRACE] [alchemistry | SIDE_CLIENT]: Skipping file {[0:crafttweaker]: endgame_lines.zs} as we are currently loading with a different loader
[PREINITIALIZATION][CLIENT][TRACE] [alchemistry | SIDE_CLIENT]: Skipping file {[0:crafttweaker]: erebus.zs} as we are currently loading with a different loader
[PREINITIALIZATION][CLIENT][TRACE] [alchemistry | SIDE_CLIENT]: Skipping file {[0:crafttweaker]: ex_nihilo.zs} as we are currently loading with a different loader
[PREINITIALIZATION][CLIENT][TRACE] [alchemistry | SIDE_CLIENT]: Skipping file {[0:crafttweaker]: extended_crafting.zs} as we are currently loading with a different loader
[PREINITIALIZATION][CLIENT][TRACE] [alchemistry | SIDE_CLIENT]: Skipping file {[0:crafttweaker]: extra utilities.zs} as we are currently loading with a different loader
[PREINITIALIZATION][CLIENT][TRACE] [alchemistry | SIDE_CLIENT]: Skipping file {[0:crafttweaker]: extreme_reactors.zs} as we are currently loading with a different loader
[PREINITIALIZATION][CLIENT][TRACE] [alchemistry | SIDE_CLIENT]: Skipping file {[0:crafttweaker]: fishing.zs} as we are currently loading with a different loader
[PREINITIALIZATION][CLIENT][TRACE] [alchemistry | SIDE_CLIENT]: Skipping file {[0:crafttweaker]: fluid_lines.zs} as we are currently loading with a different loader
[PREINITIALIZATION][CLIENT][TRACE] [alchemistry | SIDE_CLIENT]: Skipping file {[0:crafttweaker|reloadable]: fluid_mixing.zs} as we are currently loading with a different loader
[PREINITIALIZATION][CLIENT][TRACE] [alchemistry | SIDE_CLIENT]: Skipping file {[0:crafttweaker]: gas_column.zs} as we are currently loading with a different loader
[PREINITIALIZATION][CLIENT][TRACE] [alchemistry | SIDE_CLIENT]: Skipping file {[0:crafttweaker]: gemworks.zs} as we are currently loading with a different loader
[PREINITIALIZATION][CLIENT][TRACE] [alchemistry | SIDE_CLIENT]: Skipping file {[0:crafttweaker]: hydroponic.zs} as we are currently loading with a different loader
[PREINITIALIZATION][CLIENT][TRACE] [alchemistry | SIDE_CLIENT]: Skipping file {[0:crafttweaker]: immersive engineering.zs} as we are currently loading with a different loader
[PREINITIALIZATION][CLIENT][TRACE] [alchemistry | SIDE_CLIENT]: Skipping file {[0:crafttweaker]: industrial_foregoing.zs} as we are currently loading with a different loader
[PREINITIALIZATION][CLIENT][TRACE] [alchemistry | SIDE_CLIENT]: Skipping file {[0:crafttweaker]: integrated_dynamics.zs} as we are currently loading with a different loader
[PREINITIALIZATION][CLIENT][TRACE] [alchemistry | SIDE_CLIENT]: Skipping file {[0:crafttweaker]: jetpack.zs} as we are currently loading with a different loader
[PREINITIALIZATION][CLIENT][TRACE] [alchemistry | SIDE_CLIENT]: Skipping file {[0:crafttweaker]: living2.zs} as we are currently loading with a different loader
[PREINITIALIZATION][CLIENT][TRACE] [alchemistry | SIDE_CLIENT]: Skipping file {[0:crafttweaker]: living_sorter.zs} as we are currently loading with a different loader
[PREINITIALIZATION][CLIENT][TRACE] [alchemistry | SIDE_CLIENT]: Skipping file {[0:crafttweaker]: machine_frames.zs} as we are currently loading with a different loader
[PREINITIALIZATION][CLIENT][TRACE] [alchemistry | SIDE_CLIENT]: Skipping file {[0:crafttweaker]: mana_bifuser.zs} as we are currently loading with a different loader
[PREINITIALIZATION][CLIENT][TRACE] [alchemistry | SIDE_CLIENT]: Skipping file {[0:crafttweaker]: mb_tooltips.zs} as we are currently loading with a different loader
[PREINITIALIZATION][CLIENT][TRACE] [alchemistry | SIDE_CLIENT]: Skipping file {[0:crafttweaker]: mech_recipes.zs} as we are currently loading with a different loader
[PREINITIALIZATION][CLIENT][TRACE] [alchemistry | SIDE_CLIENT]: Skipping file {[0:crafttweaker]: mekanism.zs} as we are currently loading with a different loader
[PREINITIALIZATION][CLIENT][TRACE] [alchemistry | SIDE_CLIENT]: Skipping file {[0:crafttweaker]: minecraft.zs} as we are currently loading with a different loader
[PREINITIALIZATION][CLIENT][TRACE] [alchemistry | SIDE_CLIENT]: Skipping file {[0:crafttweaker]: mob_grinding_utils.zs} as we are currently loading with a different loader
[PREINITIALIZATION][CLIENT][TRACE] [alchemistry | SIDE_CLIENT]: Skipping file {[0:crafttweaker]: mob_vials.zs} as we are currently loading with a different loader
[PREINITIALIZATION][CLIENT][TRACE] [alchemistry | SIDE_CLIENT]: Skipping file {[0:crafttweaker]: modular_controller.zs} as we are currently loading with a different loader
[PREINITIALIZATION][CLIENT][TRACE] [alchemistry | SIDE_CLIENT]: Skipping file {[0:crafttweaker]: mystical_agriculture_essences.zs} as we are currently loading with a different loader
[PREINITIALIZATION][CLIENT][TRACE] [alchemistry | SIDE_CLIENT]: Skipping file {[0:crafttweaker]: mystical_agriculture_multi.zs} as we are currently loading with a different loader
[PREINITIALIZATION][CLIENT][TRACE] [alchemistry | SIDE_CLIENT]: Skipping file {[0:crafttweaker]: mystical_agriculture_seed_growing.zs} as we are currently loading with a different loader
[PREINITIALIZATION][CLIENT][TRACE] [alchemistry | SIDE_CLIENT]: Skipping file {[0:crafttweaker]: mystical_agriculture_seeds.zs} as we are currently loading with a different loader
[PREINITIALIZATION][CLIENT][TRACE] [alchemistry | SIDE_CLIENT]: Skipping file {[0:crafttweaker]: natura.zs} as we are currently loading with a different loader
[PREINITIALIZATION][CLIENT][TRACE] [alchemistry | SIDE_CLIENT]: Skipping file {[0:crafttweaker]: openblocks.zs} as we are currently loading with a different loader
[PREINITIALIZATION][CLIENT][TRACE] [alchemistry | SIDE_CLIENT]: Skipping file {[0:crafttweaker]: ore_dicts.zs} as we are currently loading with a different loader
[PREINITIALIZATION][CLIENT][TRACE] [alchemistry | SIDE_CLIENT]: Skipping file {[0:crafttweaker]: ore_gen_botania.zs} as we are currently loading with a different loader
[PREINITIALIZATION][CLIENT][TRACE] [alchemistry | SIDE_CLIENT]: Skipping file {[0:crafttweaker]: ore_gen_prodigy.zs} as we are currently loading with a different loader
[PREINITIALIZATION][CLIENT][TRACE] [alchemistry | SIDE_CLIENT]: Skipping file {[0:crafttweaker]: ore_processing_dust.zs} as we are currently loading with a different loader
[PREINITIALIZATION][CLIENT][TRACE] [alchemistry | SIDE_CLIENT]: Skipping file {[0:crafttweaker]: ore_processing_gems.zs} as we are currently loading with a different loader
[PREINITIALIZATION][CLIENT][TRACE] [alchemistry | SIDE_CLIENT]: Skipping file {[0:crafttweaker]: ore_processing_mekfix.zs} as we are currently loading with a different loader
[PREINITIALIZATION][CLIENT][TRACE] [alchemistry | SIDE_CLIENT]: Skipping file {[0:crafttweaker]: ore_processing_metals.zs} as we are currently loading with a different loader
[PREINITIALIZATION][CLIENT][TRACE] [alchemistry | SIDE_CLIENT]: Skipping file {[0:crafttweaker]: ore_processing_ore_meat.zs} as we are currently loading with a different loader
[PREINITIALIZATION][CLIENT][TRACE] [alchemistry | SIDE_CLIENT]: Skipping file {[0:crafttweaker]: pams harvest craft.zs} as we are currently loading with a different loader
[PREINITIALIZATION][CLIENT][TRACE] [alchemistry | SIDE_CLIENT]: Skipping file {[0:crafttweaker]: parallel_world_exploration.zs} as we are currently loading with a different loader
[PREINITIALIZATION][CLIENT][TRACE] [alchemistry | SIDE_CLIENT]: Skipping file {[0:crafttweaker]: plant_growing_mushroom.zs} as we are currently loading with a different loader
[PREINITIALIZATION][CLIENT][TRACE] [alchemistry | SIDE_CLIENT]: Skipping file {[0:crafttweaker]: plant_growing_trees.zs} as we are currently loading with a different loader
[PREINITIALIZATION][CLIENT][TRACE] [alchemistry | SIDE_CLIENT]: Skipping file {[0:crafttweaker]: potions.zs} as we are currently loading with a different loader
[PREINITIALIZATION][CLIENT][TRACE] [alchemistry | SIDE_CLIENT]: Skipping file {[0:crafttweaker]: projectE.zs} as we are currently loading with a different loader
[PREINITIALIZATION][CLIENT][TRACE] [alchemistry | SIDE_CLIENT]: Skipping file {[0:crafttweaker]: projectRed.zs} as we are currently loading with a different loader
[PREINITIALIZATION][CLIENT][TRACE] [alchemistry | SIDE_CLIENT]: Skipping file {[0:crafttweaker]: quark.zs} as we are currently loading with a different loader
[PREINITIALIZATION][CLIENT][TRACE] [alchemistry | SIDE_CLIENT]: Skipping file {[0:crafttweaker]: renaming.zs} as we are currently loading with a different loader
[PREINITIALIZATION][CLIENT][TRACE] [alchemistry | SIDE_CLIENT]: Skipping file {[0:crafttweaker]: research.zs} as we are currently loading with a different loader
[PREINITIALIZATION][CLIENT][TRACE] [alchemistry | SIDE_CLIENT]: Skipping file {[0:crafttweaker]: roots.zs} as we are currently loading with a different loader
[PREINITIALIZATION][CLIENT][TRACE] [alchemistry | SIDE_CLIENT]: Skipping file {[0:crafttweaker]: satellite.zs} as we are currently loading with a different loader
[PREINITIALIZATION][CLIENT][TRACE] [alchemistry | SIDE_CLIENT]: Skipping file {[0:crafttweaker]: singularity.zs} as we are currently loading with a different loader
[PREINITIALIZATION][CLIENT][TRACE] [alchemistry | SIDE_CLIENT]: Skipping file {[0:crafttweaker]: snad.zs} as we are currently loading with a different loader
[PREINITIALIZATION][CLIENT][TRACE] [alchemistry | SIDE_CLIENT]: Skipping file {[0:crafttweaker]: solar.zs} as we are currently loading with a different loader
[PREINITIALIZATION][CLIENT][TRACE] [alchemistry | SIDE_CLIENT]: Skipping file {[0:crafttweaker]: space_assembler.zs} as we are currently loading with a different loader
[PREINITIALIZATION][CLIENT][TRACE] [alchemistry | SIDE_CLIENT]: Skipping file {[0:crafttweaker]: stoneworks.zs} as we are currently loading with a different loader
[PREINITIALIZATION][CLIENT][TRACE] [alchemistry | SIDE_CLIENT]: Skipping file {[0:crafttweaker]: super_mixer.zs} as we are currently loading with a different loader
[PREINITIALIZATION][CLIENT][TRACE] [alchemistry | SIDE_CLIENT]: Skipping file {[0:crafttweaker]: t1_alchemy.zs} as we are currently loading with a different loader
[PREINITIALIZATION][CLIENT][TRACE] [alchemistry | SIDE_CLIENT]: Skipping file {[0:crafttweaker]: t2_alchemy.zs} as we are currently loading with a different loader
[PREINITIALIZATION][CLIENT][TRACE] [alchemistry | SIDE_CLIENT]: Skipping file {[0:crafttweaker]: taiga.zs} as we are currently loading with a different loader
[PREINITIALIZATION][CLIENT][TRACE] [alchemistry | SIDE_CLIENT]: Skipping file {[0:crafttweaker]: thermal.zs} as we are currently loading with a different loader
[PREINITIALIZATION][CLIENT][TRACE] [alchemistry | SIDE_CLIENT]: Skipping file {[0:crafttweaker]: thermal_fuels.zs} as we are currently loading with a different loader
[PREINITIALIZATION][CLIENT][TRACE] [alchemistry | SIDE_CLIENT]: Skipping file {[0:crafttweaker]: tinker construct.zs} as we are currently loading with a different loader
[PREINITIALIZATION][CLIENT][TRACE] [alchemistry | SIDE_CLIENT]: Skipping file {[0:crafttweaker]: tinker_fuel.zs} as we are currently loading with a different loader
[PREINITIALIZATION][CLIENT][TRACE] [alchemistry | SIDE_CLIENT]: Skipping file {[0:contenttweaker]: tinker_materials.zs} as we are currently loading with a different loader
[PREINITIALIZATION][CLIENT][TRACE] [alchemistry | SIDE_CLIENT]: Skipping file {[0:crafttweaker]: tools.zs} as we are currently loading with a different loader
[PREINITIALIZATION][CLIENT][TRACE] [alchemistry | SIDE_CLIENT]: Skipping file {[0:crafttweaker]: torcherino.zs} as we are currently loading with a different loader
[PREINITIALIZATION][CLIENT][TRACE] [alchemistry | SIDE_CLIENT]: Skipping file {[0:crafttweaker]: twilight.zs} as we are currently loading with a different loader
[PREINITIALIZATION][CLIENT][TRACE] [alchemistry | SIDE_CLIENT]: Skipping file {[0:crafttweaker]: wood_infuser.zs} as we are currently loading with a different loader
[PREINITIALIZATION][CLIENT][TRACE] [alchemistry | SIDE_CLIENT]: Skipping file {[0:crafttweaker]: worm_pit.zs} as we are currently loading with a different loader
[PREINITIALIZATION][CLIENT][TRACE] [alchemistry | SIDE_CLIENT]: Skipping file {[0:crafttweaker]: xnet.zs} as we are currently loading with a different loader
[PREINITIALIZATION][CLIENT][TRACE] Completed script loading in: 1367ms
