#
# A fatal error has been detected by the Java Runtime Environment:
#
#  EXCEPTION_ACCESS_VIOLATION (0xc0000005) at pc=0x0000020495a21066, pid=5552, tid=784
#
# JRE version: Java(TM) SE Runtime Environment (8.0_51-b16) (build 1.8.0_51-b16)
# Java VM: Java HotSpot(TM) 64-Bit Server VM (25.51-b03 mixed mode windows-amd64 compressed oops)
# Problematic frame:
# C  [OpenAL64.dll+0x11066]
#
# Failed to write core dump. Minidumps are not enabled by default on client versions of Windows
#
# If you would like to submit a bug report, please visit:
#   http://bugreport.java.com/bugreport/crash.jsp
# The crash happened outside the Java Virtual Machine in native code.
# See problematic frame for where to report the bug.
#

---------------  T H R E A D  ---------------

Current thread (0x00000204f86ad000):  JavaThread "Thread-15" [_thread_in_native, id=784, stack(0x0000008f56b20000,0x0000008f56c20000)]

siginfo: ExceptionCode=0xc0000005, reading address 0x0000020490497004

Registers:
RAX=0x0000000000000004, RBX=0x00000204b36b0090, RCX=0x0000020490497008, RDX=0x0000020490497004
RSP=0x0000008f56c1ee80, RBP=0x00000000000000ff, RSI=0x0000020490492f1c, RDI=0x0000000000000000
R8 =0x000000000000103a, R9 =0x0000020490492f1c, R10=0x00000204d9656f8f, R11=0x0000000058147bb0
R12=0x0000000000000001, R13=0x00000204b3527f10, R14=0x0000008f56c1f018, R15=0x00000204f86ad000
RIP=0x0000020495a21066, EFLAGS=0x0000000000010202

Top of Stack: (sp=0x0000008f56c1ee80)
0x0000008f56c1ee80:   0000000000000000 0000000057feb52b
0x0000008f56c1ee90:   00000204f86ad000 00000204f86ad000
0x0000008f56c1eea0:   00000204b3527f10 0000000000000000
0x0000008f56c1eeb0:   00000204f86ad000 00000204904914c0
0x0000008f56c1eec0:   00000204b3527f10 0000008f56c1f018
0x0000008f56c1eed0:   00000204808f91b0 0000000057fd9836
0x0000008f56c1eee0:   0000008f56c1f688 0000020496a9bae0
0x0000008f56c1eef0:   00000204f86ad000 0000008f56c1f018
0x0000008f56c1ef00:   00000204b3527f10 0000000000000000
0x0000008f56c1ef10:   0000020490492f1c 0000020490492f1c
0x0000008f56c1ef20:   0000008f56c1efe0 0000020495a2248f
0x0000008f56c1ef30:   00000204b36b0090 00000204b36b0090
0x0000008f56c1ef40:   000002040000ac44 0000020400000004
0x0000008f56c1ef50:   00000006c65d3330 00000204d9656fbb
0x0000008f56c1ef60:   00000204b3527f10 00000204d9656ce5
0x0000008f56c1ef70:   00000204f86ad000 00000204b3527f10 

Instructions: (pc=0x0000020495a21066)
0x0000020495a21046:   41 2b ec 81 3a 03 00 02 00 75 09 8b 01 89 84 24
0x0000020495a21056:   c8 00 00 00 49 83 c0 02 48 83 c1 08 4a 8d 14 86
0x0000020495a21066:   39 3a 75 af 4c 8d 84 24 c0 00 00 00 48 8d 15 d7
0x0000020495a21076:   2b 03 00 33 c9 e8 58 5f 00 00 b8 40 1f 00 00 4c 


Register to memory mapping:

RAX=0x0000000000000004 is an unknown value
RBX=0x00000204b36b0090 is an unknown value
RCX=0x0000020490497008 is an unknown value
RDX=0x0000020490497004 is an unknown value
RSP=0x0000008f56c1ee80 is pointing into the stack for thread: 0x00000204f86ad000
RBP=0x00000000000000ff is an unknown value
RSI=0x0000020490492f1c is an unknown value
RDI=0x0000000000000000 is an unknown value
R8 =0x000000000000103a is an unknown value
R9 =0x0000020490492f1c is an unknown value
R10=0x00000204d9656f8f is at code_begin+911 in an Interpreter codelet
method entry point (kind = native)  [0x00000204d9656c00, 0x00000204d9657620]  2592 bytes
R11=0x0000000058147bb0 is an unknown value
R12=0x0000000000000001 is an unknown value
R13={method} {0x00000204b3527f18} 'nalcCreateContext' '(JJ)J' in 'org/lwjgl/openal/ALC10'
R14=0x0000008f56c1f018 is pointing into the stack for thread: 0x00000204f86ad000
R15=0x00000204f86ad000 is a thread


Stack: [0x0000008f56b20000,0x0000008f56c20000],  sp=0x0000008f56c1ee80,  free space=1019k
Native frames: (J=compiled Java code, j=interpreted, Vv=VM code, C=native code)
C  [OpenAL64.dll+0x11066]
C  [OpenAL64.dll+0x1248f]
C  0x00000204d9656fbb

Java frames: (J=compiled Java code, j=interpreted, Vv=VM code)
j  org.lwjgl.openal.ALC10.nalcCreateContext(JJ)J+0
j  org.lwjgl.openal.ALC10.alcCreateContext(Lorg/lwjgl/openal/ALCdevice;Ljava/nio/IntBuffer;)Lorg/lwjgl/openal/ALCcontext;+8
j  org.lwjgl.openal.AL.init(Ljava/lang/String;IIZZ)V+69
j  org.lwjgl.openal.AL.create(Ljava/lang/String;IIZZ)V+246
j  org.lwjgl.openal.AL.create(Ljava/lang/String;IIZ)V+5
j  org.lwjgl.openal.AL.create()V+6
j  paulscode.sound.libraries.LibraryLWJGLOpenAL.init()V+2
j  paulscode.sound.SoundSystem.CommandNewLibrary(Ljava/lang/Class;)V+273
j  paulscode.sound.SoundSystem.CommandQueue(Lpaulscode/sound/CommandObject;)Z+1206
j  paulscode.sound.CommandThread.run()V+51
v  ~StubRoutines::call_stub

---------------  P R O C E S S  ---------------

Java Threads: ( => current thread )
  0x00000204f86ba000 JavaThread "Thread-16" [_thread_blocked, id=11832, stack(0x0000008f57120000,0x0000008f57220000)]
  0x00000204f86bc000 JavaThread "ForkJoinPool-1-worker-3" daemon [_thread_blocked, id=4852, stack(0x0000008f57020000,0x0000008f57120000)]
  0x00000204f86b0800 JavaThread "ForkJoinPool-1-worker-2" daemon [_thread_blocked, id=7064, stack(0x0000008f56f20000,0x0000008f57020000)]
  0x00000204f86b4800 JavaThread "ForkJoinPool-1-worker-1" daemon [_thread_in_Java, id=8344, stack(0x0000008f56d20000,0x0000008f56e20000)]
=>0x00000204f86ad000 JavaThread "Thread-15" [_thread_in_native, id=784, stack(0x0000008f56b20000,0x0000008f56c20000)]
  0x00000204f86ad800 JavaThread "Sound Library Loader" [_thread_blocked, id=8740, stack(0x0000008f56a20000,0x0000008f56b20000)]
  0x00000204f86af000 JavaThread "Keep-Alive-Timer" daemon [_thread_blocked, id=4672, stack(0x0000008f53700000,0x0000008f53800000)]
  0x00000204f86b2000 JavaThread "Keep-Alive-SocketCleaner" daemon [_thread_blocked, id=5452, stack(0x0000008f56920000,0x0000008f56a20000)]
  0x00000204f86b3000 JavaThread "pool-3-thread-1" [_thread_blocked, id=8732, stack(0x0000008f53600000,0x0000008f53700000)]
  0x0000020480cb7800 JavaThread "File IO Thread" [_thread_blocked, id=10840, stack(0x0000008f53500000,0x0000008f53600000)]
  0x0000020480cb1800 JavaThread "Thread-9" [_thread_blocked, id=13164, stack(0x0000008f56e20000,0x0000008f56f20000)]
  0x0000020480cb4000 JavaThread "Config Lib config file watcher" daemon [_thread_blocked, id=10064, stack(0x0000008f56c20000,0x0000008f56d20000)]
  0x0000020480cb3000 JavaThread "Thread-8" daemon [_thread_in_native, id=14020, stack(0x0000008f55e00000,0x0000008f55f00000)]
  0x00000204fcf01000 JavaThread "LWJGL Timer" daemon [_thread_blocked, id=10028, stack(0x0000008f56820000,0x0000008f56920000)]
  0x00000204fcf02800 JavaThread "Thread-5" [_thread_in_native, id=9084, stack(0x0000008f56620000,0x0000008f56720000)]
  0x00000204fcf05800 JavaThread "Java2D Disposer" daemon [_thread_blocked, id=6308, stack(0x0000008f55d00000,0x0000008f55e00000)]
  0x00000204fcf01800 JavaThread "Timer hack thread" daemon [_thread_blocked, id=11740, stack(0x0000008f55c00000,0x0000008f55d00000)]
  0x00000204fcf04800 JavaThread "Snooper Timer" daemon [_thread_blocked, id=13588, stack(0x0000008f55b00000,0x0000008f55c00000)]
  0x00000204f68ac800 JavaThread "Service Thread" daemon [_thread_blocked, id=1792, stack(0x0000008f55800000,0x0000008f55900000)]
  0x00000204f68a5000 JavaThread "C1 CompilerThread3" daemon [_thread_in_vm, id=2784, stack(0x0000008f55700000,0x0000008f55800000)]
  0x00000204f68a2800 JavaThread "C2 CompilerThread2" daemon [_thread_in_vm, id=4284, stack(0x0000008f55600000,0x0000008f55700000)]
  0x00000204f689f800 JavaThread "C2 CompilerThread1" daemon [_thread_in_native, id=5384, stack(0x0000008f55500000,0x0000008f55600000)]
  0x00000204f687d000 JavaThread "C2 CompilerThread0" daemon [_thread_in_native, id=12408, stack(0x0000008f55400000,0x0000008f55500000)]
  0x00000204f59b4800 JavaThread "Attach Listener" daemon [_thread_blocked, id=9108, stack(0x0000008f55200000,0x0000008f55300000)]
  0x00000204f59b3800 JavaThread "Signal Dispatcher" daemon [_thread_blocked, id=9624, stack(0x0000008f55100000,0x0000008f55200000)]
  0x00000204f59af000 JavaThread "Surrogate Locker Thread (Concurrent GC)" daemon [_thread_blocked, id=12392, stack(0x0000008f55000000,0x0000008f55100000)]
  0x00000204f5958800 JavaThread "Finalizer" daemon [_thread_blocked, id=7564, stack(0x0000008f54f00000,0x0000008f55000000)]
  0x00000204f5952000 JavaThread "Reference Handler" daemon [_thread_blocked, id=12768, stack(0x0000008f54e00000,0x0000008f54f00000)]
  0x00000204d9546000 JavaThread "Client thread" [_thread_in_Java, id=2884, stack(0x0000008f53800000,0x0000008f53900000)]

Other Threads:
  0x00000204d9612800 VMThread [stack: 0x0000008f54d00000,0x0000008f54e00000] [id=9112]
  0x00000204f68e2800 WatcherThread [stack: 0x0000008f55900000,0x0000008f55a00000] [id=11936]

VM state:not at safepoint (normal execution)

VM Mutex/Monitor currently owned by a thread: None

Heap:
 garbage-first heap   total 2965504K, used 1335749K [0x00000006c3000000, 0x00000006c40005a8, 0x00000007c0000000)
  region size 16384K, 19 young (311296K), 5 survivors (81920K)
 Metaspace       used 240072K, capacity 247475K, committed 247856K, reserved 1253376K
  class space    used 41685K, capacity 44235K, committed 44336K, reserved 1048576K

Heap Regions: (Y=young(eden), SU=young(survivor), HS=humongous(starts), HC=humongous(continues), CS=collection set, F=free, TS=gc time stamp, PTAMS=previous top-at-mark-start, NTAMS=next top-at-mark-start)
AC   0  O    TS     0 PTAMS 0x00000006c4000000 NTAMS 0x00000006c4000000 space 16384K, 100% used [0x00000006c3000000, 0x00000006c4000000)
AC   0  O    TS     0 PTAMS 0x00000006c5000000 NTAMS 0x00000006c5000000 space 16384K, 100% used [0x00000006c4000000, 0x00000006c5000000)
AC   0  O    TS     0 PTAMS 0x00000006c6000000 NTAMS 0x00000006c6000000 space 16384K, 100% used [0x00000006c5000000, 0x00000006c6000000)
AC   0  O    TS     0 PTAMS 0x00000006c7000000 NTAMS 0x00000006c7000000 space 16384K, 100% used [0x00000006c6000000, 0x00000006c7000000)
AC   0  O    TS     0 PTAMS 0x00000006c8000000 NTAMS 0x00000006c8000000 space 16384K, 100% used [0x00000006c7000000, 0x00000006c8000000)
AC   0  O    TS    13 PTAMS 0x00000006c8000000 NTAMS 0x00000006c9000000 space 16384K, 100% used [0x00000006c8000000, 0x00000006c9000000)
AC   0  O    TS     0 PTAMS 0x00000006ca000000 NTAMS 0x00000006ca000000 space 16384K, 100% used [0x00000006c9000000, 0x00000006ca000000)
AC   0  O    TS     0 PTAMS 0x00000006cb000000 NTAMS 0x00000006cb000000 space 16384K, 100% used [0x00000006ca000000, 0x00000006cb000000)
AC   0  O    TS     0 PTAMS 0x00000006cc000000 NTAMS 0x00000006cc000000 space 16384K, 100% used [0x00000006cb000000, 0x00000006cc000000)
AC   0  O    TS     0 PTAMS 0x00000006cd000000 NTAMS 0x00000006cd000000 space 16384K, 100% used [0x00000006cc000000, 0x00000006cd000000)
AC   0  O    TS     0 PTAMS 0x00000006ce000000 NTAMS 0x00000006ce000000 space 16384K, 100% used [0x00000006cd000000, 0x00000006ce000000)
AC   0  O    TS     0 PTAMS 0x00000006cf000000 NTAMS 0x00000006cf000000 space 16384K, 100% used [0x00000006ce000000, 0x00000006cf000000)
AC   0  O    TS     0 PTAMS 0x00000006d0000000 NTAMS 0x00000006d0000000 space 16384K, 100% used [0x00000006cf000000, 0x00000006d0000000)
AC   0  O    TS     0 PTAMS 0x00000006d1000000 NTAMS 0x00000006d1000000 space 16384K, 100% used [0x00000006d0000000, 0x00000006d1000000)
AC   0  O    TS     0 PTAMS 0x00000006d2000000 NTAMS 0x00000006d2000000 space 16384K, 100% used [0x00000006d1000000, 0x00000006d2000000)
AC   0  O    TS     0 PTAMS 0x00000006d3000000 NTAMS 0x00000006d3000000 space 16384K, 100% used [0x00000006d2000000, 0x00000006d3000000)
AC   0  O    TS     0 PTAMS 0x00000006d4000000 NTAMS 0x00000006d4000000 space 16384K, 100% used [0x00000006d3000000, 0x00000006d4000000)
AC   0  O    TS     0 PTAMS 0x00000006d5000000 NTAMS 0x00000006d5000000 space 16384K, 100% used [0x00000006d4000000, 0x00000006d5000000)
AC   0  O    TS     0 PTAMS 0x00000006d6000000 NTAMS 0x00000006d6000000 space 16384K, 100% used [0x00000006d5000000, 0x00000006d6000000)
AC   0  O    TS     0 PTAMS 0x00000006d7000000 NTAMS 0x00000006d7000000 space 16384K, 100% used [0x00000006d6000000, 0x00000006d7000000)
AC   0  O    TS     0 PTAMS 0x00000006d8000000 NTAMS 0x00000006d8000000 space 16384K, 100% used [0x00000006d7000000, 0x00000006d8000000)
AC   0  O    TS     0 PTAMS 0x00000006d9000000 NTAMS 0x00000006d9000000 space 16384K, 100% used [0x00000006d8000000, 0x00000006d9000000)
AC   0  O    TS     0 PTAMS 0x00000006da000000 NTAMS 0x00000006da000000 space 16384K, 100% used [0x00000006d9000000, 0x00000006da000000)
AC   0  O    TS     0 PTAMS 0x00000006db000000 NTAMS 0x00000006db000000 space 16384K, 100% used [0x00000006da000000, 0x00000006db000000)
AC   0  O    TS     3 PTAMS 0x00000006db000000 NTAMS 0x00000006dc000000 space 16384K, 100% used [0x00000006db000000, 0x00000006dc000000)
AC   0  O    TS     0 PTAMS 0x00000006dd000000 NTAMS 0x00000006dd000000 space 16384K, 100% used [0x00000006dc000000, 0x00000006dd000000)
AC   0  O    TS     0 PTAMS 0x00000006de000000 NTAMS 0x00000006de000000 space 16384K, 100% used [0x00000006dd000000, 0x00000006de000000)
AC   0  O    TS     0 PTAMS 0x00000006df000000 NTAMS 0x00000006df000000 space 16384K, 100% used [0x00000006de000000, 0x00000006df000000)
AC   0  O    TS     5 PTAMS 0x00000006df000000 NTAMS 0x00000006e0000000 space 16384K, 100% used [0x00000006df000000, 0x00000006e0000000)
AC   0  O    TS     0 PTAMS 0x00000006e1000000 NTAMS 0x00000006e1000000 space 16384K, 100% used [0x00000006e0000000, 0x00000006e1000000)
AC   0  O    TS     0 PTAMS 0x00000006e2000000 NTAMS 0x00000006e2000000 space 16384K, 100% used [0x00000006e1000000, 0x00000006e2000000)
AC   0  O    TS     0 PTAMS 0x00000006e3000000 NTAMS 0x00000006e3000000 space 16384K, 100% used [0x00000006e2000000, 0x00000006e3000000)
AC   0  O    TS     0 PTAMS 0x00000006e4000000 NTAMS 0x00000006e4000000 space 16384K, 100% used [0x00000006e3000000, 0x00000006e4000000)
AC   0  O    TS     0 PTAMS 0x00000006e5000000 NTAMS 0x00000006e5000000 space 16384K, 100% used [0x00000006e4000000, 0x00000006e5000000)
AC   0  O    TS    13 PTAMS 0x00000006e5000000 NTAMS 0x00000006e6000000 space 16384K, 100% used [0x00000006e5000000, 0x00000006e6000000)
AC   0  O    TS     0 PTAMS 0x00000006e7000000 NTAMS 0x00000006e7000000 space 16384K, 100% used [0x00000006e6000000, 0x00000006e7000000)
AC   0  O    TS     0 PTAMS 0x00000006e8000000 NTAMS 0x00000006e8000000 space 16384K, 100% used [0x00000006e7000000, 0x00000006e8000000)
AC   0  O    TS     0 PTAMS 0x00000006e9000000 NTAMS 0x00000006e9000000 space 16384K, 100% used [0x00000006e8000000, 0x00000006e9000000)
AC   0  O    TS    13 PTAMS 0x00000006e9000000 NTAMS 0x00000006ea000000 space 16384K, 100% used [0x00000006e9000000, 0x00000006ea000000)
AC   0  O    TS    13 PTAMS 0x00000006ea000000 NTAMS 0x00000006eb000000 space 16384K, 100% used [0x00000006ea000000, 0x00000006eb000000)
AC   0  O    TS     0 PTAMS 0x00000006ec000000 NTAMS 0x00000006ec000000 space 16384K, 100% used [0x00000006eb000000, 0x00000006ec000000)
AC   0  O    TS     0 PTAMS 0x00000006ed000000 NTAMS 0x00000006ed000000 space 16384K, 100% used [0x00000006ec000000, 0x00000006ed000000)
AC   0  O    TS    15 PTAMS 0x00000006ed000000 NTAMS 0x00000006ee000000 space 16384K, 100% used [0x00000006ed000000, 0x00000006ee000000)
AC   0  O    TS    15 PTAMS 0x00000006ee000000 NTAMS 0x00000006ef000000 space 16384K, 100% used [0x00000006ee000000, 0x00000006ef000000)
AC   0  O    TS    15 PTAMS 0x00000006ef000000 NTAMS 0x00000006f0000000 space 16384K, 100% used [0x00000006ef000000, 0x00000006f0000000)
AC   0  O    TS    15 PTAMS 0x00000006f0000000 NTAMS 0x00000006f1000000 space 16384K, 100% used [0x00000006f0000000, 0x00000006f1000000)
AC   0  O    TS    15 PTAMS 0x00000006f1000000 NTAMS 0x00000006f2000000 space 16384K, 100% used [0x00000006f1000000, 0x00000006f2000000)
AC   0  O    TS    15 PTAMS 0x00000006f2000000 NTAMS 0x00000006f3000000 space 16384K, 100% used [0x00000006f2000000, 0x00000006f3000000)
AC   0  O    TS    15 PTAMS 0x00000006f3000000 NTAMS 0x00000006f4000000 space 16384K, 100% used [0x00000006f3000000, 0x00000006f4000000)
AC   0  O    TS    15 PTAMS 0x00000006f4000000 NTAMS 0x00000006f5000000 space 16384K, 100% used [0x00000006f4000000, 0x00000006f5000000)
AC   0  O    TS    15 PTAMS 0x00000006f5000000 NTAMS 0x00000006f6000000 space 16384K, 100% used [0x00000006f5000000, 0x00000006f6000000)
AC   0  O    TS    15 PTAMS 0x00000006f6000000 NTAMS 0x00000006f7000000 space 16384K, 100% used [0x00000006f6000000, 0x00000006f7000000)
AC   0  O    TS    15 PTAMS 0x00000006f7000000 NTAMS 0x00000006f8000000 space 16384K, 100% used [0x00000006f7000000, 0x00000006f8000000)
AC   0  O    TS    17 PTAMS 0x00000006f8000000 NTAMS 0x00000006f9000000 space 16384K, 100% used [0x00000006f8000000, 0x00000006f9000000)
AC   0  O    TS    17 PTAMS 0x00000006f9000000 NTAMS 0x00000006fa000000 space 16384K, 100% used [0x00000006f9000000, 0x00000006fa000000)
AC   0  O    TS    27 PTAMS 0x00000006fa000000 NTAMS 0x00000006fb000000 space 16384K, 100% used [0x00000006fa000000, 0x00000006fb000000)
AC   0  O    TS    27 PTAMS 0x00000006fb000000 NTAMS 0x00000006fc000000 space 16384K, 100% used [0x00000006fb000000, 0x00000006fc000000)
AC   0  O    TS    29 PTAMS 0x00000006fc000000 NTAMS 0x00000006fd000000 space 16384K, 100% used [0x00000006fc000000, 0x00000006fd000000)
AC   0 HS    TS     0 PTAMS 0x00000006fd000000 NTAMS 0x00000006fd000000 space 32768K,  50% used [0x00000006fd000000, 0x00000006ff000000)
AC   0 HC    TS     0 PTAMS 0x00000006fe000000 NTAMS 0x00000006fe000000 space 16384K,   0% used [0x00000006fe000000, 0x00000006ff000000)
AC   0 HS    TS     0 PTAMS 0x00000006ff000000 NTAMS 0x00000006ff000000 space 32768K,  50% used [0x00000006ff000000, 0x0000000701000000)
AC   0 HC    TS     0 PTAMS 0x0000000700000000 NTAMS 0x0000000700000000 space 16384K,   0% used [0x0000000700000000, 0x0000000701000000)
AC   0  F    TS     0 PTAMS 0x0000000701000000 NTAMS 0x0000000701000000 space 16384K,   0% used [0x0000000701000000, 0x0000000702000000)
AC   0  F    TS     0 PTAMS 0x0000000702000000 NTAMS 0x0000000702000000 space 16384K,   0% used [0x0000000702000000, 0x0000000703000000)
AC   0  F    TS     0 PTAMS 0x0000000703000000 NTAMS 0x0000000703000000 space 16384K,   0% used [0x0000000703000000, 0x0000000704000000)
AC   0  F    TS     0 PTAMS 0x0000000704000000 NTAMS 0x0000000704000000 space 16384K,   0% used [0x0000000704000000, 0x0000000705000000)
AC   0  F    TS     0 PTAMS 0x0000000705000000 NTAMS 0x0000000705000000 space 16384K,   0% used [0x0000000705000000, 0x0000000706000000)
AC   0  F    TS     0 PTAMS 0x0000000706000000 NTAMS 0x0000000706000000 space 16384K,   0% used [0x0000000706000000, 0x0000000707000000)
AC   0  F    TS     0 PTAMS 0x0000000707000000 NTAMS 0x0000000707000000 space 16384K,   0% used [0x0000000707000000, 0x0000000708000000)
AC   0  F    TS     0 PTAMS 0x0000000708000000 NTAMS 0x0000000708000000 space 16384K,   0% used [0x0000000708000000, 0x0000000709000000)
AC   0  F    TS     0 PTAMS 0x0000000709000000 NTAMS 0x0000000709000000 space 16384K,   0% used [0x0000000709000000, 0x000000070a000000)
AC   0  F    TS    13 PTAMS 0x000000070a000000 NTAMS 0x000000070a000000 space 16384K,   0% used [0x000000070a000000, 0x000000070b000000)
AC   0  F    TS    13 PTAMS 0x000000070b000000 NTAMS 0x000000070b000000 space 16384K,   0% used [0x000000070b000000, 0x000000070c000000)
AC   0  F    TS    13 PTAMS 0x000000070c000000 NTAMS 0x000000070c000000 space 16384K,   0% used [0x000000070c000000, 0x000000070d000000)
AC   0  F    TS    13 PTAMS 0x000000070d000000 NTAMS 0x000000070d000000 space 16384K,   0% used [0x000000070d000000, 0x000000070e000000)
AC   0  F    TS    13 PTAMS 0x000000070e000000 NTAMS 0x000000070e000000 space 16384K,   0% used [0x000000070e000000, 0x000000070f000000)
AC   0  F    TS    11 PTAMS 0x000000070f000000 NTAMS 0x000000070f000000 space 16384K,   0% used [0x000000070f000000, 0x0000000710000000)
AC   0  F    TS    11 PTAMS 0x0000000710000000 NTAMS 0x0000000710000000 space 16384K,   0% used [0x0000000710000000, 0x0000000711000000)
AC   0  F    TS    11 PTAMS 0x0000000711000000 NTAMS 0x0000000711000000 space 16384K,   0% used [0x0000000711000000, 0x0000000712000000)
AC   0  F    TS    11 PTAMS 0x0000000712000000 NTAMS 0x0000000712000000 space 16384K,   0% used [0x0000000712000000, 0x0000000713000000)
AC   0  O    TS     0 PTAMS 0x0000000714000000 NTAMS 0x0000000714000000 space 16384K, 100% used [0x0000000713000000, 0x0000000714000000)
AC   0  O    TS     3 PTAMS 0x00000007144f0600 NTAMS 0x0000000715000000 space 16384K, 100% used [0x0000000714000000, 0x0000000715000000)
AC   0  O    TS    29 PTAMS 0x0000000715000000 NTAMS 0x0000000716000000 space 16384K, 100% used [0x0000000715000000, 0x0000000716000000)
AC   0  O    TS    29 PTAMS 0x0000000716000000 NTAMS 0x0000000716871400 space 16384K,  52% used [0x0000000716000000, 0x0000000717000000)
AC   0  F    TS    11 PTAMS 0x0000000717000000 NTAMS 0x0000000717000000 space 16384K,   0% used [0x0000000717000000, 0x0000000718000000)
AC   0  F    TS    13 PTAMS 0x0000000718000000 NTAMS 0x0000000718000000 space 16384K,   0% used [0x0000000718000000, 0x0000000719000000)
AC   0  F    TS    13 PTAMS 0x0000000719000000 NTAMS 0x0000000719000000 space 16384K,   0% used [0x0000000719000000, 0x000000071a000000)
AC   0  F    TS    13 PTAMS 0x000000071a000000 NTAMS 0x000000071a000000 space 16384K,   0% used [0x000000071a000000, 0x000000071b000000)
AC   0  F    TS    13 PTAMS 0x000000071b000000 NTAMS 0x000000071b000000 space 16384K,   0% used [0x000000071b000000, 0x000000071c000000)
AC   0  F    TS    13 PTAMS 0x000000071c000000 NTAMS 0x000000071c000000 space 16384K,   0% used [0x000000071c000000, 0x000000071d000000)
AC   0  F    TS    13 PTAMS 0x000000071d000000 NTAMS 0x000000071d000000 space 16384K,   0% used [0x000000071d000000, 0x000000071e000000)
AC   0  F    TS    13 PTAMS 0x000000071e000000 NTAMS 0x000000071e000000 space 16384K,   0% used [0x000000071e000000, 0x000000071f000000)
AC   0  F    TS     0 PTAMS 0x000000071f000000 NTAMS 0x000000071f000000 space 16384K,   0% used [0x000000071f000000, 0x0000000720000000)
AC   0  F    TS     0 PTAMS 0x0000000720000000 NTAMS 0x0000000720000000 space 16384K,   0% used [0x0000000720000000, 0x0000000721000000)
AC   0  F    TS     0 PTAMS 0x0000000721000000 NTAMS 0x0000000721000000 space 16384K,   0% used [0x0000000721000000, 0x0000000722000000)
AC   0  F    TS     5 PTAMS 0x0000000722000000 NTAMS 0x0000000722000000 space 16384K,   0% used [0x0000000722000000, 0x0000000723000000)
AC   0  F    TS     5 PTAMS 0x0000000723000000 NTAMS 0x0000000723000000 space 16384K,   0% used [0x0000000723000000, 0x0000000724000000)
AC   0  F    TS     5 PTAMS 0x0000000724000000 NTAMS 0x0000000724000000 space 16384K,   0% used [0x0000000724000000, 0x0000000725000000)
AC   0  F    TS     5 PTAMS 0x0000000725000000 NTAMS 0x0000000725000000 space 16384K,   0% used [0x0000000725000000, 0x0000000726000000)
AC   0  F    TS    21 PTAMS 0x0000000726000000 NTAMS 0x0000000726000000 space 16384K,   0% used [0x0000000726000000, 0x0000000727000000)
AC   0  F    TS    21 PTAMS 0x0000000727000000 NTAMS 0x0000000727000000 space 16384K,   0% used [0x0000000727000000, 0x0000000728000000)
AC   0  F    TS    21 PTAMS 0x0000000728000000 NTAMS 0x0000000728000000 space 16384K,   0% used [0x0000000728000000, 0x0000000729000000)
AC   0  F    TS    21 PTAMS 0x0000000729000000 NTAMS 0x0000000729000000 space 16384K,   0% used [0x0000000729000000, 0x000000072a000000)
AC   0  F    TS    21 PTAMS 0x000000072a000000 NTAMS 0x000000072a000000 space 16384K,   0% used [0x000000072a000000, 0x000000072b000000)
AC   0  F    TS    21 PTAMS 0x000000072b000000 NTAMS 0x000000072b000000 space 16384K,   0% used [0x000000072b000000, 0x000000072c000000)
AC   0  F    TS     0 PTAMS 0x000000072c000000 NTAMS 0x000000072c000000 space 16384K,   0% used [0x000000072c000000, 0x000000072d000000)
AC   0  F    TS     0 PTAMS 0x000000072d000000 NTAMS 0x000000072d000000 space 16384K,   0% used [0x000000072d000000, 0x000000072e000000)
AC   0  F    TS     0 PTAMS 0x000000072e000000 NTAMS 0x000000072e000000 space 16384K,   0% used [0x000000072e000000, 0x000000072f000000)
AC   0  F    TS    19 PTAMS 0x000000072f000000 NTAMS 0x000000072f000000 space 16384K,   0% used [0x000000072f000000, 0x0000000730000000)
AC   0  F    TS    19 PTAMS 0x0000000730000000 NTAMS 0x0000000730000000 space 16384K,   0% used [0x0000000730000000, 0x0000000731000000)
AC   0  F    TS    19 PTAMS 0x0000000731000000 NTAMS 0x0000000731000000 space 16384K,   0% used [0x0000000731000000, 0x0000000732000000)
AC   0  F    TS    19 PTAMS 0x0000000732000000 NTAMS 0x0000000732000000 space 16384K,   0% used [0x0000000732000000, 0x0000000733000000)
AC   0  F    TS     0 PTAMS 0x0000000733000000 NTAMS 0x0000000733000000 space 16384K,   0% used [0x0000000733000000, 0x0000000734000000)
AC   0  F    TS     0 PTAMS 0x0000000734000000 NTAMS 0x0000000734000000 space 16384K,   0% used [0x0000000734000000, 0x0000000735000000)
AC   0  F    TS     0 PTAMS 0x0000000735000000 NTAMS 0x0000000735000000 space 16384K,   0% used [0x0000000735000000, 0x0000000736000000)
AC   0  F    TS    25 PTAMS 0x0000000736000000 NTAMS 0x0000000736000000 space 16384K,   0% used [0x0000000736000000, 0x0000000737000000)
AC   0  F    TS    25 PTAMS 0x0000000737000000 NTAMS 0x0000000737000000 space 16384K,   0% used [0x0000000737000000, 0x0000000738000000)
AC   0  F    TS    25 PTAMS 0x0000000738000000 NTAMS 0x0000000738000000 space 16384K,   0% used [0x0000000738000000, 0x0000000739000000)
AC   0  F    TS    25 PTAMS 0x0000000739000000 NTAMS 0x0000000739000000 space 16384K,   0% used [0x0000000739000000, 0x000000073a000000)
AC   0  F    TS    25 PTAMS 0x000000073a000000 NTAMS 0x000000073a000000 space 16384K,   0% used [0x000000073a000000, 0x000000073b000000)
AC   0  F    TS    25 PTAMS 0x000000073b000000 NTAMS 0x000000073b000000 space 16384K,   0% used [0x000000073b000000, 0x000000073c000000)
AC   0  F    TS    25 PTAMS 0x000000073c000000 NTAMS 0x000000073c000000 space 16384K,   0% used [0x000000073c000000, 0x000000073d000000)
AC   0  F    TS     0 PTAMS 0x000000073d000000 NTAMS 0x000000073d000000 space 16384K,   0% used [0x000000073d000000, 0x000000073e000000)
AC   0  F    TS     0 PTAMS 0x000000073e000000 NTAMS 0x000000073e000000 space 16384K,   0% used [0x000000073e000000, 0x000000073f000000)
AC   0  F    TS     0 PTAMS 0x000000073f000000 NTAMS 0x000000073f000000 space 16384K,   0% used [0x000000073f000000, 0x0000000740000000)
AC   0  F    TS    23 PTAMS 0x0000000740000000 NTAMS 0x0000000740000000 space 16384K,   0% used [0x0000000740000000, 0x0000000741000000)
AC   0  F    TS    23 PTAMS 0x0000000741000000 NTAMS 0x0000000741000000 space 16384K,   0% used [0x0000000741000000, 0x0000000742000000)
AC   0  F    TS    23 PTAMS 0x0000000742000000 NTAMS 0x0000000742000000 space 16384K,   0% used [0x0000000742000000, 0x0000000743000000)
AC   0  F    TS    23 PTAMS 0x0000000743000000 NTAMS 0x0000000743000000 space 16384K,   0% used [0x0000000743000000, 0x0000000744000000)
AC   0  F    TS    23 PTAMS 0x0000000744000000 NTAMS 0x0000000744000000 space 16384K,   0% used [0x0000000744000000, 0x0000000745000000)
AC   0  F    TS    23 PTAMS 0x0000000745000000 NTAMS 0x0000000745000000 space 16384K,   0% used [0x0000000745000000, 0x0000000746000000)
AC   0  F    TS     0 PTAMS 0x0000000746000000 NTAMS 0x0000000746000000 space 16384K,   0% used [0x0000000746000000, 0x0000000747000000)
AC   0  F    TS     0 PTAMS 0x0000000747000000 NTAMS 0x0000000747000000 space 16384K,   0% used [0x0000000747000000, 0x0000000748000000)
AC   0  F    TS     0 PTAMS 0x0000000748000000 NTAMS 0x0000000748000000 space 16384K,   0% used [0x0000000748000000, 0x0000000749000000)
AC   0  F    TS     0 PTAMS 0x0000000749000000 NTAMS 0x0000000749000000 space 16384K,   0% used [0x0000000749000000, 0x000000074a000000)
AC   0  F    TS     0 PTAMS 0x000000074a000000 NTAMS 0x000000074a000000 space 16384K,   0% used [0x000000074a000000, 0x000000074b000000)
AC   0  F    TS     0 PTAMS 0x000000074b000000 NTAMS 0x000000074b000000 space 16384K,   0% used [0x000000074b000000, 0x000000074c000000)
AC   0  F    TS    27 PTAMS 0x000000074c000000 NTAMS 0x000000074c000000 space 16384K,   0% used [0x000000074c000000, 0x000000074d000000)
AC   0  F    TS    27 PTAMS 0x000000074d000000 NTAMS 0x000000074d000000 space 16384K,   0% used [0x000000074d000000, 0x000000074e000000)
AC   0  F    TS    27 PTAMS 0x000000074e000000 NTAMS 0x000000074e000000 space 16384K,   0% used [0x000000074e000000, 0x000000074f000000)
AC   0  F    TS    27 PTAMS 0x000000074f000000 NTAMS 0x000000074f000000 space 16384K,   0% used [0x000000074f000000, 0x0000000750000000)
AC   0  F    TS    27 PTAMS 0x0000000750000000 NTAMS 0x0000000750000000 space 16384K,   0% used [0x0000000750000000, 0x0000000751000000)
AC   0  F    TS    27 PTAMS 0x0000000751000000 NTAMS 0x0000000751000000 space 16384K,   0% used [0x0000000751000000, 0x0000000752000000)
AC   0  F    TS    17 PTAMS 0x0000000752000000 NTAMS 0x0000000752000000 space 16384K,   0% used [0x0000000752000000, 0x0000000753000000)
AC   0  F    TS    17 PTAMS 0x0000000753000000 NTAMS 0x0000000753000000 space 16384K,   0% used [0x0000000753000000, 0x0000000754000000)
AC   0  F    TS     0 PTAMS 0x0000000754000000 NTAMS 0x0000000754000000 space 16384K,   0% used [0x0000000754000000, 0x0000000755000000)
AC   0  S CS TS    29 PTAMS 0x0000000755000000 NTAMS 0x0000000755000000 space 16384K, 100% used [0x0000000755000000, 0x0000000756000000)
AC   0  S CS TS    29 PTAMS 0x0000000756000000 NTAMS 0x0000000756000000 space 16384K, 100% used [0x0000000756000000, 0x0000000757000000)
AC   0  S CS TS    29 PTAMS 0x0000000757000000 NTAMS 0x0000000757000000 space 16384K, 100% used [0x0000000757000000, 0x0000000758000000)
AC   0  S CS TS    29 PTAMS 0x0000000758000000 NTAMS 0x0000000758000000 space 16384K, 100% used [0x0000000758000000, 0x0000000759000000)
AC   0  S CS TS    29 PTAMS 0x0000000759000000 NTAMS 0x0000000759000000 space 16384K, 100% used [0x0000000759000000, 0x000000075a000000)
AC   0  F    TS     0 PTAMS 0x000000075a000000 NTAMS 0x000000075a000000 space 16384K,   0% used [0x000000075a000000, 0x000000075b000000)
AC   0  F    TS    15 PTAMS 0x000000075b000000 NTAMS 0x000000075b000000 space 16384K,   0% used [0x000000075b000000, 0x000000075c000000)
AC   0  F    TS    15 PTAMS 0x000000075c000000 NTAMS 0x000000075c000000 space 16384K,   0% used [0x000000075c000000, 0x000000075d000000)
AC   0  F    TS    15 PTAMS 0x000000075d000000 NTAMS 0x000000075d000000 space 16384K,   0% used [0x000000075d000000, 0x000000075e000000)
AC   0  F    TS    15 PTAMS 0x000000075e000000 NTAMS 0x000000075e000000 space 16384K,   0% used [0x000000075e000000, 0x000000075f000000)
AC   0  F    TS    15 PTAMS 0x000000075f000000 NTAMS 0x000000075f000000 space 16384K,   0% used [0x000000075f000000, 0x0000000760000000)
AC   0  F    TS     0 PTAMS 0x0000000760000000 NTAMS 0x0000000760000000 space 16384K,   0% used [0x0000000760000000, 0x0000000761000000)
AC   0  F    TS     0 PTAMS 0x0000000761000000 NTAMS 0x0000000761000000 space 16384K,   0% used [0x0000000761000000, 0x0000000762000000)
AC   0  F    TS     0 PTAMS 0x0000000762000000 NTAMS 0x0000000762000000 space 16384K,   0% used [0x0000000762000000, 0x0000000763000000)
AC   0  F    TS     0 PTAMS 0x0000000763000000 NTAMS 0x0000000763000000 space 16384K,   0% used [0x0000000763000000, 0x0000000764000000)
AC   0  F    TS     0 PTAMS 0x0000000764000000 NTAMS 0x0000000764000000 space 16384K,   0% used [0x0000000764000000, 0x0000000765000000)
AC   0  F    TS     0 PTAMS 0x0000000765000000 NTAMS 0x0000000765000000 space 16384K,   0% used [0x0000000765000000, 0x0000000766000000)
AC   0  F    TS     0 PTAMS 0x0000000766000000 NTAMS 0x0000000766000000 space 16384K,   0% used [0x0000000766000000, 0x0000000767000000)
AC   0  F    TS     0 PTAMS 0x0000000767000000 NTAMS 0x0000000767000000 space 16384K,   0% used [0x0000000767000000, 0x0000000768000000)
AC   0  F    TS     0 PTAMS 0x0000000768000000 NTAMS 0x0000000768000000 space 16384K,   0% used [0x0000000768000000, 0x0000000769000000)
AC   0  F    TS     0 PTAMS 0x0000000769000000 NTAMS 0x0000000769000000 space 16384K,   0% used [0x0000000769000000, 0x000000076a000000)
AC   0  E    TS     0 PTAMS 0x000000076a000000 NTAMS 0x000000076a000000 space 16384K, 100% used [0x000000076a000000, 0x000000076b000000)
AC   0  E CS TS     0 PTAMS 0x000000076b000000 NTAMS 0x000000076b000000 space 16384K, 100% used [0x000000076b000000, 0x000000076c000000)
AC   0  E CS TS     0 PTAMS 0x000000076c000000 NTAMS 0x000000076c000000 space 16384K, 100% used [0x000000076c000000, 0x000000076d000000)
AC   0  E CS TS     0 PTAMS 0x000000076d000000 NTAMS 0x000000076d000000 space 16384K, 100% used [0x000000076d000000, 0x000000076e000000)
AC   0  E CS TS     0 PTAMS 0x000000076e000000 NTAMS 0x000000076e000000 space 16384K, 100% used [0x000000076e000000, 0x000000076f000000)
AC   0  E CS TS     0 PTAMS 0x000000076f000000 NTAMS 0x000000076f000000 space 16384K, 100% used [0x000000076f000000, 0x0000000770000000)
AC   0  E CS TS     0 PTAMS 0x0000000770000000 NTAMS 0x0000000770000000 space 16384K, 100% used [0x0000000770000000, 0x0000000771000000)
AC   0  E CS TS     0 PTAMS 0x0000000771000000 NTAMS 0x0000000771000000 space 16384K, 100% used [0x0000000771000000, 0x0000000772000000)
AC   0  E CS TS     0 PTAMS 0x0000000772000000 NTAMS 0x0000000772000000 space 16384K, 100% used [0x0000000772000000, 0x0000000773000000)
AC   0  E CS TS     1 PTAMS 0x0000000773000000 NTAMS 0x0000000773000000 space 16384K, 100% used [0x0000000773000000, 0x0000000774000000)
AC   0  E CS TS     1 PTAMS 0x0000000774000000 NTAMS 0x0000000774000000 space 16384K, 100% used [0x0000000774000000, 0x0000000775000000)
AC   0  E CS TS     1 PTAMS 0x0000000775000000 NTAMS 0x0000000775000000 space 16384K, 100% used [0x0000000775000000, 0x0000000776000000)
AC   0  E CS TS     1 PTAMS 0x0000000776000000 NTAMS 0x0000000776000000 space 16384K, 100% used [0x0000000776000000, 0x0000000777000000)
AC   0  E CS TS     1 PTAMS 0x0000000777000000 NTAMS 0x0000000777000000 space 16384K, 100% used [0x0000000777000000, 0x0000000778000000)

Card table byte_map: [0x00000204e9a70000,0x00000204ea260000] byte_map_base: 0x00000204e6458000

Marking Bits (Prev, Next): (CMBitMap*) 0x00000204d95abbe0, (CMBitMap*) 0x00000204d95abb88
 Prev Bits: [0x00000204ee990000, 0x00000204f28d0000)
 Next Bits: [0x00000204eaa50000, 0x00000204ee990000)

Polling page: 0x00000204d9150000

CodeCache: size=245760Kb used=48105Kb max_used=48521Kb free=197655Kb
 bounds [0x00000204d9640000, 0x00000204dc610000, 0x00000204e8640000]
 total_blobs=14927 nmethods=13314 adapters=1523
 compilation: enabled

Compilation events (10 events):
Event: 202.326 Thread 0x00000204f68a5000 18701       3       it.unimi.dsi.fastutil.objects.Object2ObjectLinkedOpenHashMap$MapIterator::<init> (6 bytes)
Event: 202.326 Thread 0x00000204f68a5000 nmethod 18701 0x00000204dadb5590 code [0x00000204dadb5700, 0x00000204dadb5890]
Event: 202.326 Thread 0x00000204f68a5000 18702       3       it.unimi.dsi.fastutil.objects.Object2ObjectLinkedOpenHashMap$MapIterator::<init> (43 bytes)
Event: 202.327 Thread 0x00000204f68a5000 nmethod 18702 0x00000204db0f8a10 code [0x00000204db0f8b80, 0x00000204db0f8dd8]
Event: 202.334 Thread 0x00000204f68a5000 18704       3       biomesoplenty.api.enums.BOPTrees::func_176610_l (11 bytes)
Event: 202.335 Thread 0x00000204f68a5000 nmethod 18704 0x00000204dc32c9d0 code [0x00000204dc32cb40, 0x00000204dc32cdf0]
Event: 202.335 Thread 0x00000204f68a5000 18705       3       biomesoplenty.api.enums.BOPWoods::func_176610_l (11 bytes)
Event: 202.335 Thread 0x00000204f68a5000 nmethod 18705 0x00000204dc37e890 code [0x00000204dc37ea00, 0x00000204dc37ecb0]
Event: 202.335 Thread 0x00000204f68a5000 18706       3       it.unimi.dsi.fastutil.objects.Object2ObjectLinkedOpenHashMap::rehash (317 bytes)
Event: 202.340 Thread 0x00000204f68a5000 nmethod 18706 0x00000204d9deb650 code [0x00000204d9deb8a0, 0x00000204d9dec920]

GC Heap History (10 events):
Event: 192.115 GC heap before
{Heap before GC invocations=217 (full 0):
 garbage-first heap   total 2965504K, used 2182877K [0x00000006c3000000, 0x00000006c40005a8, 0x00000007c0000000)
  region size 16384K, 76 young (1245184K), 4 survivors (65536K)
 Metaspace       used 227399K, capacity 234073K, committed 234288K, reserved 1241088K
  class space    used 39477K, capacity 41758K, committed 41776K, reserved 1048576K
Event: 192.158 GC heap after
Heap after GC invocations=218 (full 0):
 garbage-first heap   total 2965504K, used 1033705K [0x00000006c3000000, 0x00000006c40005a8, 0x00000007c0000000)
  region size 16384K, 6 young (98304K), 6 survivors (98304K)
 Metaspace       used 227399K, capacity 234073K, committed 234288K, reserved 1241088K
  class space    used 39477K, capacity 41758K, committed 41776K, reserved 1048576K
}
Event: 194.250 GC heap before
{Heap before GC invocations=218 (full 0):
 garbage-first heap   total 2965504K, used 1852905K [0x00000006c3000000, 0x00000006c40005a8, 0x00000007c0000000)
  region size 16384K, 56 young (917504K), 6 survivors (98304K)
 Metaspace       used 231028K, capacity 237831K, committed 237872K, reserved 1245184K
  class space    used 40196K, capacity 42521K, committed 42544K, reserved 1048576K
Event: 194.297 GC heap after
Heap after GC invocations=219 (full 0):
 garbage-first heap   total 2965504K, used 1038653K [0x00000006c3000000, 0x00000006c40005a8, 0x00000007c0000000)
  region size 16384K, 6 young (98304K), 6 survivors (98304K)
 Metaspace       used 231028K, capacity 237831K, committed 237872K, reserved 1245184K
  class space    used 40196K, capacity 42521K, committed 42544K, reserved 1048576K
}
Event: 196.975 GC heap before
{Heap before GC invocations=219 (full 0):
 garbage-first heap   total 2965504K, used 1907005K [0x00000006c3000000, 0x00000006c40005a8, 0x00000007c0000000)
  region size 16384K, 59 young (966656K), 6 survivors (98304K)
 Metaspace       used 234776K, capacity 241607K, committed 241712K, reserved 1247232K
  class space    used 40832K, capacity 43233K, committed 43312K, reserved 1048576K
Event: 197.027 GC heap after
Heap after GC invocations=220 (full 0):
 garbage-first heap   total 2965504K, used 1048935K [0x00000006c3000000, 0x00000006c40005a8, 0x00000007c0000000)
  region size 16384K, 7 young (114688K), 7 survivors (114688K)
 Metaspace       used 234776K, capacity 241607K, committed 241712K, reserved 1247232K
  class space    used 40832K, capacity 43233K, committed 43312K, reserved 1048576K
}
Event: 199.029 GC heap before
{Heap before GC invocations=220 (full 0):
 garbage-first heap   total 2965504K, used 1671527K [0x00000006c3000000, 0x00000006c40005a8, 0x00000007c0000000)
  region size 16384K, 45 young (737280K), 7 survivors (114688K)
 Metaspace       used 237519K, capacity 244563K, committed 244784K, reserved 1251328K
  class space    used 41267K, capacity 43737K, committed 43824K, reserved 1048576K
Event: 199.082 GC heap after
Heap after GC invocations=221 (full 0):
 garbage-first heap   total 2965504K, used 1058148K [0x00000006c3000000, 0x00000006c40005a8, 0x00000007c0000000)
  region size 16384K, 6 young (98304K), 6 survivors (98304K)
 Metaspace       used 237519K, capacity 244563K, committed 244784K, reserved 1251328K
  class space    used 41267K, capacity 43737K, committed 43824K, reserved 1048576K
}
Event: 201.739 GC heap before
{Heap before GC invocations=221 (full 0):
 garbage-first heap   total 2965504K, used 1713509K [0x00000006c3000000, 0x00000006c40005a8, 0x00000007c0000000)
  region size 16384K, 36 young (589824K), 6 survivors (98304K)
 Metaspace       used 239595K, capacity 247085K, committed 247216K, reserved 1253376K
  class space    used 41636K, capacity 44196K, committed 44208K, reserved 1048576K
Event: 201.790 GC heap after
Heap after GC invocations=222 (full 0):
 garbage-first heap   total 2965504K, used 1089989K [0x00000006c3000000, 0x00000006c40005a8, 0x00000007c0000000)
  region size 16384K, 5 young (81920K), 5 survivors (81920K)
 Metaspace       used 239595K, capacity 247085K, committed 247216K, reserved 1253376K
  class space    used 41636K, capacity 44196K, committed 44208K, reserved 1048576K
}

Deoptimization events (10 events):
Event: 202.020 Thread 0x00000204d9546000 Uncommon trap: reason=bimorphic action=maybe_recompile pc=0x00000204db4489fc method=it.unimi.dsi.fastutil.objects.Object2ObjectOpenHashMap.insert(Ljava/lang/Object;Ljava/lang/Object;)I @ 38
Event: 202.020 Thread 0x00000204d9546000 Uncommon trap: reason=class_check action=maybe_recompile pc=0x00000204dbc5b81c method=net.minecraft.util.ResourceLocation.equals(Ljava/lang/Object;)Z @ 8
Event: 202.021 Thread 0x00000204d9546000 Uncommon trap: reason=class_check action=maybe_recompile pc=0x00000204dbc5b81c method=net.minecraft.util.ResourceLocation.equals(Ljava/lang/Object;)Z @ 8
Event: 202.227 Thread 0x00000204d9546000 Uncommon trap: reason=bimorphic action=maybe_recompile pc=0x00000204dbe40328 method=it.unimi.dsi.fastutil.objects.Object2ObjectOpenHashMap.get(Ljava/lang/Object;)Ljava/lang/Object; @ 62
Event: 202.228 Thread 0x00000204d9546000 Uncommon trap: reason=bimorphic action=maybe_recompile pc=0x00000204dbe40328 method=it.unimi.dsi.fastutil.objects.Object2ObjectOpenHashMap.get(Ljava/lang/Object;)Ljava/lang/Object; @ 62
Event: 202.229 Thread 0x00000204d9546000 Uncommon trap: reason=bimorphic action=maybe_recompile pc=0x00000204dc40c878 method=it.unimi.dsi.fastutil.objects.Object2ObjectOpenHashMap.rehash(I)V @ 76
Event: 202.229 Thread 0x00000204d9546000 Uncommon trap: reason=bimorphic action=maybe_recompile pc=0x00000204dc40c878 method=it.unimi.dsi.fastutil.objects.Object2ObjectOpenHashMap.rehash(I)V @ 76
Event: 202.230 Thread 0x00000204d9546000 Uncommon trap: reason=bimorphic action=maybe_recompile pc=0x00000204dc40c878 method=it.unimi.dsi.fastutil.objects.Object2ObjectOpenHashMap.rehash(I)V @ 76
Event: 202.230 Thread 0x00000204d9546000 Uncommon trap: reason=bimorphic action=maybe_recompile pc=0x00000204dc40c878 method=it.unimi.dsi.fastutil.objects.Object2ObjectOpenHashMap.rehash(I)V @ 76
Event: 202.290 Thread 0x00000204d9546000 Uncommon trap: reason=unstable_if action=reinterpret pc=0x00000204d9dc94c4 method=net.minecraft.client.renderer.block.model.ModelResourceLocation.equals(Ljava/lang/Object;)Z @ 2

Internal exceptions (10 events):
Event: 199.433 Thread 0x00000204d9546000 Implicit null exception at 0x00000204db110312 to 0x00000204db1105a9
Event: 199.984 Thread 0x00000204d9546000 Implicit null exception at 0x00000204dc39d85b to 0x00000204dc39e7d5
Event: 200.580 Thread 0x00000204d9546000 Exception <a 'java/lang/NoSuchMethodError': java.lang.Object.lambda$getResourceLocations$0(Ljava/util/List;Lcom/teamacronymcoders/base/IBaseMod;Ljava/lang/String;)V> (0x0000000763cfef00) thrown at [C:\re\workspace\8-2-build-windows-amd64-cygwin\jdk8u51\395âÌ¯æ
Event: 202.031 Thread 0x00000204f86ad000 Exception <a 'java/lang/InterruptedException': sleep interrupted> (0x0000000777a73710) thrown at [C:\re\workspace\8-2-build-windows-amd64-cygwin\jdk8u51\3951\hotspot\src\share\vm\prims\jvm.cpp, line 3211]
Event: 202.110 Thread 0x00000204f86ad000 Exception <a 'java/security/PrivilegedActionException'> (0x00000007721d58c8) thrown at [C:\re\workspace\8-2-build-windows-amd64-cygwin\jdk8u51\3951\hotspot\src\share\vm\prims\jvm.cpp, line 1382]
Event: 202.110 Thread 0x00000204f86ad000 Exception <a 'java/security/PrivilegedActionException'> (0x00000007721d6c88) thrown at [C:\re\workspace\8-2-build-windows-amd64-cygwin\jdk8u51\3951\hotspot\src\share\vm\prims\jvm.cpp, line 1382]
Event: 202.110 Thread 0x00000204f86ad000 Exception <a 'java/security/PrivilegedActionException'> (0x00000007721d8588) thrown at [C:\re\workspace\8-2-build-windows-amd64-cygwin\jdk8u51\3951\hotspot\src\share\vm\prims\jvm.cpp, line 1382]
Event: 202.110 Thread 0x00000204f86ad000 Exception <a 'java/security/PrivilegedActionException'> (0x00000007721d9c58) thrown at [C:\re\workspace\8-2-build-windows-amd64-cygwin\jdk8u51\3951\hotspot\src\share\vm\prims\jvm.cpp, line 1382]
Event: 202.110 Thread 0x00000204f86ad000 Exception <a 'java/security/PrivilegedActionException'> (0x00000007721dafa0) thrown at [C:\re\workspace\8-2-build-windows-amd64-cygwin\jdk8u51\3951\hotspot\src\share\vm\prims\jvm.cpp, line 1382]
Event: 202.110 Thread 0x00000204f86ad000 Exception <a 'java/security/PrivilegedActionException'> (0x00000007721dc448) thrown at [C:\re\workspace\8-2-build-windows-amd64-cygwin\jdk8u51\3951\hotspot\src\share\vm\prims\jvm.cpp, line 1382]

Events (10 events):
Event: 202.292 loading class net/minecraft/client/renderer/BlockModelShapes$8
Event: 202.292 loading class net/minecraft/client/renderer/BlockModelShapes$8 done
Event: 202.338 loading class org/lwjgl/openal/ALCdevice
Event: 202.338 loading class org/lwjgl/openal/ALCdevice done
Event: 202.339 loading class org/lwjgl/openal/ALCcontext
Event: 202.339 loading class org/lwjgl/openal/ALCcontext done
Event: 202.340 loading class org/lwjgl/openal/Util
Event: 202.340 loading class org/lwjgl/openal/Util done
Event: 202.340 loading class org/lwjgl/openal/OpenALException
Event: 202.340 loading class org/lwjgl/openal/OpenALException done


Dynamic libraries:
0x00007ff7a9ea0000 - 0x00007ff7a9eb5000 	C:\Users\Administrator\AppData\Roaming\.minecraft\runtime\minecraft-java-exe\MinecraftJava.exe
0x00007ffd27070000 - 0x00007ffd27268000 	C:\WINDOWS\SYSTEM32\ntdll.dll
0x00007ffd25130000 - 0x00007ffd251ed000 	C:\WINDOWS\System32\KERNEL32.DLL
0x00007ffd24920000 - 0x00007ffd24c16000 	C:\WINDOWS\System32\KERNELBASE.dll
0x00007ffd255a0000 - 0x00007ffd2573f000 	C:\WINDOWS\System32\USER32.dll
0x00007ffd24f70000 - 0x00007ffd24f92000 	C:\WINDOWS\System32\win32u.dll
0x00007ffd25440000 - 0x00007ffd2546b000 	C:\WINDOWS\System32\GDI32.dll
0x00007ffd24c20000 - 0x00007ffd24d37000 	C:\WINDOWS\System32\gdi32full.dll
0x00007ffd24d90000 - 0x00007ffd24e2d000 	C:\WINDOWS\System32\msvcp_win.dll
0x00007ffd24fa0000 - 0x00007ffd250a0000 	C:\WINDOWS\System32\ucrtbase.dll
0x00007ffd1e730000 - 0x00007ffd1e7bd000 	C:\WINDOWS\SYSTEM32\MSVCP140.dll
0x00007ffd20020000 - 0x00007ffd2003d000 	C:\WINDOWS\SYSTEM32\VCRUNTIME140.dll
0x00007ffd1f5d0000 - 0x00007ffd1f5dc000 	C:\WINDOWS\SYSTEM32\VCRUNTIME140_1.dll
0x00007ffd26380000 - 0x00007ffd263b2000 	C:\WINDOWS\System32\IMM32.DLL
0x0000000058890000 - 0x00000000588bf000 	C:\Users\Administrator\AppData\Roaming\.minecraft\runtime\jre-legacy\bin\jli.dll
0x00007ffd26420000 - 0x00007ffd264d0000 	C:\WINDOWS\System32\ADVAPI32.dll
0x00007ffd264d0000 - 0x00007ffd2656e000 	C:\WINDOWS\System32\msvcrt.dll
0x00007ffd26ea0000 - 0x00007ffd26f40000 	C:\WINDOWS\System32\sechost.dll
0x00007ffd25310000 - 0x00007ffd25433000 	C:\WINDOWS\System32\RPCRT4.dll
0x00007ffd24790000 - 0x00007ffd247b7000 	C:\WINDOWS\System32\bcrypt.dll
0x00007ffd10110000 - 0x00007ffd101c0000 	C:\WINDOWS\WinSxS\amd64_microsoft.windows.common-controls_6595b64144ccf1df_5.82.19041.4355_none_792ecafd2442822f\COMCTL32.dll
0x00000000587b0000 - 0x0000000058882000 	C:\Users\Administrator\AppData\Roaming\.minecraft\runtime\jre-legacy\bin\msvcr100.dll
0x0000000057f20000 - 0x00000000587a3000 	C:\Users\Administrator\AppData\Roaming\.minecraft\runtime\jre-legacy\bin\server\jvm.dll
0x00007ffd26f40000 - 0x00007ffd26f48000 	C:\WINDOWS\System32\PSAPI.DLL
0x00007ffd1fa00000 - 0x00007ffd1fa09000 	C:\WINDOWS\SYSTEM32\WSOCK32.dll
0x00007ffd17200000 - 0x00007ffd17227000 	C:\WINDOWS\SYSTEM32\WINMM.dll
0x00007ffd1e4f0000 - 0x00007ffd1e4fa000 	C:\WINDOWS\SYSTEM32\VERSION.dll
0x00007ffd26160000 - 0x00007ffd261cb000 	C:\WINDOWS\System32\WS2_32.dll
0x0000000057f10000 - 0x0000000057f1f000 	C:\Users\Administrator\AppData\Roaming\.minecraft\runtime\jre-legacy\bin\verify.dll
0x0000000057ee0000 - 0x0000000057f09000 	C:\Users\Administrator\AppData\Roaming\.minecraft\runtime\jre-legacy\bin\java.dll
0x0000000057eb0000 - 0x0000000057ed3000 	C:\Users\Administrator\AppData\Roaming\.minecraft\runtime\jre-legacy\bin\instrument.dll
0x0000000057e90000 - 0x0000000057ea6000 	C:\Users\Administrator\AppData\Roaming\.minecraft\runtime\jre-legacy\bin\zip.dll
0x00007ffd266b0000 - 0x00007ffd26e1b000 	C:\WINDOWS\System32\SHELL32.dll
0x00007ffd22760000 - 0x00007ffd22efd000 	C:\WINDOWS\SYSTEM32\windows.storage.dll
0x00007ffd25cf0000 - 0x00007ffd26043000 	C:\WINDOWS\System32\combase.dll
0x00007ffd23f90000 - 0x00007ffd23fbe000 	C:\WINDOWS\SYSTEM32\Wldp.dll
0x00007ffd26f60000 - 0x00007ffd2702d000 	C:\WINDOWS\System32\OLEAUT32.dll
0x00007ffd260b0000 - 0x00007ffd2615d000 	C:\WINDOWS\System32\SHCORE.dll
0x00007ffd26050000 - 0x00007ffd260a5000 	C:\WINDOWS\System32\shlwapi.dll
0x00007ffd24650000 - 0x00007ffd24674000 	C:\WINDOWS\SYSTEM32\profapi.dll
0x00007ffd24040000 - 0x00007ffd24058000 	C:\WINDOWS\SYSTEM32\CRYPTSP.dll
0x00007ffd236b0000 - 0x00007ffd236e4000 	C:\WINDOWS\system32\rsaenh.dll
0x00007ffd245c0000 - 0x00007ffd245ee000 	C:\WINDOWS\SYSTEM32\USERENV.dll
0x00007ffd24e30000 - 0x00007ffd24eb2000 	C:\WINDOWS\System32\bcryptprimitives.dll
0x00007ffd23f00000 - 0x00007ffd23f0c000 	C:\WINDOWS\SYSTEM32\CRYPTBASE.dll
0x0000000057e70000 - 0x0000000057e8a000 	C:\Users\Administrator\AppData\Roaming\.minecraft\runtime\jre-legacy\bin\net.dll
0x00007ffd23d70000 - 0x00007ffd23dda000 	C:\WINDOWS\system32\mswsock.dll
0x00007ffd23a70000 - 0x00007ffd23aab000 	C:\WINDOWS\SYSTEM32\IPHLPAPI.DLL
0x00007ffd266a0000 - 0x00007ffd266a8000 	C:\WINDOWS\System32\NSI.dll
0x00007ffd1b710000 - 0x00007ffd1b727000 	C:\WINDOWS\SYSTEM32\dhcpcsvc6.DLL
0x00007ffd1b200000 - 0x00007ffd1b21d000 	C:\WINDOWS\SYSTEM32\dhcpcsvc.DLL
0x00007ffd23ab0000 - 0x00007ffd23b7b000 	C:\WINDOWS\SYSTEM32\DNSAPI.dll
0x0000000057e50000 - 0x0000000057e61000 	C:\Users\Administrator\AppData\Roaming\.minecraft\runtime\jre-legacy\bin\nio.dll
0x0000000057e40000 - 0x0000000057e4d000 	C:\Users\Administrator\AppData\Roaming\.minecraft\runtime\jre-legacy\bin\management.dll
0x00007ffd1c020000 - 0x00007ffd1c037000 	C:\WINDOWS\system32\napinsp.dll
0x00007ffd1b630000 - 0x00007ffd1b64b000 	C:\WINDOWS\system32\pnrpnsp.dll
0x00007ffd1dbc0000 - 0x00007ffd1dbd5000 	C:\WINDOWS\system32\wshbth.dll
0x00007ffd20230000 - 0x00007ffd2024d000 	C:\WINDOWS\system32\NLAapi.dll
0x00007ffd184e0000 - 0x00007ffd184f2000 	C:\WINDOWS\System32\winrnr.dll
0x00007ffd18f90000 - 0x00007ffd19010000 	C:\WINDOWS\System32\fwpuclnt.dll
0x00007ffd1ad30000 - 0x00007ffd1ad3a000 	C:\Windows\System32\rasadhlp.dll
0x0000000057e10000 - 0x0000000057e34000 	C:\Users\Administrator\AppData\Roaming\.minecraft\runtime\jre-legacy\bin\sunec.dll
0x0000000057df0000 - 0x0000000057e07000 	C:\Users\Administrator\AppData\Roaming\.minecraft\runtime\jre-legacy\bin\unpack.dll
0x0000000180000000 - 0x0000000180053000 	C:\Users\Administrator\AppData\Roaming\.minecraft\versions\1.12.2-forge-14.23.5.2860\1.12.2-forge-14.23.5.2860-natives-1481393046696000\lwjgl64.dll
0x00007ffd04bb0000 - 0x00007ffd04cd5000 	C:\WINDOWS\SYSTEM32\OPENGL32.dll
0x00007ffd16ff0000 - 0x00007ffd1701c000 	C:\WINDOWS\SYSTEM32\GLU32.dll
0x0000000057c50000 - 0x0000000057de8000 	C:\Users\Administrator\AppData\Roaming\.minecraft\runtime\jre-legacy\bin\awt.dll
0x00007ffd21f40000 - 0x00007ffd21fd0000 	C:\WINDOWS\SYSTEM32\apphelp.dll
0x00007ffd1fed0000 - 0x00007ffd1ff7e000 	C:\WINDOWS\SYSTEM32\mscms.dll
0x00007ffd1fcc0000 - 0x00007ffd1fcd1000 	C:\WINDOWS\SYSTEM32\ColorAdapterClient.dll
0x00007ffd22480000 - 0x00007ffd22492000 	C:\WINDOWS\SYSTEM32\kernel.appcore.dll
0x00007ffd254d0000 - 0x00007ffd25579000 	C:\WINDOWS\System32\clbcatq.dll
0x00007ffd24d40000 - 0x00007ffd24d8e000 	C:\WINDOWS\System32\cfgmgr32.dll
0x00007ffd22190000 - 0x00007ffd2222e000 	C:\WINDOWS\system32\uxtheme.dll
0x00007ffd251f0000 - 0x00007ffd25304000 	C:\WINDOWS\System32\MSCTF.dll
0x00007ffd15510000 - 0x00007ffd15609000 	C:\WINDOWS\SYSTEM32\textinputframework.dll
0x00007ffd21930000 - 0x00007ffd21c8b000 	C:\WINDOWS\System32\CoreUIComponents.dll
0x00007ffd21c90000 - 0x00007ffd21d82000 	C:\WINDOWS\System32\CoreMessaging.dll
0x00007ffd237d0000 - 0x00007ffd23803000 	C:\WINDOWS\SYSTEM32\ntmarta.dll
0x00007ffd20270000 - 0x00007ffd203c7000 	C:\WINDOWS\SYSTEM32\wintypes.dll
0x00007ffcde5c0000 - 0x00007ffce0c95000 	C:\WINDOWS\System32\DriverStore\FileRepository\nvacegpu.inf_amd64_0475a47d347fa46e\nvoglv64.dll
0x00007ffd25820000 - 0x00007ffd25c8e000 	C:\WINDOWS\System32\SETUPAPI.dll
0x00007ffd26570000 - 0x00007ffd2669b000 	C:\WINDOWS\System32\ole32.dll
0x00007ffd1def0000 - 0x00007ffd1df04000 	C:\WINDOWS\SYSTEM32\WTSAPI32.dll
0x00007ffd243d0000 - 0x00007ffd24403000 	C:\WINDOWS\System32\DEVOBJ.dll
0x00007ffd24720000 - 0x00007ffd24787000 	C:\WINDOWS\System32\WINTRUST.dll
0x00007ffd247c0000 - 0x00007ffd2491e000 	C:\WINDOWS\System32\CRYPT32.dll
0x00007ffd241e0000 - 0x00007ffd241f2000 	C:\WINDOWS\System32\MSASN1.dll
0x00007ffd22450000 - 0x00007ffd2247f000 	C:\WINDOWS\SYSTEM32\dwmapi.dll
0x00007ffd1e570000 - 0x00007ffd1e5ab000 	C:\WINDOWS\SYSTEM32\dxcore.dll
0x00007ffcfb080000 - 0x00007ffcfb2ea000 	C:\WINDOWS\system32\nvspcap64.dll
0x00007ffd0adc0000 - 0x00007ffd0ae03000 	C:\WINDOWS\SYSTEM32\icm32.dll
0x00007ffd24570000 - 0x00007ffd245bb000 	C:\WINDOWS\SYSTEM32\powrprof.dll
0x00007ffd24550000 - 0x00007ffd24562000 	C:\WINDOWS\SYSTEM32\UMPDC.dll
0x00007ffd244f0000 - 0x00007ffd2454b000 	C:\WINDOWS\SYSTEM32\WINSTA.dll
0x00007ffd22f60000 - 0x00007ffd23052000 	C:\WINDOWS\SYSTEM32\dxgi.dll
0x00007ffd21140000 - 0x00007ffd213a3000 	C:\WINDOWS\SYSTEM32\d3d11.dll
0x00007ffcfb800000 - 0x00007ffcfb8ef000 	C:\WINDOWS\System32\DriverStore\FileRepository\nvacegpu.inf_amd64_0475a47d347fa46e\nvldumdx.dll
0x00007ffd1de70000 - 0x00007ffd1dea1000 	C:\WINDOWS\SYSTEM32\cryptnet.dll
0x00007ffd25580000 - 0x00007ffd2559d000 	C:\WINDOWS\System32\imagehlp.dll
0x00007ffcd7870000 - 0x00007ffcd9f10000 	C:\WINDOWS\System32\DriverStore\FileRepository\nvacegpu.inf_amd64_0475a47d347fa46e\nvwgf2umx.dll
0x00007ffd15670000 - 0x00007ffd15b5e000 	C:\WINDOWS\SYSTEM32\nvapi64.dll
0x00007ffd13db0000 - 0x00007ffd152a3000 	C:\WINDOWS\System32\DriverStore\FileRepository\iigd_dch_base.inf_amd64_b95c9a044993331b\igd10iumd64.dll
0x00007ffd24000000 - 0x00007ffd24029000 	C:\WINDOWS\SYSTEM32\ncrypt.dll
0x00007ffd23fc0000 - 0x00007ffd23ffb000 	C:\WINDOWS\SYSTEM32\NTASN1.dll
0x00007ffcfdd40000 - 0x00007ffcffca5000 	C:\WINDOWS\System32\DriverStore\FileRepository\iigd_dch_base.inf_amd64_b95c9a044993331b\igc64.dll
0x00007ffd100a0000 - 0x00007ffd100e2000 	C:\Users\Administrator\AppData\Local\Temp\jna-146731693\jna486069902185509599.dll
0x0000000057c10000 - 0x0000000057c41000 	C:\Users\Administrator\AppData\Roaming\.minecraft\runtime\jre-legacy\bin\jpeg.dll
0x0000020495a10000 - 0x0000020495a74000 	C:\Users\Administrator\AppData\Roaming\.minecraft\versions\1.12.2-forge-14.23.5.2860\1.12.2-forge-14.23.5.2860-natives-1481393046696000\OpenAL64.dll
0x00007ffd05900000 - 0x00007ffd0599c000 	C:\WINDOWS\SYSTEM32\dsound.dll
0x00007ffd19220000 - 0x00007ffd19246000 	C:\WINDOWS\SYSTEM32\winmmbase.dll
0x00007ffd1da20000 - 0x00007ffd1daa5000 	C:\WINDOWS\System32\MMDevApi.dll
0x00007ffd1dcc0000 - 0x00007ffd1de41000 	C:\WINDOWS\SYSTEM32\AUDIOSES.DLL
0x00007ffd07660000 - 0x00007ffd07844000 	C:\WINDOWS\SYSTEM32\dbghelp.dll

VM Arguments:
jvm_args: -XX:+UnlockExperimentalVMOptions -XX:+UseG1GC -XX:G1NewSizePercent=20 -XX:G1ReservePercent=20 -XX:MaxGCPauseMillis=50 -XX:G1HeapRegionSize=16M -Djava.net.preferIPv4Stack=true -Xmx4034m -javaagent:C:\Users\Administrator\AppData\Roaming\.minecraft\sklauncher-fx.jar -DMcEmu=net.minecraft.client.main.Main -Dlog4j2.formatMsgNoLookups=true -Djava.rmi.server.useCodebaseOnly=true -Dcom.sun.jndi.rmi.object.trustURLCodebase=false -Dcom.sun.jndi.cosnaming.object.trustURLCodebase=false -Dlog4j.configurationFile=C:\Users\Administrator\AppData\Roaming\.minecraft\assets\log_configs\log4j2-1.12.xml -XX:HeapDumpPath=MojangTricksIntelDriversForPerformance_javaw.exe_minecraft.exe.heapdump -Djava.library.path=C:\Users\Administrator\AppData\Roaming\.minecraft\versions\1.12.2-forge-14.23.5.2860\1.12.2-forge-14.23.5.2860-natives-1481393046696000 -Dminecraft.launcher.brand=java-minecraft-launcher -Dminecraft.launcher.version=1.6.93 -Dminecraft.client.jar=C:\Users\Administrator\AppData\Roaming\.minecraft\versions\1.12.2-forge-14.23.5.2860\1.12.2-forge-14.23.5.2860.jar 
java_command: net.minecraft.launchwrapper.Launch --username iva_N --version 1.12.2-forge-14.23.5.2860 --gameDir C:\Users\Administrator\Documents\Curse\Minecraft\Instances\Infinite Alchemy --assetsDir C:\Users\Administrator\AppData\Roaming\.minecraft\assets --assetIndex 1.12 --uuid 94208b00cb7f390fb17ab7b6b839de03 --accessToken d9c7373826e24e4492a97c77a99acc49 --userType msa --tweakClass net.minecraftforge.fml.common.launcher.FMLTweaker --versionType Forge --width 854 --height 480
java_class_path (initial): C:\Users\Administrator\AppData\Roaming\.minecraft\libraries\net\minecraftforge\forge\1.12.2-14.23.5.2860\forge-1.12.2-14.23.5.2860.jar;C:\Users\Administrator\AppData\Roaming\.minecraft\libraries\org\ow2\asm\asm-debug-all\5.2\asm-debug-all-5.2.jar;C:\Users\Administrator\AppData\Roaming\.minecraft\libraries\net\minecraft\launchwrapper\1.12\launchwrapper-1.12.jar;C:\Users\Administrator\AppData\Roaming\.minecraft\libraries\org\jline\jline\3.5.1\jline-3.5.1.jar;C:\Users\Administrator\AppData\Roaming\.minecraft\libraries\com\typesafe\akka\akka-actor_2.11\2.3.3\akka-actor_2.11-2.3.3.jar;C:\Users\Administrator\AppData\Roaming\.minecraft\libraries\com\typesafe\config\1.2.1\config-1.2.1.jar;C:\Users\Administrator\AppData\Roaming\.minecraft\libraries\org\scala-lang\scala-actors-migration_2.11\1.1.0\scala-actors-migration_2.11-1.1.0.jar;C:\Users\Administrator\AppData\Roaming\.minecraft\libraries\org\scala-lang\scala-compiler\2.11.1\scala-compiler-2.11.1.jar;C:\Users\Administrator\AppData\Roaming\.minecraft\libraries\org\scala-lang\plugins\scala-continuations-library_2.11\1.0.2_mc\scala-continuations-library_2.11-1.0.2_mc.jar;C:\Users\Administrator\AppData\Roaming\.minecraft\libraries\org\scala-lang\plugins\scala-continuations-plugin_2.11.1\1.0.2_mc\scala-continuations-plugin_2.11.1-1.0.2_mc.jar;C:\Users\Administrator\AppData\Roaming\.minecraft\libraries\org\scala-lang\scala-library\2.11.1\scala-library-2.11.1.jar;C:\Users\Administrator\AppData\Roaming\.minecraft\libraries\org\scala-lang\scala-parser-combinators_2.11\1.0.1\scala-parser-combinators_2.11-1.0.1.jar;C:\Users\Administrator\AppData\Roaming\.minecraft\libraries\org\scala-lang\scala-reflect\2.11.1\scala-reflect-2.11.1.jar;C:\Users\Administrator\AppData\Roaming\.minecraft\libraries\org\scala-lang\scala-swing_2.11\1.0.1\scala-swing_2.11-1.0.1.jar;C:\Users\Administrator\AppData\Roaming\.minecraft\libraries\org\scala-lang\scala-xml_2.11\1.0.2\scala-xml_2.11-1.0.2.jar;C:\Users\Administrator\AppDa
Launcher Type: SUN_STANDARD

Environment Variables:
PATH=c:\program files\java\jre1.8.0_341\bin;C:\ProgramData\Oracle\Java\javapath;C:\Program Files (x86)\Common Files\Oracle\Java\javapath;C:\Program Files (x86)\Intel\iCLS Client\;C:\Program Files\Intel\iCLS Client\;C:\Windows\system32;C:\Windows;C:\Windows\System32\Wbem;C:\Windows\System32\WindowsPowerShell\v1.0\;C:\Program Files (x86)\Intel\Intel(R) Management Engine Components\DAL;C:\Program Files\Intel\Intel(R) Management Engine Components\DAL;C:\Program Files (x86)\Intel\Intel(R) Management Engine Components\IPT;C:\Program Files\Intel\Intel(R) Management Engine Components\IPT;C:\Program Files\Intel\WiFi\bin\;C:\Program Files\Common Files\Intel\WirelessCommon\;C:\WINDOWS\system32;C:\WINDOWS;C:\WINDOWS\System32\Wbem;C:\WINDOWS\System32\WindowsPowerShell\v1.0\;C:\WINDOWS\System32\OpenSSH\;C:\Program Files (x86)\NVIDIA Corporation\PhysX\Common;C:\Program Files (x86)\Windows Kits\8.1\Windows Performance Toolkit\;C:\Program Files\dotnet\;C:\Program Files\Microsoft SQL Server\130\Tools\Binn\;C:\Program Files\Common Files\Autodesk Shared\;C:\Program Files (x86)\Autodesk\Backburner\;C:\WINDOWS\system32;C:\WINDOWS;C:\WINDOWS\System32\Wbem;C:\WINDOWS\System32\WindowsPowerShell\v1.0\;C:\WINDOWS\System32\OpenSSH\;C:\Program Files\nodejs\;C:\Users\Administrator\AppData\Local\Microsoft\WindowsApps;;C:\Users\Administrator\AppData\Local\Programs\Microsoft VS Code\bin;C:\Users\Administrator\AppData\Roaming\npm
USERNAME=Administrator
OS=Windows_NT
PROCESSOR_IDENTIFIER=Intel64 Family 6 Model 142 Stepping 10, GenuineIntel



---------------  S Y S T E M  ---------------

OS: Windows 10.0 , 64 bit Build 19041 (10.0.19041.3636)

CPU:total 8 (4 cores per cpu, 2 threads per core) family 6 model 142 stepping 10, cmov, cx8, fxsr, mmx, sse, sse2, sse3, ssse3, sse4.1, sse4.2, popcnt, avx, avx2, aes, clmul, erms, 3dnowpref, lzcnt, ht, tsc, tscinvbit, bmi1, bmi2, adx

Memory: 4k page, physical 8262884k(904776k free), swap 16317012k(7431156k free)

vm_info: Java HotSpot(TM) 64-Bit Server VM (25.51-b03) for windows-amd64 JRE (1.8.0_51-b16), built on Jun  8 2015 18:03:07 by "java_re" with MS VC++ 10.0 (VS2010)

time: Sat Aug 17 13:03:48 2024
elapsed time: 202 seconds (0d 0h 3m 22s)

