#
# A fatal error has been detected by the Java Runtime Environment:
#
#  EXCEPTION_ACCESS_VIOLATION (0xc0000005) at pc=0x0000026113fc1066, pid=8824, tid=272
#
# JRE version: Java(TM) SE Runtime Environment (8.0_51-b16) (build 1.8.0_51-b16)
# Java VM: Java HotSpot(TM) 64-Bit Server VM (25.51-b03 mixed mode windows-amd64 compressed oops)
# Problematic frame:
# C  [OpenAL64.dll+0x11066]
#
# Failed to write core dump. Minidumps are not enabled by default on client versions of Windows
#
# If you would like to submit a bug report, please visit:
#   http://bugreport.java.com/bugreport/crash.jsp
# The crash happened outside the Java Virtual Machine in native code.
# See problematic frame for where to report the bug.
#

---------------  T H R E A D  ---------------

Current thread (0x000002610b807000):  JavaThread "Thread-14" [_thread_in_native, id=272, stack(0x000000961ec40000,0x000000961ed40000)]

siginfo: ExceptionCode=0xc0000005, reading address 0x000002611f7bd004

Registers:
RAX=0x0000000000000004, RBX=0x000002613d820090, RCX=0x000002611f7bd008, RDX=0x000002611f7bd004
RSP=0x000000961ed3ef00, RBP=0x00000000000000ff, RSI=0x000002611f7bbdcc, RDI=0x0000000000000000
R8 =0x000000000000048e, R9 =0x000002611f7bbdcc, R10=0x0000026165d76f8f, R11=0x0000000077367bb0
R12=0x0000000000000001, R13=0x000002613de5fba0, R14=0x000000961ed3f098, R15=0x000002610b807000
RIP=0x0000026113fc1066, EFLAGS=0x0000000000010202

Top of Stack: (sp=0x000000961ed3ef00)
0x000000961ed3ef00:   0000000000000000 000000007720b52b
0x000000961ed3ef10:   000002610b807000 000002610b807000
0x000000961ed3ef20:   000002613de5fba0 0000000000000000
0x000000961ed3ef30:   000002610b807000 000002611f7b9b00
0x000000961ed3ef40:   000002613de5fba0 000000961ed3f098
0x000000961ed3ef50:   0000026104fc4f10 00000000771f9836
0x000000961ed3ef60:   000000961ed3f708 00000261032c8560
0x000000961ed3ef70:   000002610b807000 000000961ed3f098
0x000000961ed3ef80:   000002613de5fba0 0000000000000000
0x000000961ed3ef90:   000002611f7bbdcc 000002611f7bbdcc
0x000000961ed3efa0:   000000961ed3f060 0000026113fc248f
0x000000961ed3efb0:   000002613d820090 000002613d820090
0x000000961ed3efc0:   000002610000ac44 0000026100000004
0x000000961ed3efd0:   00000006c38060e8 0000026165d76fbb
0x000000961ed3efe0:   000002613de5fba0 0000026165d76ce5
0x000000961ed3eff0:   000002610b807000 000002613de5fba0 

Instructions: (pc=0x0000026113fc1066)
0x0000026113fc1046:   41 2b ec 81 3a 03 00 02 00 75 09 8b 01 89 84 24
0x0000026113fc1056:   c8 00 00 00 49 83 c0 02 48 83 c1 08 4a 8d 14 86
0x0000026113fc1066:   39 3a 75 af 4c 8d 84 24 c0 00 00 00 48 8d 15 d7
0x0000026113fc1076:   2b 03 00 33 c9 e8 58 5f 00 00 b8 40 1f 00 00 4c 


Register to memory mapping:

RAX=0x0000000000000004 is an unknown value
RBX=0x000002613d820090 is an unknown value
RCX=0x000002611f7bd008 is an unknown value
RDX=0x000002611f7bd004 is an unknown value
RSP=0x000000961ed3ef00 is pointing into the stack for thread: 0x000002610b807000
RBP=0x00000000000000ff is an unknown value
RSI=0x000002611f7bbdcc is an unknown value
RDI=0x0000000000000000 is an unknown value
R8 =0x000000000000048e is an unknown value
R9 =0x000002611f7bbdcc is an unknown value
R10=0x0000026165d76f8f is at code_begin+911 in an Interpreter codelet
method entry point (kind = native)  [0x0000026165d76c00, 0x0000026165d77620]  2592 bytes
R11=0x0000000077367bb0 is an unknown value
R12=0x0000000000000001 is an unknown value
R13={method} {0x000002613de5fba8} 'nalcCreateContext' '(JJ)J' in 'org/lwjgl/openal/ALC10'
R14=0x000000961ed3f098 is pointing into the stack for thread: 0x000002610b807000
R15=0x000002610b807000 is a thread


Stack: [0x000000961ec40000,0x000000961ed40000],  sp=0x000000961ed3ef00,  free space=1019k
Native frames: (J=compiled Java code, j=interpreted, Vv=VM code, C=native code)
C  [OpenAL64.dll+0x11066]
C  [OpenAL64.dll+0x1248f]
C  0x0000026165d76fbb

Java frames: (J=compiled Java code, j=interpreted, Vv=VM code)
j  org.lwjgl.openal.ALC10.nalcCreateContext(JJ)J+0
j  org.lwjgl.openal.ALC10.alcCreateContext(Lorg/lwjgl/openal/ALCdevice;Ljava/nio/IntBuffer;)Lorg/lwjgl/openal/ALCcontext;+8
j  org.lwjgl.openal.AL.init(Ljava/lang/String;IIZZ)V+69
j  org.lwjgl.openal.AL.create(Ljava/lang/String;IIZZ)V+246
j  org.lwjgl.openal.AL.create(Ljava/lang/String;IIZ)V+5
j  org.lwjgl.openal.AL.create()V+6
j  paulscode.sound.libraries.LibraryLWJGLOpenAL.init()V+2
j  paulscode.sound.SoundSystem.CommandNewLibrary(Ljava/lang/Class;)V+273
j  paulscode.sound.SoundSystem.CommandQueue(Lpaulscode/sound/CommandObject;)Z+1206
j  paulscode.sound.CommandThread.run()V+51
v  ~StubRoutines::call_stub

---------------  P R O C E S S  ---------------

Java Threads: ( => current thread )
  0x000002610b80a000 JavaThread "Thread-15" [_thread_blocked, id=10160, stack(0x000000961f240000,0x000000961f340000)]
  0x000002610b809800 JavaThread "ForkJoinPool-1-worker-3" daemon [_thread_blocked, id=10244, stack(0x000000961f140000,0x000000961f240000)]
  0x000002610b808800 JavaThread "ForkJoinPool-1-worker-2" daemon [_thread_blocked, id=7888, stack(0x000000961f040000,0x000000961f140000)]
  0x000002610b808000 JavaThread "ForkJoinPool-1-worker-1" daemon [_thread_in_native, id=2484, stack(0x000000961ed40000,0x000000961ee40000)]
=>0x000002610b807000 JavaThread "Thread-14" [_thread_in_native, id=272, stack(0x000000961ec40000,0x000000961ed40000)]
  0x000002610b80b800 JavaThread "Sound Library Loader" [_thread_blocked, id=9108, stack(0x000000961eb40000,0x000000961ec40000)]
  0x000002610b7fe000 JavaThread "Keep-Alive-Timer" daemon [_thread_blocked, id=8616, stack(0x000000961b900000,0x000000961ba00000)]
  0x000002610b805000 JavaThread "pool-3-thread-1" [_thread_blocked, id=8936, stack(0x000000961b800000,0x000000961b900000)]
  0x000002610b803800 JavaThread "File IO Thread" [_thread_blocked, id=8080, stack(0x000000961b700000,0x000000961b800000)]
  0x00000261047da000 JavaThread "Keep-Alive-SocketCleaner" daemon [_thread_blocked, id=5056, stack(0x000000961e400000,0x000000961e500000)]
  0x000002610bbc1000 JavaThread "Config Lib config file watcher" daemon [_thread_blocked, id=6328, stack(0x000000961ef40000,0x000000961f040000)]
  0x000002610bbbf000 JavaThread "Thread-8" daemon [_thread_in_native, id=2556, stack(0x000000961ee40000,0x000000961ef40000)]
  0x00000261047d7000 JavaThread "LWJGL Timer" daemon [_thread_blocked, id=8380, stack(0x000000961de00000,0x000000961df00000)]
  0x00000261047d8800 JavaThread "Thread-5" [_thread_blocked, id=7724, stack(0x000000961e840000,0x000000961e940000)]
  0x00000261047dd800 JavaThread "Java2D Disposer" daemon [_thread_blocked, id=10860, stack(0x000000961dd00000,0x000000961de00000)]
  0x00000261047db800 JavaThread "Timer hack thread" daemon [_thread_blocked, id=4608, stack(0x000000961dc00000,0x000000961dd00000)]
  0x00000261047dc000 JavaThread "Snooper Timer" daemon [_thread_blocked, id=10436, stack(0x000000961d500000,0x000000961d600000)]
  0x000002610320d800 JavaThread "Service Thread" daemon [_thread_blocked, id=5684, stack(0x000000961da00000,0x000000961db00000)]
  0x0000026103200000 JavaThread "C1 CompilerThread3" daemon [_thread_in_vm, id=784, stack(0x000000961d900000,0x000000961da00000)]
  0x00000261031f9000 JavaThread "C2 CompilerThread2" daemon [_thread_blocked, id=7704, stack(0x000000961d800000,0x000000961d900000)]
  0x00000261031f8800 JavaThread "C2 CompilerThread1" daemon [_thread_in_native, id=4504, stack(0x000000961d700000,0x000000961d800000)]
  0x00000261031f3000 JavaThread "C2 CompilerThread0" daemon [_thread_in_native, id=7156, stack(0x000000961d600000,0x000000961d700000)]
  0x0000026102483800 JavaThread "Attach Listener" daemon [_thread_blocked, id=10680, stack(0x000000961d400000,0x000000961d500000)]
  0x0000026102482800 JavaThread "Signal Dispatcher" daemon [_thread_blocked, id=3820, stack(0x000000961d300000,0x000000961d400000)]
  0x0000026102482000 JavaThread "Surrogate Locker Thread (Concurrent GC)" daemon [_thread_blocked, id=10548, stack(0x000000961d200000,0x000000961d300000)]
  0x000002610242b800 JavaThread "Finalizer" daemon [_thread_blocked, id=10780, stack(0x000000961d100000,0x000000961d200000)]
  0x0000026102425800 JavaThread "Reference Handler" daemon [_thread_blocked, id=356, stack(0x000000961d000000,0x000000961d100000)]
  0x0000026165c66000 JavaThread "Client thread" [_thread_in_Java, id=10604, stack(0x000000961ba00000,0x000000961bb00000)]

Other Threads:
  0x000002610241b800 VMThread [stack: 0x000000961cf00000,0x000000961d000000] [id=7352]
  0x000002610327d800 WatcherThread [stack: 0x000000961db00000,0x000000961dc00000] [id=8248]

VM state:not at safepoint (normal execution)

VM Mutex/Monitor currently owned by a thread:  ([mutex/lock_event])
[0x0000026165c64530] Compile_lock - owner thread: 0x0000026103200000

Heap:
 garbage-first heap   total 3031040K, used 1355165K [0x00000006c3000000, 0x00000006c40005c8, 0x00000007c0000000)
  region size 16384K, 23 young (376832K), 7 survivors (114688K)
 Metaspace       used 237960K, capacity 245237K, committed 245424K, reserved 1251328K
  class space    used 41390K, capacity 43902K, committed 43952K, reserved 1048576K

Heap Regions: (Y=young(eden), SU=young(survivor), HS=humongous(starts), HC=humongous(continues), CS=collection set, F=free, TS=gc time stamp, PTAMS=previous top-at-mark-start, NTAMS=next top-at-mark-start)
AC   0  O    TS     0 PTAMS 0x00000006c4000000 NTAMS 0x00000006c4000000 space 16384K, 100% used [0x00000006c3000000, 0x00000006c4000000)
AC   0  O    TS     0 PTAMS 0x00000006c5000000 NTAMS 0x00000006c5000000 space 16384K, 100% used [0x00000006c4000000, 0x00000006c5000000)
AC   0  O    TS     0 PTAMS 0x00000006c6000000 NTAMS 0x00000006c6000000 space 16384K, 100% used [0x00000006c5000000, 0x00000006c6000000)
AC   0  O    TS     0 PTAMS 0x00000006c7000000 NTAMS 0x00000006c7000000 space 16384K, 100% used [0x00000006c6000000, 0x00000006c7000000)
AC   0  O    TS     0 PTAMS 0x00000006c8000000 NTAMS 0x00000006c8000000 space 16384K, 100% used [0x00000006c7000000, 0x00000006c8000000)
AC   0  O    TS     0 PTAMS 0x00000006c9000000 NTAMS 0x00000006c9000000 space 16384K, 100% used [0x00000006c8000000, 0x00000006c9000000)
AC   0  O    TS     0 PTAMS 0x00000006ca000000 NTAMS 0x00000006ca000000 space 16384K, 100% used [0x00000006c9000000, 0x00000006ca000000)
AC   0  O    TS     0 PTAMS 0x00000006cb000000 NTAMS 0x00000006cb000000 space 16384K, 100% used [0x00000006ca000000, 0x00000006cb000000)
AC   0  O    TS     0 PTAMS 0x00000006cc000000 NTAMS 0x00000006cc000000 space 16384K, 100% used [0x00000006cb000000, 0x00000006cc000000)
AC   0  O    TS     0 PTAMS 0x00000006cd000000 NTAMS 0x00000006cd000000 space 16384K, 100% used [0x00000006cc000000, 0x00000006cd000000)
AC   0  O    TS     0 PTAMS 0x00000006ce000000 NTAMS 0x00000006ce000000 space 16384K, 100% used [0x00000006cd000000, 0x00000006ce000000)
AC   0  O    TS    13 PTAMS 0x00000006ce000000 NTAMS 0x00000006ce000000 space 16384K, 100% used [0x00000006ce000000, 0x00000006cf000000)
AC   0  O    TS    13 PTAMS 0x00000006cf000000 NTAMS 0x00000006cf000000 space 16384K, 100% used [0x00000006cf000000, 0x00000006d0000000)
AC   0  O    TS     0 PTAMS 0x00000006d1000000 NTAMS 0x00000006d1000000 space 16384K, 100% used [0x00000006d0000000, 0x00000006d1000000)
AC   0  O    TS     0 PTAMS 0x00000006d2000000 NTAMS 0x00000006d2000000 space 16384K, 100% used [0x00000006d1000000, 0x00000006d2000000)
AC   0  O    TS    13 PTAMS 0x00000006d2000000 NTAMS 0x00000006d2000000 space 16384K, 100% used [0x00000006d2000000, 0x00000006d3000000)
AC   0  O    TS     0 PTAMS 0x00000006d4000000 NTAMS 0x00000006d4000000 space 16384K, 100% used [0x00000006d3000000, 0x00000006d4000000)
AC   0  O    TS     0 PTAMS 0x00000006d5000000 NTAMS 0x00000006d5000000 space 16384K, 100% used [0x00000006d4000000, 0x00000006d5000000)
AC   0  O    TS     0 PTAMS 0x00000006d6000000 NTAMS 0x00000006d6000000 space 16384K, 100% used [0x00000006d5000000, 0x00000006d6000000)
AC   0  O    TS     0 PTAMS 0x00000006d7000000 NTAMS 0x00000006d7000000 space 16384K, 100% used [0x00000006d6000000, 0x00000006d7000000)
AC   0  O    TS     0 PTAMS 0x00000006d8000000 NTAMS 0x00000006d8000000 space 16384K, 100% used [0x00000006d7000000, 0x00000006d8000000)
AC   0  O    TS     0 PTAMS 0x00000006d9000000 NTAMS 0x00000006d9000000 space 16384K, 100% used [0x00000006d8000000, 0x00000006d9000000)
AC   0  O    TS     0 PTAMS 0x00000006da000000 NTAMS 0x00000006da000000 space 16384K, 100% used [0x00000006d9000000, 0x00000006da000000)
AC   0  O    TS     0 PTAMS 0x00000006db000000 NTAMS 0x00000006db000000 space 16384K, 100% used [0x00000006da000000, 0x00000006db000000)
AC   0  O    TS     0 PTAMS 0x00000006dc000000 NTAMS 0x00000006dc000000 space 16384K, 100% used [0x00000006db000000, 0x00000006dc000000)
AC   0  O    TS     0 PTAMS 0x00000006dd000000 NTAMS 0x00000006dd000000 space 16384K, 100% used [0x00000006dc000000, 0x00000006dd000000)
AC   0  O    TS     0 PTAMS 0x00000006de000000 NTAMS 0x00000006de000000 space 16384K, 100% used [0x00000006dd000000, 0x00000006de000000)
AC   0  O    TS     0 PTAMS 0x00000006df000000 NTAMS 0x00000006df000000 space 16384K, 100% used [0x00000006de000000, 0x00000006df000000)
AC   0  O    TS     0 PTAMS 0x00000006e0000000 NTAMS 0x00000006e0000000 space 16384K, 100% used [0x00000006df000000, 0x00000006e0000000)
AC   0  O    TS     0 PTAMS 0x00000006e1000000 NTAMS 0x00000006e1000000 space 16384K, 100% used [0x00000006e0000000, 0x00000006e1000000)
AC   0  O    TS     0 PTAMS 0x00000006e2000000 NTAMS 0x00000006e2000000 space 16384K, 100% used [0x00000006e1000000, 0x00000006e2000000)
AC   0  O    TS     0 PTAMS 0x00000006e3000000 NTAMS 0x00000006e3000000 space 16384K, 100% used [0x00000006e2000000, 0x00000006e3000000)
AC   0  O    TS    13 PTAMS 0x00000006e3000000 NTAMS 0x00000006e3000000 space 16384K, 100% used [0x00000006e3000000, 0x00000006e4000000)
AC   0  O    TS     0 PTAMS 0x00000006e5000000 NTAMS 0x00000006e5000000 space 16384K, 100% used [0x00000006e4000000, 0x00000006e5000000)
AC   0  O    TS     0 PTAMS 0x00000006e6000000 NTAMS 0x00000006e6000000 space 16384K, 100% used [0x00000006e5000000, 0x00000006e6000000)
AC   0  O    TS     0 PTAMS 0x00000006e7000000 NTAMS 0x00000006e7000000 space 16384K, 100% used [0x00000006e6000000, 0x00000006e7000000)
AC   0  O    TS     0 PTAMS 0x00000006e8000000 NTAMS 0x00000006e8000000 space 16384K, 100% used [0x00000006e7000000, 0x00000006e8000000)
AC   0  O    TS     0 PTAMS 0x00000006e9000000 NTAMS 0x00000006e9000000 space 16384K, 100% used [0x00000006e8000000, 0x00000006e9000000)
AC   0  O    TS     0 PTAMS 0x00000006ea000000 NTAMS 0x00000006ea000000 space 16384K, 100% used [0x00000006e9000000, 0x00000006ea000000)
AC   0  O    TS     3 PTAMS 0x00000006ea000000 NTAMS 0x00000006ea000000 space 16384K, 100% used [0x00000006ea000000, 0x00000006eb000000)
AC   0  O    TS     5 PTAMS 0x00000006eb000000 NTAMS 0x00000006eb000000 space 16384K, 100% used [0x00000006eb000000, 0x00000006ec000000)
AC   0  O    TS    13 PTAMS 0x00000006ec000000 NTAMS 0x00000006ec000000 space 16384K, 100% used [0x00000006ec000000, 0x00000006ed000000)
AC   0  O    TS    13 PTAMS 0x00000006ed000000 NTAMS 0x00000006ed000000 space 16384K, 100% used [0x00000006ed000000, 0x00000006ee000000)
AC   0  O    TS    13 PTAMS 0x00000006ee000000 NTAMS 0x00000006ee000000 space 16384K, 100% used [0x00000006ee000000, 0x00000006ef000000)
AC   0  O    TS    15 PTAMS 0x00000006ef000000 NTAMS 0x00000006ef000000 space 16384K, 100% used [0x00000006ef000000, 0x00000006f0000000)
AC   0  O    TS    15 PTAMS 0x00000006f0000000 NTAMS 0x00000006f0000000 space 16384K, 100% used [0x00000006f0000000, 0x00000006f1000000)
AC   0  O    TS    15 PTAMS 0x00000006f1000000 NTAMS 0x00000006f1000000 space 16384K, 100% used [0x00000006f1000000, 0x00000006f2000000)
AC   0  O    TS    15 PTAMS 0x00000006f2000000 NTAMS 0x00000006f2000000 space 16384K, 100% used [0x00000006f2000000, 0x00000006f3000000)
AC   0  O    TS    15 PTAMS 0x00000006f3000000 NTAMS 0x00000006f3000000 space 16384K, 100% used [0x00000006f3000000, 0x00000006f4000000)
AC   0  O    TS    15 PTAMS 0x00000006f4000000 NTAMS 0x00000006f4000000 space 16384K, 100% used [0x00000006f4000000, 0x00000006f5000000)
AC   0  O    TS    15 PTAMS 0x00000006f5000000 NTAMS 0x00000006f5000000 space 16384K, 100% used [0x00000006f5000000, 0x00000006f6000000)
AC   0  O    TS    15 PTAMS 0x00000006f6000000 NTAMS 0x00000006f6000000 space 16384K, 100% used [0x00000006f6000000, 0x00000006f7000000)
AC   0  O    TS    15 PTAMS 0x00000006f7000000 NTAMS 0x00000006f7000000 space 16384K, 100% used [0x00000006f7000000, 0x00000006f8000000)
AC   0  O    TS    17 PTAMS 0x00000006f8000000 NTAMS 0x00000006f8000000 space 16384K, 100% used [0x00000006f8000000, 0x00000006f9000000)
AC   0  O    TS    17 PTAMS 0x00000006f9000000 NTAMS 0x00000006f9000000 space 16384K, 100% used [0x00000006f9000000, 0x00000006fa000000)
AC   0  O    TS    19 PTAMS 0x00000006fa000000 NTAMS 0x00000006fa000000 space 16384K, 100% used [0x00000006fa000000, 0x00000006fb000000)
AC   0  O    TS    27 PTAMS 0x00000006fb000000 NTAMS 0x00000006fb000000 space 16384K, 100% used [0x00000006fb000000, 0x00000006fc000000)
AC   0 HS    TS     0 PTAMS 0x00000006fc000000 NTAMS 0x00000006fc000000 space 32768K,  50% used [0x00000006fc000000, 0x00000006fe000000)
AC   0 HC    TS     0 PTAMS 0x00000006fd000000 NTAMS 0x00000006fd000000 space 16384K,   0% used [0x00000006fd000000, 0x00000006fe000000)
AC   0 HS    TS     0 PTAMS 0x00000006fe000000 NTAMS 0x00000006fe000000 space 32768K,  50% used [0x00000006fe000000, 0x0000000700000000)
AC   0 HC    TS     0 PTAMS 0x00000006ff000000 NTAMS 0x00000006ff000000 space 16384K,   0% used [0x00000006ff000000, 0x0000000700000000)
AC   0  F    TS     0 PTAMS 0x0000000700000000 NTAMS 0x0000000700000000 space 16384K,   0% used [0x0000000700000000, 0x0000000701000000)
AC   0  F    TS     0 PTAMS 0x0000000701000000 NTAMS 0x0000000701000000 space 16384K,   0% used [0x0000000701000000, 0x0000000702000000)
AC   0  F    TS     0 PTAMS 0x0000000702000000 NTAMS 0x0000000702000000 space 16384K,   0% used [0x0000000702000000, 0x0000000703000000)
AC   0  F    TS     0 PTAMS 0x0000000703000000 NTAMS 0x0000000703000000 space 16384K,   0% used [0x0000000703000000, 0x0000000704000000)
AC   0  F    TS     0 PTAMS 0x0000000704000000 NTAMS 0x0000000704000000 space 16384K,   0% used [0x0000000704000000, 0x0000000705000000)
AC   0  F    TS     0 PTAMS 0x0000000705000000 NTAMS 0x0000000705000000 space 16384K,   0% used [0x0000000705000000, 0x0000000706000000)
AC   0  F    TS     0 PTAMS 0x0000000706000000 NTAMS 0x0000000706000000 space 16384K,   0% used [0x0000000706000000, 0x0000000707000000)
AC   0  F    TS     0 PTAMS 0x0000000707000000 NTAMS 0x0000000707000000 space 16384K,   0% used [0x0000000707000000, 0x0000000708000000)
AC   0  F    TS     0 PTAMS 0x0000000708000000 NTAMS 0x0000000708000000 space 16384K,   0% used [0x0000000708000000, 0x0000000709000000)
AC   0  F    TS     0 PTAMS 0x0000000709000000 NTAMS 0x0000000709000000 space 16384K,   0% used [0x0000000709000000, 0x000000070a000000)
AC   0  F    TS     0 PTAMS 0x000000070a000000 NTAMS 0x000000070a000000 space 16384K,   0% used [0x000000070a000000, 0x000000070b000000)
AC   0  F    TS     5 PTAMS 0x000000070b000000 NTAMS 0x000000070b000000 space 16384K,   0% used [0x000000070b000000, 0x000000070c000000)
AC   0  F    TS     5 PTAMS 0x000000070c000000 NTAMS 0x000000070c000000 space 16384K,   0% used [0x000000070c000000, 0x000000070d000000)
AC   0  F    TS    11 PTAMS 0x000000070d000000 NTAMS 0x000000070d000000 space 16384K,   0% used [0x000000070d000000, 0x000000070e000000)
AC   0  F    TS    11 PTAMS 0x000000070e000000 NTAMS 0x000000070e000000 space 16384K,   0% used [0x000000070e000000, 0x000000070f000000)
AC   0  F    TS     9 PTAMS 0x000000070f000000 NTAMS 0x000000070f000000 space 16384K,   0% used [0x000000070f000000, 0x0000000710000000)
AC   0  F    TS     9 PTAMS 0x0000000710000000 NTAMS 0x0000000710000000 space 16384K,   0% used [0x0000000710000000, 0x0000000711000000)
AC   0  F    TS     9 PTAMS 0x0000000711000000 NTAMS 0x0000000711000000 space 16384K,   0% used [0x0000000711000000, 0x0000000712000000)
AC   0  O    TS    27 PTAMS 0x0000000712000000 NTAMS 0x0000000712000000 space 16384K,  71% used [0x0000000712000000, 0x0000000713000000)
AC   0  F    TS     9 PTAMS 0x0000000713000000 NTAMS 0x0000000713000000 space 16384K,   0% used [0x0000000713000000, 0x0000000714000000)
AC   0  F    TS     9 PTAMS 0x0000000714000000 NTAMS 0x0000000714000000 space 16384K,   0% used [0x0000000714000000, 0x0000000715000000)
AC   0  F    TS    11 PTAMS 0x0000000715000000 NTAMS 0x0000000715000000 space 16384K,   0% used [0x0000000715000000, 0x0000000716000000)
AC   0  F    TS    11 PTAMS 0x0000000716000000 NTAMS 0x0000000716000000 space 16384K,   0% used [0x0000000716000000, 0x0000000717000000)
AC   0  F    TS    11 PTAMS 0x0000000717000000 NTAMS 0x0000000717000000 space 16384K,   0% used [0x0000000717000000, 0x0000000718000000)
AC   0  F    TS    11 PTAMS 0x0000000718000000 NTAMS 0x0000000718000000 space 16384K,   0% used [0x0000000718000000, 0x0000000719000000)
AC   0  F    TS    11 PTAMS 0x0000000719000000 NTAMS 0x0000000719000000 space 16384K,   0% used [0x0000000719000000, 0x000000071a000000)
AC   0  F    TS     7 PTAMS 0x000000071a000000 NTAMS 0x000000071a000000 space 16384K,   0% used [0x000000071a000000, 0x000000071b000000)
AC   0  F    TS     7 PTAMS 0x000000071b000000 NTAMS 0x000000071b000000 space 16384K,   0% used [0x000000071b000000, 0x000000071c000000)
AC   0  F    TS     0 PTAMS 0x000000071c000000 NTAMS 0x000000071c000000 space 16384K,   0% used [0x000000071c000000, 0x000000071d000000)
AC   0  F    TS     0 PTAMS 0x000000071d000000 NTAMS 0x000000071d000000 space 16384K,   0% used [0x000000071d000000, 0x000000071e000000)
AC   0  F    TS     0 PTAMS 0x000000071e000000 NTAMS 0x000000071e000000 space 16384K,   0% used [0x000000071e000000, 0x000000071f000000)
AC   0  F    TS     0 PTAMS 0x000000071f000000 NTAMS 0x000000071f000000 space 16384K,   0% used [0x000000071f000000, 0x0000000720000000)
AC   0  F    TS     0 PTAMS 0x0000000720000000 NTAMS 0x0000000720000000 space 16384K,   0% used [0x0000000720000000, 0x0000000721000000)
AC   0  F    TS     0 PTAMS 0x0000000721000000 NTAMS 0x0000000721000000 space 16384K,   0% used [0x0000000721000000, 0x0000000722000000)
AC   0  F    TS     0 PTAMS 0x0000000722000000 NTAMS 0x0000000722000000 space 16384K,   0% used [0x0000000722000000, 0x0000000723000000)
AC   0  F    TS     0 PTAMS 0x0000000723000000 NTAMS 0x0000000723000000 space 16384K,   0% used [0x0000000723000000, 0x0000000724000000)
AC   0  F    TS    21 PTAMS 0x0000000724000000 NTAMS 0x0000000724000000 space 16384K,   0% used [0x0000000724000000, 0x0000000725000000)
AC   0  F    TS    21 PTAMS 0x0000000725000000 NTAMS 0x0000000725000000 space 16384K,   0% used [0x0000000725000000, 0x0000000726000000)
AC   0  F    TS    21 PTAMS 0x0000000726000000 NTAMS 0x0000000726000000 space 16384K,   0% used [0x0000000726000000, 0x0000000727000000)
AC   0  F    TS    21 PTAMS 0x0000000727000000 NTAMS 0x0000000727000000 space 16384K,   0% used [0x0000000727000000, 0x0000000728000000)
AC   0  F    TS    21 PTAMS 0x0000000728000000 NTAMS 0x0000000728000000 space 16384K,   0% used [0x0000000728000000, 0x0000000729000000)
AC   0  F    TS    21 PTAMS 0x0000000729000000 NTAMS 0x0000000729000000 space 16384K,   0% used [0x0000000729000000, 0x000000072a000000)
AC   0  F    TS     0 PTAMS 0x000000072a000000 NTAMS 0x000000072a000000 space 16384K,   0% used [0x000000072a000000, 0x000000072b000000)
AC   0  F    TS     0 PTAMS 0x000000072b000000 NTAMS 0x000000072b000000 space 16384K,   0% used [0x000000072b000000, 0x000000072c000000)
AC   0  F    TS     0 PTAMS 0x000000072c000000 NTAMS 0x000000072c000000 space 16384K,   0% used [0x000000072c000000, 0x000000072d000000)
AC   0  F    TS     0 PTAMS 0x000000072d000000 NTAMS 0x000000072d000000 space 16384K,   0% used [0x000000072d000000, 0x000000072e000000)
AC   0  F    TS     0 PTAMS 0x000000072e000000 NTAMS 0x000000072e000000 space 16384K,   0% used [0x000000072e000000, 0x000000072f000000)
AC   0  F    TS     0 PTAMS 0x000000072f000000 NTAMS 0x000000072f000000 space 16384K,   0% used [0x000000072f000000, 0x0000000730000000)
AC   0  F    TS     0 PTAMS 0x0000000730000000 NTAMS 0x0000000730000000 space 16384K,   0% used [0x0000000730000000, 0x0000000731000000)
AC   0  F    TS     0 PTAMS 0x0000000731000000 NTAMS 0x0000000731000000 space 16384K,   0% used [0x0000000731000000, 0x0000000732000000)
AC   0  F    TS     0 PTAMS 0x0000000732000000 NTAMS 0x0000000732000000 space 16384K,   0% used [0x0000000732000000, 0x0000000733000000)
AC   0  F    TS     0 PTAMS 0x0000000733000000 NTAMS 0x0000000733000000 space 16384K,   0% used [0x0000000733000000, 0x0000000734000000)
AC   0  F    TS     0 PTAMS 0x0000000734000000 NTAMS 0x0000000734000000 space 16384K,   0% used [0x0000000734000000, 0x0000000735000000)
AC   0  F    TS     0 PTAMS 0x0000000735000000 NTAMS 0x0000000735000000 space 16384K,   0% used [0x0000000735000000, 0x0000000736000000)
AC   0  F    TS    13 PTAMS 0x0000000736000000 NTAMS 0x0000000736000000 space 16384K,   0% used [0x0000000736000000, 0x0000000737000000)
AC   0  F    TS    13 PTAMS 0x0000000737000000 NTAMS 0x0000000737000000 space 16384K,   0% used [0x0000000737000000, 0x0000000738000000)
AC   0  F    TS    13 PTAMS 0x0000000738000000 NTAMS 0x0000000738000000 space 16384K,   0% used [0x0000000738000000, 0x0000000739000000)
AC   0  F    TS    13 PTAMS 0x0000000739000000 NTAMS 0x0000000739000000 space 16384K,   0% used [0x0000000739000000, 0x000000073a000000)
AC   0  F    TS    13 PTAMS 0x000000073a000000 NTAMS 0x000000073a000000 space 16384K,   0% used [0x000000073a000000, 0x000000073b000000)
AC   0  F    TS    13 PTAMS 0x000000073b000000 NTAMS 0x000000073b000000 space 16384K,   0% used [0x000000073b000000, 0x000000073c000000)
AC   0  F    TS    13 PTAMS 0x000000073c000000 NTAMS 0x000000073c000000 space 16384K,   0% used [0x000000073c000000, 0x000000073d000000)
AC   0  F    TS    13 PTAMS 0x000000073d000000 NTAMS 0x000000073d000000 space 16384K,   0% used [0x000000073d000000, 0x000000073e000000)
AC   0  F    TS    19 PTAMS 0x000000073e000000 NTAMS 0x000000073e000000 space 16384K,   0% used [0x000000073e000000, 0x000000073f000000)
AC   0  F    TS    19 PTAMS 0x000000073f000000 NTAMS 0x000000073f000000 space 16384K,   0% used [0x000000073f000000, 0x0000000740000000)
AC   0  S CS TS    27 PTAMS 0x0000000740000000 NTAMS 0x0000000740000000 space 16384K, 100% used [0x0000000740000000, 0x0000000741000000)
AC   0  F    TS    25 PTAMS 0x0000000741000000 NTAMS 0x0000000741000000 space 16384K,   0% used [0x0000000741000000, 0x0000000742000000)
AC   0  F    TS    25 PTAMS 0x0000000742000000 NTAMS 0x0000000742000000 space 16384K,   0% used [0x0000000742000000, 0x0000000743000000)
AC   0  F    TS    25 PTAMS 0x0000000743000000 NTAMS 0x0000000743000000 space 16384K,   0% used [0x0000000743000000, 0x0000000744000000)
AC   0  F    TS    25 PTAMS 0x0000000744000000 NTAMS 0x0000000744000000 space 16384K,   0% used [0x0000000744000000, 0x0000000745000000)
AC   0  S CS TS    27 PTAMS 0x0000000745000000 NTAMS 0x0000000745000000 space 16384K, 100% used [0x0000000745000000, 0x0000000746000000)
AC   0  S CS TS    27 PTAMS 0x0000000746000000 NTAMS 0x0000000746000000 space 16384K, 100% used [0x0000000746000000, 0x0000000747000000)
AC   0  S CS TS    27 PTAMS 0x0000000747000000 NTAMS 0x0000000747000000 space 16384K, 100% used [0x0000000747000000, 0x0000000748000000)
AC   0  S CS TS    27 PTAMS 0x0000000748000000 NTAMS 0x0000000748000000 space 16384K, 100% used [0x0000000748000000, 0x0000000749000000)
AC   0  S CS TS    27 PTAMS 0x0000000749000000 NTAMS 0x0000000749000000 space 16384K, 100% used [0x0000000749000000, 0x000000074a000000)
AC   0  S CS TS    27 PTAMS 0x000000074a000000 NTAMS 0x000000074a000000 space 16384K, 100% used [0x000000074a000000, 0x000000074b000000)
AC   0  F    TS    25 PTAMS 0x000000074b000000 NTAMS 0x000000074b000000 space 16384K,   0% used [0x000000074b000000, 0x000000074c000000)
AC   0  F    TS    25 PTAMS 0x000000074c000000 NTAMS 0x000000074c000000 space 16384K,   0% used [0x000000074c000000, 0x000000074d000000)
AC   0  F    TS     0 PTAMS 0x000000074d000000 NTAMS 0x000000074d000000 space 16384K,   0% used [0x000000074d000000, 0x000000074e000000)
AC   0  F    TS    17 PTAMS 0x000000074e000000 NTAMS 0x000000074e000000 space 16384K,   0% used [0x000000074e000000, 0x000000074f000000)
AC   0  F    TS    17 PTAMS 0x000000074f000000 NTAMS 0x000000074f000000 space 16384K,   0% used [0x000000074f000000, 0x0000000750000000)
AC   0  F    TS    17 PTAMS 0x0000000750000000 NTAMS 0x0000000750000000 space 16384K,   0% used [0x0000000750000000, 0x0000000751000000)
AC   0  F    TS    17 PTAMS 0x0000000751000000 NTAMS 0x0000000751000000 space 16384K,   0% used [0x0000000751000000, 0x0000000752000000)
AC   0  F    TS    17 PTAMS 0x0000000752000000 NTAMS 0x0000000752000000 space 16384K,   0% used [0x0000000752000000, 0x0000000753000000)
AC   0  F    TS     3 PTAMS 0x0000000753000000 NTAMS 0x0000000753000000 space 16384K,   0% used [0x0000000753000000, 0x0000000754000000)
AC   0  F    TS     3 PTAMS 0x0000000754000000 NTAMS 0x0000000754000000 space 16384K,   0% used [0x0000000754000000, 0x0000000755000000)
AC   0  F    TS     3 PTAMS 0x0000000755000000 NTAMS 0x0000000755000000 space 16384K,   0% used [0x0000000755000000, 0x0000000756000000)
AC   0  F    TS     0 PTAMS 0x0000000756000000 NTAMS 0x0000000756000000 space 16384K,   0% used [0x0000000756000000, 0x0000000757000000)
AC   0  F    TS     0 PTAMS 0x0000000757000000 NTAMS 0x0000000757000000 space 16384K,   0% used [0x0000000757000000, 0x0000000758000000)
AC   0  F    TS     0 PTAMS 0x0000000758000000 NTAMS 0x0000000758000000 space 16384K,   0% used [0x0000000758000000, 0x0000000759000000)
AC   0  F    TS     0 PTAMS 0x0000000759000000 NTAMS 0x0000000759000000 space 16384K,   0% used [0x0000000759000000, 0x000000075a000000)
AC   0  F    TS    15 PTAMS 0x000000075a000000 NTAMS 0x000000075a000000 space 16384K,   0% used [0x000000075a000000, 0x000000075b000000)
AC   0  F    TS    15 PTAMS 0x000000075b000000 NTAMS 0x000000075b000000 space 16384K,   0% used [0x000000075b000000, 0x000000075c000000)
AC   0  F    TS    15 PTAMS 0x000000075c000000 NTAMS 0x000000075c000000 space 16384K,   0% used [0x000000075c000000, 0x000000075d000000)
AC   0  F    TS    15 PTAMS 0x000000075d000000 NTAMS 0x000000075d000000 space 16384K,   0% used [0x000000075d000000, 0x000000075e000000)
AC   0  F    TS    15 PTAMS 0x000000075e000000 NTAMS 0x000000075e000000 space 16384K,   0% used [0x000000075e000000, 0x000000075f000000)
AC   0  F    TS     0 PTAMS 0x000000075f000000 NTAMS 0x000000075f000000 space 16384K,   0% used [0x000000075f000000, 0x0000000760000000)
AC   0  F    TS     0 PTAMS 0x0000000760000000 NTAMS 0x0000000760000000 space 16384K,   0% used [0x0000000760000000, 0x0000000761000000)
AC   0  F    TS     0 PTAMS 0x0000000761000000 NTAMS 0x0000000761000000 space 16384K,   0% used [0x0000000761000000, 0x0000000762000000)
AC   0  F    TS     0 PTAMS 0x0000000762000000 NTAMS 0x0000000762000000 space 16384K,   0% used [0x0000000762000000, 0x0000000763000000)
AC   0  F    TS     0 PTAMS 0x0000000763000000 NTAMS 0x0000000763000000 space 16384K,   0% used [0x0000000763000000, 0x0000000764000000)
AC   0  F    TS     0 PTAMS 0x0000000764000000 NTAMS 0x0000000764000000 space 16384K,   0% used [0x0000000764000000, 0x0000000765000000)
AC   0  F    TS     0 PTAMS 0x0000000765000000 NTAMS 0x0000000765000000 space 16384K,   0% used [0x0000000765000000, 0x0000000766000000)
AC   0  F    TS     0 PTAMS 0x0000000766000000 NTAMS 0x0000000766000000 space 16384K,   0% used [0x0000000766000000, 0x0000000767000000)
AC   0  F    TS     0 PTAMS 0x0000000767000000 NTAMS 0x0000000767000000 space 16384K,   0% used [0x0000000767000000, 0x0000000768000000)
AC   0  F    TS     0 PTAMS 0x0000000768000000 NTAMS 0x0000000768000000 space 16384K,   0% used [0x0000000768000000, 0x0000000769000000)
AC   0  F    TS     0 PTAMS 0x0000000769000000 NTAMS 0x0000000769000000 space 16384K,   0% used [0x0000000769000000, 0x000000076a000000)
AC   0  F    TS     0 PTAMS 0x000000076a000000 NTAMS 0x000000076a000000 space 16384K,   0% used [0x000000076a000000, 0x000000076b000000)
AC   0  E    TS     0 PTAMS 0x000000076b000000 NTAMS 0x000000076b000000 space 16384K,  75% used [0x000000076b000000, 0x000000076c000000)
AC   0  E CS TS     0 PTAMS 0x000000076c000000 NTAMS 0x000000076c000000 space 16384K, 100% used [0x000000076c000000, 0x000000076d000000)
AC   0  E CS TS     0 PTAMS 0x000000076d000000 NTAMS 0x000000076d000000 space 16384K, 100% used [0x000000076d000000, 0x000000076e000000)
AC   0  E CS TS     0 PTAMS 0x000000076e000000 NTAMS 0x000000076e000000 space 16384K, 100% used [0x000000076e000000, 0x000000076f000000)
AC   0  E CS TS     0 PTAMS 0x000000076f000000 NTAMS 0x000000076f000000 space 16384K, 100% used [0x000000076f000000, 0x0000000770000000)
AC   0  E CS TS     0 PTAMS 0x0000000770000000 NTAMS 0x0000000770000000 space 16384K, 100% used [0x0000000770000000, 0x0000000771000000)
AC   0  E CS TS     0 PTAMS 0x0000000771000000 NTAMS 0x0000000771000000 space 16384K, 100% used [0x0000000771000000, 0x0000000772000000)
AC   0  E CS TS     0 PTAMS 0x0000000772000000 NTAMS 0x0000000772000000 space 16384K, 100% used [0x0000000772000000, 0x0000000773000000)
AC   0  E CS TS     1 PTAMS 0x0000000773000000 NTAMS 0x0000000773000000 space 16384K, 100% used [0x0000000773000000, 0x0000000774000000)
AC   0  E CS TS     1 PTAMS 0x0000000774000000 NTAMS 0x0000000774000000 space 16384K, 100% used [0x0000000774000000, 0x0000000775000000)
AC   0  E CS TS     1 PTAMS 0x0000000775000000 NTAMS 0x0000000775000000 space 16384K, 100% used [0x0000000775000000, 0x0000000776000000)
AC   0  E CS TS     1 PTAMS 0x0000000776000000 NTAMS 0x0000000776000000 space 16384K, 100% used [0x0000000776000000, 0x0000000777000000)
AC   0  E CS TS     1 PTAMS 0x0000000777000000 NTAMS 0x0000000777000000 space 16384K, 100% used [0x0000000777000000, 0x0000000778000000)
AC   0  O    TS     3 PTAMS 0x0000000778000000 NTAMS 0x0000000778000000 space 16384K, 100% used [0x0000000778000000, 0x0000000779000000)
AC   0  E CS TS     1 PTAMS 0x0000000779000000 NTAMS 0x0000000779000000 space 16384K, 100% used [0x0000000779000000, 0x000000077a000000)
AC   0  E CS TS     1 PTAMS 0x000000077a000000 NTAMS 0x000000077a000000 space 16384K, 100% used [0x000000077a000000, 0x000000077b000000)
AC   0  E CS TS     1 PTAMS 0x000000077b000000 NTAMS 0x000000077b000000 space 16384K, 100% used [0x000000077b000000, 0x000000077c000000)

Card table byte_map: [0x0000026176190000,0x0000026176980000] byte_map_base: 0x0000026172b78000

Marking Bits (Prev, Next): (CMBitMap*) 0x0000026165ccaef0, (CMBitMap*) 0x0000026165ccae98
 Prev Bits: [0x000002617b0b0000, 0x000002617eff0000)
 Next Bits: [0x0000026177170000, 0x000002617b0b0000)

Polling page: 0x00000261657e0000

CodeCache: size=245760Kb used=48613Kb max_used=48838Kb free=197147Kb
 bounds [0x0000026165d60000, 0x0000026168d60000, 0x0000026174d60000]
 total_blobs=15155 nmethods=13544 adapters=1521
 compilation: enabled

Compilation events (10 events):
Event: 218.007 Thread 0x0000026103200000 19008       3       crazypants.enderio.base.render.property.PropertyIO::getName (5 bytes)
Event: 218.007 Thread 0x0000026103200000 nmethod 19008 0x0000026167417a90 code [0x0000026167417c00, 0x0000026167417d90]
Event: 218.008 Thread 0x0000026103200000 19009       3       it.unimi.dsi.fastutil.objects.ObjectOpenHashSet::iterator (5 bytes)
Event: 218.008 Thread 0x0000026103200000 nmethod 19009 0x00000261674eb1d0 code [0x00000261674eb340, 0x00000261674eb670]
Event: 218.010 Thread 0x0000026103200000 19010       3       crazypants.enderio.base.block.coldfire.ColdFireStateMapper::func_178132_a (30 bytes)
Event: 218.013 Thread 0x0000026103200000 nmethod 19010 0x0000026165f18b10 code [0x0000026165f18d40, 0x0000026165f199f0]
Event: 218.015 Thread 0x0000026103200000 19011       1       net.minecraft.block.BlockTrapDoor$DoorHalf::func_176610_l (5 bytes)
Event: 218.016 Thread 0x0000026103200000 nmethod 19011 0x0000026166cb7b90 code [0x0000026166cb7ce0, 0x0000026166cb7df8]
Event: 218.018 Thread 0x0000026103200000 19012       3       crazypants.enderio.base.block.lever.LeverStateMapper::func_178132_a (35 bytes)
Event: 218.021 Thread 0x0000026103200000 nmethod 19012 0x0000026166065fd0 code [0x0000026166066240, 0x0000026166067200]

GC Heap History (10 events):
Event: 204.758 GC heap before
{Heap before GC invocations=226 (full 0):
 garbage-first heap   total 3031040K, used 1848673K [0x00000006c3000000, 0x00000006c40005c8, 0x00000007c0000000)
  region size 16384K, 57 young (933888K), 5 survivors (81920K)
 Metaspace       used 221290K, capacity 227731K, committed 228016K, reserved 1236992K
  class space    used 38361K, capacity 40585K, committed 40624K, reserved 1048576K
Event: 204.795 GC heap after
Heap after GC invocations=227 (full 0):
 garbage-first heap   total 3031040K, used 998343K [0x00000006c3000000, 0x00000006c40005c8, 0x00000007c0000000)
  region size 16384K, 4 young (65536K), 4 survivors (65536K)
 Metaspace       used 221290K, capacity 227731K, committed 228016K, reserved 1236992K
  class space    used 38361K, capacity 40585K, committed 40624K, reserved 1048576K
}
Event: 208.072 GC heap before
{Heap before GC invocations=227 (full 0):
 garbage-first heap   total 3031040K, used 2259911K [0x00000006c3000000, 0x00000006c40005c8, 0x00000007c0000000)
  region size 16384K, 81 young (1327104K), 4 survivors (65536K)
 Metaspace       used 226958K, capacity 233473K, committed 233520K, reserved 1241088K
  class space    used 39484K, capacity 41750K, committed 41776K, reserved 1048576K
Event: 208.118 GC heap after
Heap after GC invocations=228 (full 0):
 garbage-first heap   total 3031040K, used 1031896K [0x00000006c3000000, 0x00000006c40005c8, 0x00000007c0000000)
  region size 16384K, 6 young (98304K), 6 survivors (98304K)
 Metaspace       used 226958K, capacity 233473K, committed 233520K, reserved 1241088K
  class space    used 39484K, capacity 41750K, committed 41776K, reserved 1048576K
}
Event: 210.718 GC heap before
{Heap before GC invocations=228 (full 0):
 garbage-first heap   total 3031040K, used 1818328K [0x00000006c3000000, 0x00000006c40005c8, 0x00000007c0000000)
  region size 16384K, 54 young (884736K), 6 survivors (98304K)
 Metaspace       used 230865K, capacity 237565K, committed 237872K, reserved 1245184K
  class space    used 40233K, capacity 42528K, committed 42544K, reserved 1048576K
Event: 210.769 GC heap after
Heap after GC invocations=229 (full 0):
 garbage-first heap   total 3031040K, used 1038045K [0x00000006c3000000, 0x00000006c40005c8, 0x00000007c0000000)
  region size 16384K, 6 young (98304K), 6 survivors (98304K)
 Metaspace       used 230865K, capacity 237565K, committed 237872K, reserved 1245184K
  class space    used 40233K, capacity 42528K, committed 42544K, reserved 1048576K
}
Event: 213.644 GC heap before
{Heap before GC invocations=229 (full 0):
 garbage-first heap   total 3031040K, used 1791709K [0x00000006c3000000, 0x00000006c40005c8, 0x00000007c0000000)
  region size 16384K, 52 young (851968K), 6 survivors (98304K)
 Metaspace       used 234420K, capacity 241339K, committed 241456K, reserved 1247232K
  class space    used 40795K, capacity 43235K, committed 43312K, reserved 1048576K
Event: 213.695 GC heap after
Heap after GC invocations=230 (full 0):
 garbage-first heap   total 3031040K, used 1044015K [0x00000006c3000000, 0x00000006c40005c8, 0x00000007c0000000)
  region size 16384K, 6 young (98304K), 6 survivors (98304K)
 Metaspace       used 234420K, capacity 241339K, committed 241456K, reserved 1247232K
  class space    used 40795K, capacity 43235K, committed 43312K, reserved 1048576K
}
Event: 217.394 GC heap before
{Heap before GC invocations=230 (full 0):
 garbage-first heap   total 3031040K, used 1977903K [0x00000006c3000000, 0x00000006c40005c8, 0x00000007c0000000)
  region size 16384K, 52 young (851968K), 6 survivors (98304K)
 Metaspace       used 237423K, capacity 244719K, committed 244912K, reserved 1251328K
  class space    used 41337K, capacity 43863K, committed 43952K, reserved 1048576K
Event: 217.459 GC heap after
Heap after GC invocations=231 (full 0):
 garbage-first heap   total 3031040K, used 1076637K [0x00000006c3000000, 0x00000006c40005c8, 0x00000007c0000000)
  region size 16384K, 7 young (114688K), 7 survivors (114688K)
 Metaspace       used 237423K, capacity 244719K, committed 244912K, reserved 1251328K
  class space    used 41337K, capacity 43863K, committed 43952K, reserved 1048576K
}

Deoptimization events (10 events):
Event: 217.916 Thread 0x0000026165c66000 Uncommon trap: reason=unstable_if action=reinterpret pc=0x0000026166065d08 method=net.minecraft.client.renderer.block.model.ModelResourceLocation.equals(Ljava/lang/Object;)Z @ 2
Event: 217.939 Thread 0x0000026165c66000 Uncommon trap: reason=class_check action=maybe_recompile pc=0x00000261674ecb54 method=it.unimi.dsi.fastutil.objects.Object2ObjectOpenHashMap.rehash(I)V @ 76
Event: 217.939 Thread 0x0000026165c66000 Uncommon trap: reason=class_check action=maybe_recompile pc=0x00000261674ecb54 method=it.unimi.dsi.fastutil.objects.Object2ObjectOpenHashMap.rehash(I)V @ 76
Event: 217.977 Thread 0x0000026165c66000 Uncommon trap: reason=bimorphic action=maybe_recompile pc=0x00000261681a29a0 method=it.unimi.dsi.fastutil.objects.Object2ObjectLinkedOpenHashMap.insert(Ljava/lang/Object;Ljava/lang/Object;)I @ 38
Event: 217.977 Thread 0x0000026165c66000 Uncommon trap: reason=bimorphic action=maybe_recompile pc=0x00000261681a29a0 method=it.unimi.dsi.fastutil.objects.Object2ObjectLinkedOpenHashMap.insert(Ljava/lang/Object;Ljava/lang/Object;)I @ 38
Event: 217.977 Thread 0x0000026165c66000 Uncommon trap: reason=bimorphic action=maybe_recompile pc=0x00000261681a29a0 method=it.unimi.dsi.fastutil.objects.Object2ObjectLinkedOpenHashMap.insert(Ljava/lang/Object;Ljava/lang/Object;)I @ 38
Event: 217.977 Thread 0x0000026165c66000 Uncommon trap: reason=bimorphic action=maybe_recompile pc=0x00000261681a29a0 method=it.unimi.dsi.fastutil.objects.Object2ObjectLinkedOpenHashMap.insert(Ljava/lang/Object;Ljava/lang/Object;)I @ 38
Event: 217.977 Thread 0x0000026165c66000 Uncommon trap: reason=bimorphic action=maybe_recompile pc=0x0000026168437b48 method=it.unimi.dsi.fastutil.objects.Object2ObjectLinkedOpenHashMap.insert(Ljava/lang/Object;Ljava/lang/Object;)I @ 38
Event: 217.989 Thread 0x0000026165c66000 Uncommon trap: reason=class_check action=maybe_recompile pc=0x00000261674ecb54 method=it.unimi.dsi.fastutil.objects.Object2ObjectOpenHashMap.rehash(I)V @ 76
Event: 217.990 Thread 0x0000026165c66000 Uncommon trap: reason=class_check action=maybe_recompile pc=0x00000261674ecb54 method=it.unimi.dsi.fastutil.objects.Object2ObjectOpenHashMap.rehash(I)V @ 76

Internal exceptions (10 events):
Event: 214.981 Thread 0x0000026165c66000 Implicit null exception at 0x0000026168527312 to 0x00000261685275a9
Event: 215.511 Thread 0x0000026165c66000 Implicit null exception at 0x0000026168bb21bb to 0x0000026168bb242d
Event: 216.141 Thread 0x0000026165c66000 Exception <a 'java/lang/NoSuchMethodError': java.lang.Object.lambda$getResourceLocations$0(Ljava/util/List;Lcom/teamacronymcoders/base/IBaseMod;Ljava/lang/String;)V> (0x0000000754ac10d8) thrown at [C:\re\workspace\8-2-build-windows-amd64-cygwin\jdk8u51\395®hÎU7k@
Event: 217.720 Thread 0x000002610b807000 Exception <a 'java/lang/InterruptedException': sleep interrupted> (0x000000077be0b170) thrown at [C:\re\workspace\8-2-build-windows-amd64-cygwin\jdk8u51\3951\hotspot\src\share\vm\prims\jvm.cpp, line 3211]
Event: 217.804 Thread 0x000002610b807000 Exception <a 'java/security/PrivilegedActionException'> (0x0000000773094170) thrown at [C:\re\workspace\8-2-build-windows-amd64-cygwin\jdk8u51\3951\hotspot\src\share\vm\prims\jvm.cpp, line 1382]
Event: 217.804 Thread 0x000002610b807000 Exception <a 'java/security/PrivilegedActionException'> (0x0000000773095530) thrown at [C:\re\workspace\8-2-build-windows-amd64-cygwin\jdk8u51\3951\hotspot\src\share\vm\prims\jvm.cpp, line 1382]
Event: 217.804 Thread 0x000002610b807000 Exception <a 'java/security/PrivilegedActionException'> (0x0000000773096e30) thrown at [C:\re\workspace\8-2-build-windows-amd64-cygwin\jdk8u51\3951\hotspot\src\share\vm\prims\jvm.cpp, line 1382]
Event: 217.804 Thread 0x000002610b807000 Exception <a 'java/security/PrivilegedActionException'> (0x0000000773098500) thrown at [C:\re\workspace\8-2-build-windows-amd64-cygwin\jdk8u51\3951\hotspot\src\share\vm\prims\jvm.cpp, line 1382]
Event: 217.804 Thread 0x000002610b807000 Exception <a 'java/security/PrivilegedActionException'> (0x0000000773099848) thrown at [C:\re\workspace\8-2-build-windows-amd64-cygwin\jdk8u51\3951\hotspot\src\share\vm\prims\jvm.cpp, line 1382]
Event: 217.804 Thread 0x000002610b807000 Exception <a 'java/security/PrivilegedActionException'> (0x000000077309acf0) thrown at [C:\re\workspace\8-2-build-windows-amd64-cygwin\jdk8u51\3951\hotspot\src\share\vm\prims\jvm.cpp, line 1382]

Events (10 events):
Event: 217.990 Thread 0x0000026165c66000 DEOPT PACKING pc=0x00000261674ecb54 sp=0x000000961bafe740
Event: 217.990 Thread 0x0000026165c66000 DEOPT UNPACKING pc=0x0000026165da5832 sp=0x000000961bafe680 mode 2
Event: 218.019 loading class org/lwjgl/openal/ALCdevice
Event: 218.019 loading class org/lwjgl/openal/ALCdevice done
Event: 218.020 loading class org/lwjgl/openal/ALCcontext
Event: 218.020 loading class org/lwjgl/openal/ALCcontext done
Event: 218.020 loading class org/lwjgl/openal/Util
Event: 218.020 loading class org/lwjgl/openal/Util done
Event: 218.021 loading class org/lwjgl/openal/OpenALException
Event: 218.021 loading class org/lwjgl/openal/OpenALException done


Dynamic libraries:
0x00007ff7c25f0000 - 0x00007ff7c2605000 	C:\Users\Administrator\AppData\Roaming\.minecraft\runtime\minecraft-java-exe\MinecraftJava.exe
0x00007ffcc8370000 - 0x00007ffcc8568000 	C:\WINDOWS\SYSTEM32\ntdll.dll
0x00007ffcc6ee0000 - 0x00007ffcc6f9d000 	C:\WINDOWS\System32\KERNEL32.DLL
0x00007ffcc5d10000 - 0x00007ffcc6006000 	C:\WINDOWS\System32\KERNELBASE.dll
0x00007ffcc65e0000 - 0x00007ffcc677f000 	C:\WINDOWS\System32\USER32.dll
0x00007ffcc5b30000 - 0x00007ffcc5b52000 	C:\WINDOWS\System32\win32u.dll
0x00007ffcc7010000 - 0x00007ffcc703b000 	C:\WINDOWS\System32\GDI32.dll
0x00007ffcc6010000 - 0x00007ffcc6127000 	C:\WINDOWS\System32\gdi32full.dll
0x00007ffcc5a20000 - 0x00007ffcc5abd000 	C:\WINDOWS\System32\msvcp_win.dll
0x00007ffcc5c10000 - 0x00007ffcc5d10000 	C:\WINDOWS\System32\ucrtbase.dll
0x00007ffcc0630000 - 0x00007ffcc064d000 	C:\WINDOWS\SYSTEM32\VCRUNTIME140.dll
0x00007ffcbf4f0000 - 0x00007ffcbf57d000 	C:\WINDOWS\SYSTEM32\MSVCP140.dll
0x00007ffcc05f0000 - 0x00007ffcc05fc000 	C:\WINDOWS\SYSTEM32\VCRUNTIME140_1.dll
0x00007ffcc63a0000 - 0x00007ffcc63d2000 	C:\WINDOWS\System32\IMM32.DLL
0x0000000050510000 - 0x000000005053f000 	C:\Users\Administrator\AppData\Roaming\.minecraft\runtime\jre-legacy\bin\jli.dll
0x00007ffcc7400000 - 0x00007ffcc74b0000 	C:\WINDOWS\System32\ADVAPI32.dll
0x00007ffcc67e0000 - 0x00007ffcc687e000 	C:\WINDOWS\System32\msvcrt.dll
0x00007ffcc6bc0000 - 0x00007ffcc6c60000 	C:\WINDOWS\System32\sechost.dll
0x00007ffcc6ce0000 - 0x00007ffcc6e03000 	C:\WINDOWS\System32\RPCRT4.dll
0x00007ffcc6130000 - 0x00007ffcc6157000 	C:\WINDOWS\System32\bcrypt.dll
0x00007ffcb19a0000 - 0x00007ffcb1a50000 	C:\WINDOWS\WinSxS\amd64_microsoft.windows.common-controls_6595b64144ccf1df_5.82.19041.4355_none_792ecafd2442822f\COMCTL32.dll
0x0000000050430000 - 0x0000000050502000 	C:\Users\Administrator\AppData\Roaming\.minecraft\runtime\jre-legacy\bin\msvcr100.dll
0x0000000077140000 - 0x00000000779c3000 	C:\Users\Administrator\AppData\Roaming\.minecraft\runtime\jre-legacy\bin\server\jvm.dll
0x00007ffcc8200000 - 0x00007ffcc8208000 	C:\WINDOWS\System32\PSAPI.DLL
0x00007ffcc5380000 - 0x00007ffcc5389000 	C:\WINDOWS\SYSTEM32\WSOCK32.dll
0x00007ffcc6fa0000 - 0x00007ffcc700b000 	C:\WINDOWS\System32\WS2_32.dll
0x00007ffcb8bc0000 - 0x00007ffcb8be7000 	C:\WINDOWS\SYSTEM32\WINMM.dll
0x00007ffcbf480000 - 0x00007ffcbf48a000 	C:\WINDOWS\SYSTEM32\VERSION.dll
0x0000000050420000 - 0x000000005042f000 	C:\Users\Administrator\AppData\Roaming\.minecraft\runtime\jre-legacy\bin\verify.dll
0x00000000503f0000 - 0x0000000050419000 	C:\Users\Administrator\AppData\Roaming\.minecraft\runtime\jre-legacy\bin\java.dll
0x00000000503c0000 - 0x00000000503e3000 	C:\Users\Administrator\AppData\Roaming\.minecraft\runtime\jre-legacy\bin\instrument.dll
0x00000000503a0000 - 0x00000000503b6000 	C:\Users\Administrator\AppData\Roaming\.minecraft\runtime\jre-legacy\bin\zip.dll
0x00007ffcc7a00000 - 0x00007ffcc816b000 	C:\WINDOWS\System32\SHELL32.dll
0x00007ffcc3a60000 - 0x00007ffcc41fd000 	C:\WINDOWS\SYSTEM32\windows.storage.dll
0x00007ffcc7040000 - 0x00007ffcc7393000 	C:\WINDOWS\System32\combase.dll
0x00007ffcc5290000 - 0x00007ffcc52be000 	C:\WINDOWS\SYSTEM32\Wldp.dll
0x0000026103000000 - 0x00000261030cd000 	C:\WINDOWS\System32\OLEAUT32.dll
0x00007ffcc6400000 - 0x00007ffcc64ad000 	C:\WINDOWS\System32\SHCORE.dll
0x00007ffcc7520000 - 0x00007ffcc7575000 	C:\WINDOWS\System32\shlwapi.dll
0x00007ffcc5950000 - 0x00007ffcc5974000 	C:\WINDOWS\SYSTEM32\profapi.dll
0x00007ffcc5340000 - 0x00007ffcc5358000 	C:\WINDOWS\SYSTEM32\CRYPTSP.dll
0x00007ffcc49b0000 - 0x00007ffcc49e4000 	C:\WINDOWS\system32\rsaenh.dll
0x00007ffcc5870000 - 0x00007ffcc589e000 	C:\WINDOWS\SYSTEM32\USERENV.dll
0x00007ffcc62c0000 - 0x00007ffcc6342000 	C:\WINDOWS\System32\bcryptprimitives.dll
0x00007ffcc5200000 - 0x00007ffcc520c000 	C:\WINDOWS\SYSTEM32\CRYPTBASE.dll
0x0000000050380000 - 0x000000005039a000 	C:\Users\Administrator\AppData\Roaming\.minecraft\runtime\jre-legacy\bin\net.dll
0x00007ffcc5070000 - 0x00007ffcc50da000 	C:\WINDOWS\system32\mswsock.dll
0x00007ffcc4d70000 - 0x00007ffcc4dab000 	C:\WINDOWS\SYSTEM32\IPHLPAPI.DLL
0x00007ffcc7580000 - 0x00007ffcc7588000 	C:\WINDOWS\System32\NSI.dll
0x00007ffcbde30000 - 0x00007ffcbde47000 	C:\WINDOWS\SYSTEM32\dhcpcsvc6.DLL
0x00007ffcbde10000 - 0x00007ffcbde2d000 	C:\WINDOWS\SYSTEM32\dhcpcsvc.DLL
0x00007ffcc4db0000 - 0x00007ffcc4e7b000 	C:\WINDOWS\SYSTEM32\DNSAPI.dll
0x0000000050360000 - 0x0000000050371000 	C:\Users\Administrator\AppData\Roaming\.minecraft\runtime\jre-legacy\bin\nio.dll
0x0000000050350000 - 0x000000005035d000 	C:\Users\Administrator\AppData\Roaming\.minecraft\runtime\jre-legacy\bin\management.dll
0x00007ffcbe9f0000 - 0x00007ffcbea07000 	C:\WINDOWS\system32\napinsp.dll
0x00007ffcbe5b0000 - 0x00007ffcbe5cb000 	C:\WINDOWS\system32\pnrpnsp.dll
0x00007ffcbede0000 - 0x00007ffcbedf5000 	C:\WINDOWS\system32\wshbth.dll
0x00007ffcc14e0000 - 0x00007ffcc14fd000 	C:\WINDOWS\system32\NLAapi.dll
0x00007ffcbe3e0000 - 0x00007ffcbe3f2000 	C:\WINDOWS\System32\winrnr.dll
0x00007ffcbac30000 - 0x00007ffcbacb0000 	C:\WINDOWS\System32\fwpuclnt.dll
0x00007ffcbba80000 - 0x00007ffcbba8a000 	C:\Windows\System32\rasadhlp.dll
0x0000000050320000 - 0x0000000050344000 	C:\Users\Administrator\AppData\Roaming\.minecraft\runtime\jre-legacy\bin\sunec.dll
0x0000000050300000 - 0x0000000050317000 	C:\Users\Administrator\AppData\Roaming\.minecraft\runtime\jre-legacy\bin\unpack.dll
0x0000000180000000 - 0x0000000180053000 	C:\Users\Administrator\AppData\Roaming\.minecraft\versions\1.12.2-forge-14.23.5.2860\1.12.2-forge-14.23.5.2860-natives-178460332724100\lwjgl64.dll
0x00007ffc99c30000 - 0x00007ffc99d55000 	C:\WINDOWS\SYSTEM32\OPENGL32.dll
0x00007ffca8b60000 - 0x00007ffca8b8c000 	C:\WINDOWS\SYSTEM32\GLU32.dll
0x0000000050160000 - 0x00000000502f8000 	C:\Users\Administrator\AppData\Roaming\.minecraft\runtime\jre-legacy\bin\awt.dll
0x00007ffcc3240000 - 0x00007ffcc32d0000 	C:\WINDOWS\SYSTEM32\apphelp.dll
0x00007ffcc1020000 - 0x00007ffcc10ce000 	C:\WINDOWS\SYSTEM32\mscms.dll
0x00007ffcc0e20000 - 0x00007ffcc0e31000 	C:\WINDOWS\SYSTEM32\ColorAdapterClient.dll
0x00007ffcc3780000 - 0x00007ffcc3792000 	C:\WINDOWS\SYSTEM32\kernel.appcore.dll
0x00007ffcc6880000 - 0x00007ffcc6929000 	C:\WINDOWS\System32\clbcatq.dll
0x00007ffcc6350000 - 0x00007ffcc639e000 	C:\WINDOWS\System32\cfgmgr32.dll
0x00007ffcc3390000 - 0x00007ffcc342e000 	C:\WINDOWS\system32\uxtheme.dll
0x00007ffcc8210000 - 0x00007ffcc8324000 	C:\WINDOWS\System32\MSCTF.dll
0x00007ffcb7c00000 - 0x00007ffcb7cf9000 	C:\WINDOWS\SYSTEM32\textinputframework.dll
0x00007ffcc28b0000 - 0x00007ffcc2c0b000 	C:\WINDOWS\System32\CoreUIComponents.dll
0x00007ffcc2f90000 - 0x00007ffcc3082000 	C:\WINDOWS\System32\CoreMessaging.dll
0x00007ffcc4af0000 - 0x00007ffcc4b23000 	C:\WINDOWS\SYSTEM32\ntmarta.dll
0x00007ffcc18c0000 - 0x00007ffcc1a17000 	C:\WINDOWS\SYSTEM32\wintypes.dll
0x00007ffc7f590000 - 0x00007ffc81c65000 	C:\WINDOWS\System32\DriverStore\FileRepository\nvacegpu.inf_amd64_0475a47d347fa46e\nvoglv64.dll
0x00007ffcc7590000 - 0x00007ffcc79fe000 	C:\WINDOWS\System32\SETUPAPI.dll
0x00007ffcc64b0000 - 0x00007ffcc65db000 	C:\WINDOWS\System32\ole32.dll
0x00007ffcbfeb0000 - 0x00007ffcbfec4000 	C:\WINDOWS\SYSTEM32\WTSAPI32.dll
0x00007ffcc56d0000 - 0x00007ffcc5703000 	C:\WINDOWS\System32\DEVOBJ.dll
0x00007ffcc5ac0000 - 0x00007ffcc5b27000 	C:\WINDOWS\System32\WINTRUST.dll
0x00007ffcc6160000 - 0x00007ffcc62be000 	C:\WINDOWS\System32\CRYPT32.dll
0x00007ffcc54e0000 - 0x00007ffcc54f2000 	C:\WINDOWS\System32\MSASN1.dll
0x00007ffcc3750000 - 0x00007ffcc377f000 	C:\WINDOWS\SYSTEM32\dwmapi.dll
0x00007ffcbee60000 - 0x00007ffcbee9b000 	C:\WINDOWS\SYSTEM32\dxcore.dll
0x00007ffca1a80000 - 0x00007ffca1cea000 	C:\WINDOWS\system32\nvspcap64.dll
0x00007ffcb56e0000 - 0x00007ffcb5723000 	C:\WINDOWS\SYSTEM32\icm32.dll
0x00007ffcc5900000 - 0x00007ffcc594b000 	C:\WINDOWS\SYSTEM32\powrprof.dll
0x00007ffcc5850000 - 0x00007ffcc5862000 	C:\WINDOWS\SYSTEM32\UMPDC.dll
0x00007ffcc57f0000 - 0x00007ffcc584b000 	C:\WINDOWS\SYSTEM32\WINSTA.dll
0x00007ffcc4260000 - 0x00007ffcc4352000 	C:\WINDOWS\SYSTEM32\dxgi.dll
0x00007ffcc1e80000 - 0x00007ffcc20e3000 	C:\WINDOWS\SYSTEM32\d3d11.dll
0x00007ffcb55f0000 - 0x00007ffcb56df000 	C:\WINDOWS\System32\DriverStore\FileRepository\nvacegpu.inf_amd64_0475a47d347fa46e\nvldumdx.dll
0x00007ffcbf0e0000 - 0x00007ffcbf111000 	C:\WINDOWS\SYSTEM32\cryptnet.dll
0x00007ffcc63e0000 - 0x00007ffcc63fd000 	C:\WINDOWS\System32\imagehlp.dll
0x00007ffc7cef0000 - 0x00007ffc7f590000 	C:\WINDOWS\System32\DriverStore\FileRepository\nvacegpu.inf_amd64_0475a47d347fa46e\nvwgf2umx.dll
0x00007ffcb9670000 - 0x00007ffcb9b5e000 	C:\WINDOWS\SYSTEM32\nvapi64.dll
0x00007ffcb60e0000 - 0x00007ffcb75d3000 	C:\WINDOWS\System32\DriverStore\FileRepository\iigd_dch_base.inf_amd64_b95c9a044993331b\igd10iumd64.dll
0x00007ffcc5310000 - 0x00007ffcc5339000 	C:\WINDOWS\SYSTEM32\ncrypt.dll
0x00007ffcc52d0000 - 0x00007ffcc530b000 	C:\WINDOWS\SYSTEM32\NTASN1.dll
0x00007ffcb2ab0000 - 0x00007ffcb4a15000 	C:\WINDOWS\System32\DriverStore\FileRepository\iigd_dch_base.inf_amd64_b95c9a044993331b\igc64.dll
0x00007ffcb55a0000 - 0x00007ffcb55e2000 	C:\Users\Administrator\AppData\Local\Temp\jna-146731693\jna9139565918459404723.dll
0x0000000050120000 - 0x0000000050151000 	C:\Users\Administrator\AppData\Roaming\.minecraft\runtime\jre-legacy\bin\jpeg.dll
0x0000026113fb0000 - 0x0000026114014000 	C:\Users\Administrator\AppData\Roaming\.minecraft\versions\1.12.2-forge-14.23.5.2860\1.12.2-forge-14.23.5.2860-natives-178460332724100\OpenAL64.dll
0x00007ffcb5500000 - 0x00007ffcb559c000 	C:\WINDOWS\SYSTEM32\dsound.dll
0x00007ffcbb080000 - 0x00007ffcbb0a6000 	C:\WINDOWS\SYSTEM32\winmmbase.dll
0x00007ffcbf050000 - 0x00007ffcbf0d5000 	C:\WINDOWS\System32\MMDevApi.dll
0x00007ffcbf2e0000 - 0x00007ffcbf461000 	C:\WINDOWS\SYSTEM32\AUDIOSES.DLL
0x00007ffca8970000 - 0x00007ffca8b54000 	C:\WINDOWS\SYSTEM32\dbghelp.dll

VM Arguments:
jvm_args: -XX:+UnlockExperimentalVMOptions -XX:+UseG1GC -XX:G1NewSizePercent=20 -XX:G1ReservePercent=20 -XX:MaxGCPauseMillis=50 -XX:G1HeapRegionSize=16M -Djava.net.preferIPv4Stack=true -Xmx4034m -javaagent:C:\Users\Administrator\AppData\Roaming\.minecraft\sklauncher-fx.jar -DMcEmu=net.minecraft.client.main.Main -Dlog4j2.formatMsgNoLookups=true -Djava.rmi.server.useCodebaseOnly=true -Dcom.sun.jndi.rmi.object.trustURLCodebase=false -Dcom.sun.jndi.cosnaming.object.trustURLCodebase=false -Dlog4j.configurationFile=C:\Users\Administrator\AppData\Roaming\.minecraft\assets\log_configs\log4j2-1.12.xml -XX:HeapDumpPath=MojangTricksIntelDriversForPerformance_javaw.exe_minecraft.exe.heapdump -Djava.library.path=C:\Users\Administrator\AppData\Roaming\.minecraft\versions\1.12.2-forge-14.23.5.2860\1.12.2-forge-14.23.5.2860-natives-178460332724100 -Dminecraft.launcher.brand=java-minecraft-launcher -Dminecraft.launcher.version=1.6.93 -Dminecraft.client.jar=C:\Users\Administrator\AppData\Roaming\.minecraft\versions\1.12.2-forge-14.23.5.2860\1.12.2-forge-14.23.5.2860.jar 
java_command: net.minecraft.launchwrapper.Launch --username iva_N --version 1.12.2-forge-14.23.5.2860 --gameDir C:\Users\Administrator\Documents\Curse\Minecraft\Instances\Infinite Alchemy --assetsDir C:\Users\Administrator\AppData\Roaming\.minecraft\assets --assetIndex 1.12 --uuid 94208b00cb7f390fb17ab7b6b839de03 --accessToken e9dda6e6908d431ab94d74d7536711ec --userType msa --tweakClass net.minecraftforge.fml.common.launcher.FMLTweaker --versionType Forge --width 854 --height 480
java_class_path (initial): C:\Users\Administrator\AppData\Roaming\.minecraft\libraries\net\minecraftforge\forge\1.12.2-14.23.5.2860\forge-1.12.2-14.23.5.2860.jar;C:\Users\Administrator\AppData\Roaming\.minecraft\libraries\org\ow2\asm\asm-debug-all\5.2\asm-debug-all-5.2.jar;C:\Users\Administrator\AppData\Roaming\.minecraft\libraries\net\minecraft\launchwrapper\1.12\launchwrapper-1.12.jar;C:\Users\Administrator\AppData\Roaming\.minecraft\libraries\org\jline\jline\3.5.1\jline-3.5.1.jar;C:\Users\Administrator\AppData\Roaming\.minecraft\libraries\com\typesafe\akka\akka-actor_2.11\2.3.3\akka-actor_2.11-2.3.3.jar;C:\Users\Administrator\AppData\Roaming\.minecraft\libraries\com\typesafe\config\1.2.1\config-1.2.1.jar;C:\Users\Administrator\AppData\Roaming\.minecraft\libraries\org\scala-lang\scala-actors-migration_2.11\1.1.0\scala-actors-migration_2.11-1.1.0.jar;C:\Users\Administrator\AppData\Roaming\.minecraft\libraries\org\scala-lang\scala-compiler\2.11.1\scala-compiler-2.11.1.jar;C:\Users\Administrator\AppData\Roaming\.minecraft\libraries\org\scala-lang\plugins\scala-continuations-library_2.11\1.0.2_mc\scala-continuations-library_2.11-1.0.2_mc.jar;C:\Users\Administrator\AppData\Roaming\.minecraft\libraries\org\scala-lang\plugins\scala-continuations-plugin_2.11.1\1.0.2_mc\scala-continuations-plugin_2.11.1-1.0.2_mc.jar;C:\Users\Administrator\AppData\Roaming\.minecraft\libraries\org\scala-lang\scala-library\2.11.1\scala-library-2.11.1.jar;C:\Users\Administrator\AppData\Roaming\.minecraft\libraries\org\scala-lang\scala-parser-combinators_2.11\1.0.1\scala-parser-combinators_2.11-1.0.1.jar;C:\Users\Administrator\AppData\Roaming\.minecraft\libraries\org\scala-lang\scala-reflect\2.11.1\scala-reflect-2.11.1.jar;C:\Users\Administrator\AppData\Roaming\.minecraft\libraries\org\scala-lang\scala-swing_2.11\1.0.1\scala-swing_2.11-1.0.1.jar;C:\Users\Administrator\AppData\Roaming\.minecraft\libraries\org\scala-lang\scala-xml_2.11\1.0.2\scala-xml_2.11-1.0.2.jar;C:\Users\Administrator\AppDa
Launcher Type: SUN_STANDARD

Environment Variables:
PATH=c:\program files\java\jre1.8.0_341\bin;C:\ProgramData\Oracle\Java\javapath;C:\Program Files (x86)\Common Files\Oracle\Java\javapath;C:\Program Files (x86)\Intel\iCLS Client\;C:\Program Files\Intel\iCLS Client\;C:\Windows\system32;C:\Windows;C:\Windows\System32\Wbem;C:\Windows\System32\WindowsPowerShell\v1.0\;C:\Program Files (x86)\Intel\Intel(R) Management Engine Components\DAL;C:\Program Files\Intel\Intel(R) Management Engine Components\DAL;C:\Program Files (x86)\Intel\Intel(R) Management Engine Components\IPT;C:\Program Files\Intel\Intel(R) Management Engine Components\IPT;C:\Program Files\Intel\WiFi\bin\;C:\Program Files\Common Files\Intel\WirelessCommon\;C:\WINDOWS\system32;C:\WINDOWS;C:\WINDOWS\System32\Wbem;C:\WINDOWS\System32\WindowsPowerShell\v1.0\;C:\WINDOWS\System32\OpenSSH\;C:\Program Files (x86)\NVIDIA Corporation\PhysX\Common;C:\Program Files (x86)\Windows Kits\8.1\Windows Performance Toolkit\;C:\Program Files\dotnet\;C:\Program Files\Microsoft SQL Server\130\Tools\Binn\;C:\Program Files\Common Files\Autodesk Shared\;C:\Program Files (x86)\Autodesk\Backburner\;C:\WINDOWS\system32;C:\WINDOWS;C:\WINDOWS\System32\Wbem;C:\WINDOWS\System32\WindowsPowerShell\v1.0\;C:\WINDOWS\System32\OpenSSH\;C:\Program Files\nodejs\;C:\Users\Administrator\AppData\Local\Microsoft\WindowsApps;;C:\Users\Administrator\AppData\Local\Programs\Microsoft VS Code\bin;C:\Users\Administrator\AppData\Roaming\npm
USERNAME=Administrator
OS=Windows_NT
PROCESSOR_IDENTIFIER=Intel64 Family 6 Model 142 Stepping 10, GenuineIntel



---------------  S Y S T E M  ---------------

OS: Windows 10.0 , 64 bit Build 19041 (10.0.19041.3636)

CPU:total 8 (4 cores per cpu, 2 threads per core) family 6 model 142 stepping 10, cmov, cx8, fxsr, mmx, sse, sse2, sse3, ssse3, sse4.1, sse4.2, popcnt, avx, avx2, aes, clmul, erms, 3dnowpref, lzcnt, ht, tsc, tscinvbit, bmi1, bmi2, adx

Memory: 4k page, physical 8262884k(738968k free), swap 15602916k(7417424k free)

vm_info: Java HotSpot(TM) 64-Bit Server VM (25.51-b03) for windows-amd64 JRE (1.8.0_51-b16), built on Jun  8 2015 18:03:07 by "java_re" with MS VC++ 10.0 (VS2010)

time: Mon Jul 29 08:56:13 2024
elapsed time: 218 seconds (0d 0h 3m 38s)

