[21:51:09] [Client thread/INFO] [JMLogger] JourneyMap log initialized.
[21:51:09] [Client thread/INFO] [JourneymapClient] initialize ENTER
[21:51:10] [Client thread/WARN] [PropertiesBase] core (Initialized) Bad configField entry during updateFrom(): optionsManagerViewed=null
[21:51:11] [Client thread/INFO] [?] Version: JourneyMap 1.12.2-5.7.1p2, built with Forge 14.23.5.2768
Forge: 14.23.5.2860
Environment: os.name, os.arch, java.version, user.country, user.language=null, game language=en_us, locale=en_us
Features: 
	RadarPlayers : singleplayer = true , multiplayer = true
	RadarAnimals : singleplayer = true , multiplayer = true
	RadarMobs : singleplayer = true , multiplayer = true
	RadarVillagers : singleplayer = true , multiplayer = true
	MapTopo : singleplayer = true , multiplayer = true
	MapSurface : singleplayer = true , multiplayer = true
	MapCaves : singleplayer = true , multiplayer = true
MiniMapProperties{state=Valid, file=journeymap.minimap.config, configVersion=5.7.1p2, zoomLevel=0, showPlayers=true, frameAlpha=100, compassFontScale=1, terrainAlpha=100, showEntityNames=true, enabled=true, showPlayerHeading=true, showVillagers=true, info2Label=Game Time, sizePercent=30, showDayNight=true, info3Label=Location, showMobs=true, showPets=true, preferredMapType=night, showCompass=true, mobDisplay=Small Dots, showReticle=true, orientation=North, systemTimeRealFormat=HH:mm:ss, shape=Circle, showSelf=true, info4Label=Biome, locationFormat=xzyv, playerDisplay=Small Dots, showGrid=true, reticleOrientation=Compass, gameTimeRealFormat=HH:mm:ss, showWaypoints=true, showCaves=true, showAnimals=true, showMobHeading=true, showWaypointLabels=true, locationFormatVerbose=true, position=Top Right, info1Label=Blank, fontScale=1}
MiniMapProperties{state=Valid, file=journeymap.minimap2.config, configVersion=5.7.1p2, zoomLevel=0, showPlayers=true, frameAlpha=100, compassFontScale=1, terrainAlpha=100, showEntityNames=true, enabled=true, showPlayerHeading=true, showVillagers=true, info2Label=Game Time, sizePercent=30, showDayNight=true, info3Label=Location, showMobs=true, showPets=true, preferredMapType=day, showCompass=true, mobDisplay=Small Dots, showReticle=true, orientation=North, systemTimeRealFormat=HH:mm:ss, shape=Rectangle, showSelf=true, info4Label=Biome, locationFormat=xzyv, playerDisplay=Small Dots, showGrid=true, reticleOrientation=Compass, gameTimeRealFormat=HH:mm:ss, showWaypoints=true, showCaves=true, showAnimals=true, showMobHeading=true, showWaypointLabels=true, locationFormatVerbose=true, position=Top Right, info1Label=Blank, fontScale=1}
FullMapProperties{state=Valid, file=journeymap.fullmap.config, configVersion=5.7.1p2, mobDisplay=Small Dots, zoomLevel=0, showPlayers=true, showSelf=true, locationFormat=xzyv, playerDisplay=Small Dots, showGrid=true, showEntityNames=true, showPlayerHeading=true, showVillagers=true, showWaypoints=true, showCaves=true, showAnimals=true, showMobHeading=true, showKeys=true, showWaypointLabels=true, locationFormatVerbose=true, showMobs=true, showPets=true, fontScale=1, preferredMapType=day}
WaypointProperties{state=Valid, file=journeymap.waypoint.config, configVersion=5.7.1p2, autoRemoveDeathpointDistance=2, createDeathpoints=true, showName=true, dateFormat=MM-dd-yyyy, autoRemoveDeathpoints=false, maxDistance=0, autoHideLabel=true, teleportCommand=/tp {name} {x} {y} {z}, showStaticBeam=true, minDistance=4, timeFormat=HH:mm:ss, boldLabel=false, textureSmall=true, showDeathpointlabel=true, showDistance=true, showRotatingBeam=true, fontScale=2, showTexture=true, managerEnabled=true, beaconEnabled=true}
WebMapProperties{state=Valid, file=journeymap.webmap.config, configVersion=5.7.1p2, zoomLevel=0, showWaypoints=true, showCaves=true, showSelf=true, port=8080, showGrid=true, showEntityNames=true, enabled=false, preferredMapType=day}
CoreProperties{state=Valid, file=journeymap.core.config, configVersion=5.7.1p2, verboseColorPalette=false, maxPlayersData=32, mapSurfaceAboveCaves=true, optionsManagerViewed=null, announceMod=true, colorPassive=#bbbbbb, renderOverlayEventTypeName=ALL, mapBlendWater=false, renderDistanceSurfaceMax=2, radarVerticalDistance=16, mapBlendGrass=true, recordCacheStats=false, hideSneakingEntities=true, revealShape=Circle, alwaysMapSurface=false, colorVillager=#88e188, mapPlants=false, colorPet=#0077ff, radarLateralDistance=64, mapBathymetry=false, mapCrops=true, maxMobsData=32, mapPlantShadows=false, alwaysMapCaves=false, checkUpdates=true, browserPoll=2000, mapBlendFoliage=true, mappingEnabled=true, colorPlayer=#ffffff, tileHighDisplayQuality=true, cacheVillagersData=2200, logLevel=INFO, maxVillagersData=32, maxAnimalsData=32, mapTransparency=true, tileRenderType=1, caveIgnoreGlass=true, mapTopography=true, renderDistanceCaveMax=2, mapAntialiasing=true, colorSelf=#0000ff, cachePlayersData=2000, cacheMobsData=3000, cachePlayerData=1000, splashViewed=5.7.1p2, colorHostile=#ff0000, cacheAnimalsData=3100, themeName=OceanMonument, mapCaveLighting=true, renderDelay=2, renderOverlayPreEvent=true, autoMapPoll=2000}
[21:51:11] [Client thread/INFO] [ClientAPI] [ClientAPI] built with JourneyMap API 1.4
[21:51:11] [Client thread/INFO] [PluginHelper] Initializing plugins with Client API: journeymap.client.api.impl.ClientAPI
[21:51:11] [Client thread/INFO] [PluginHelper] Initialized IClientPlugin: com.feed_the_beast.ftbutilities.integration.JourneyMapIntegration
[21:51:11] [Client thread/INFO] [PluginHelper] Initialized IClientPlugin: youyihj.zenutils.impl.util.JourneyMapPlugin
[21:51:11] [Client thread/INFO] [PluginHelper] Initialized IClientPlugin: com.teamacronymcoders.base.modules.journeymap.JourneyMapPlugin
[21:51:11] [Client thread/INFO] [JourneymapClient] initialize EXIT, elapsed count 0 avg ?ms
[21:52:31] [Client thread/ERROR] [FileHandler] Couldn't locate icons for Default: C:\Users\Administrator\Documents\Curse\Minecraft\Instances\Infinite%20Alchemy\mods\journeymap-1.12.2-5.7.1p2.jar\assets\journeymap\icon\entity
[21:52:31] [Client thread/INFO] [IconSetFileHandler] Added entity icons from journeymap:icon/entity. Success: false
[21:52:31] [Client thread/ERROR] [FileHandler] Couldn't locate icons for flat: C:\Users\Administrator\Documents\Curse\Minecraft\Instances\Infinite%20Alchemy\mods\journeymap-1.12.2-5.7.1p2.jar\assets\journeymap\theme\flat
[21:52:31] [Client thread/INFO] [ThemeLoader] Preloaded theme textures: 0
[21:52:50] [JM-VersionCheck-1/ERROR] [VersionCheck$1] Could not check version URL
java.net.UnknownHostException: api.cfwidget.com
	at java.net.Inet4AddressImpl.lookupAllHostAddr(Native Method) ~[?:1.8.0_51]
	at java.net.InetAddress$2.lookupAllHostAddr(InetAddress.java:928) ~[?:1.8.0_51]
	at java.net.InetAddress.getAddressesFromNameService(InetAddress.java:1323) ~[?:1.8.0_51]
	at java.net.InetAddress.getAllByName0(InetAddress.java:1276) ~[?:1.8.0_51]
	at java.net.InetAddress.getAllByName(InetAddress.java:1192) ~[?:1.8.0_51]
	at java.net.InetAddress.getAllByName(InetAddress.java:1126) ~[?:1.8.0_51]
	at org.apache.http.impl.conn.SystemDefaultDnsResolver.resolve(SystemDefaultDnsResolver.java:44) ~[httpclient-4.3.3.jar:4.3.3]
	at org.apache.http.impl.conn.HttpClientConnectionOperator.connect(HttpClientConnectionOperator.java:101) ~[httpclient-4.3.3.jar:4.3.3]
	at org.apache.http.impl.conn.PoolingHttpClientConnectionManager.connect(PoolingHttpClientConnectionManager.java:314) ~[httpclient-4.3.3.jar:4.3.3]
	at org.apache.http.impl.execchain.MainClientExec.establishRoute(MainClientExec.java:363) ~[httpclient-4.3.3.jar:4.3.3]
	at org.apache.http.impl.execchain.MainClientExec.execute(MainClientExec.java:219) ~[httpclient-4.3.3.jar:4.3.3]
	at org.apache.http.impl.execchain.ProtocolExec.execute(ProtocolExec.java:195) ~[httpclient-4.3.3.jar:4.3.3]
	at org.apache.http.impl.execchain.RetryExec.execute(RetryExec.java:86) ~[httpclient-4.3.3.jar:4.3.3]
	at org.apache.http.impl.execchain.RedirectExec.execute(RedirectExec.java:108) ~[httpclient-4.3.3.jar:4.3.3]
	at org.apache.http.impl.client.InternalHttpClient.doExecute(InternalHttpClient.java:186) ~[httpclient-4.3.3.jar:4.3.3]
	at org.apache.http.impl.client.CloseableHttpClient.execute(CloseableHttpClient.java:82) ~[httpclient-4.3.3.jar:4.3.3]
	at org.apache.http.impl.client.CloseableHttpClient.execute(CloseableHttpClient.java:106) ~[httpclient-4.3.3.jar:4.3.3]
	at org.apache.http.impl.client.CloseableHttpClient.execute(CloseableHttpClient.java:57) ~[httpclient-4.3.3.jar:4.3.3]
	at journeymap.common.version.VersionCheck$1.run(VersionCheck.java:131) [VersionCheck$1.class:1.12.2-5.7.1p2]
	at java.util.concurrent.Executors$RunnableAdapter.call(Executors.java:511) [?:1.8.0_51]
	at java.util.concurrent.FutureTask.run(FutureTask.java:266) [?:1.8.0_51]
	at java.util.concurrent.ThreadPoolExecutor.runWorker(ThreadPoolExecutor.java:1142) [?:1.8.0_51]
	at java.util.concurrent.ThreadPoolExecutor$Worker.run(ThreadPoolExecutor.java:617) [?:1.8.0_51]
	at java.lang.Thread.run(Thread.java:745) [?:1.8.0_51]
[22:03:48] [Client thread/WARN] [PropertiesBase] core (Initialized) Bad configField entry during updateFrom(): optionsManagerViewed=null
[22:03:52] [Client thread/INFO] [WaypointStore] Loaded 2 waypoints from C:\Users\Administrator\Documents\Curse\Minecraft\Instances\Infinite Alchemy\journeymap\data\sp\New World ~1~\waypoints
[22:03:52] [Client thread/INFO] [JourneymapClient] Mapping started in C:\Users\Administrator\Documents\Curse\Minecraft\Instances\Infinite Alchemy\journeymap\data\sp\New World ~1~\DIM0. Memory: 4048MB total, 1846MB free 
[22:03:52] [Client thread/INFO] [ChatLog] JourneyMap: Press [J]
[22:04:01] [Client thread/INFO] [ModBlockDelegate] Custom modded block handling enabled for biomesoplenty
[22:16:10] [Client thread/INFO] [JourneymapClient] Mapping halted in C:\Users\Administrator\Documents\Curse\Minecraft\Instances\Infinite Alchemy\journeymap\data\sp\New World ~1~\DIM0
